Downstream Task tut_urban
Resume False, load only efficient net True, from path /nlsasfs/home/nltm-pilot/sandeshk/icassp/checkpoints/checkpoint_58_maxpool_512.pth.tar 
BS 64
complete args Namespace(batch_size=64, down_stream_task='tut_urban', epochs=50, exp_root='./exp/tut_urban/Max/checkpoint_58_maxpool_512', final_pooling_type='Max', freeze_effnet=False, load_only_efficientNet=True, pretrain_path='/nlsasfs/home/nltm-pilot/sandeshk/icassp/checkpoints/checkpoint_58_maxpool_512.pth.tar', resume=False, tag='checkpoint_58_maxpool_512', use_l2='l2')
DeepCluster_downstream(
  (model_efficient): DataParallel(
    (module): EfficientNet(
      (_conv_stem): Conv2dDynamicSamePadding(1, 32, kernel_size=(3, 3), stride=(2, 2), bias=False)
      (_bn0): BatchNorm2d(32, eps=0.001, momentum=0.010000000000000009, affine=True, track_running_stats=True)
      (_blocks): ModuleList(
        (0): MBConvBlock(
          (_depthwise_conv): Conv2dDynamicSamePadding(32, 32, kernel_size=(3, 3), stride=[1, 1], groups=32, bias=False)
          (_bn1): BatchNorm2d(32, eps=0.001, momentum=0.010000000000000009, affine=True, track_running_stats=True)
          (_se_reduce): Conv2dStaticSamePadding(
            32, 8, kernel_size=(1, 1), stride=(1, 1)
            (static_padding): Identity()
          )
          (_se_expand): Conv2dStaticSamePadding(
            8, 32, kernel_size=(1, 1), stride=(1, 1)
            (static_padding): Identity()
          )
          (_project_conv): Conv2dDynamicSamePadding(32, 16, kernel_size=(1, 1), stride=(1, 1), bias=False)
          (_bn2): BatchNorm2d(16, eps=0.001, momentum=0.010000000000000009, affine=True, track_running_stats=True)
          (_swish): MemoryEfficientSwish()
        )
        (1): MBConvBlock(
          (_expand_conv): Conv2dDynamicSamePadding(16, 96, kernel_size=(1, 1), stride=(1, 1), bias=False)
          (_bn0): BatchNorm2d(96, eps=0.001, momentum=0.010000000000000009, affine=True, track_running_stats=True)
          (_depthwise_conv): Conv2dDynamicSamePadding(96, 96, kernel_size=(3, 3), stride=[2, 2], groups=96, bias=False)
          (_bn1): BatchNorm2d(96, eps=0.001, momentum=0.010000000000000009, affine=True, track_running_stats=True)
          (_se_reduce): Conv2dStaticSamePadding(
            96, 4, kernel_size=(1, 1), stride=(1, 1)
            (static_padding): Identity()
          )
          (_se_expand): Conv2dStaticSamePadding(
            4, 96, kernel_size=(1, 1), stride=(1, 1)
            (static_padding): Identity()
          )
          (_project_conv): Conv2dDynamicSamePadding(96, 24, kernel_size=(1, 1), stride=(1, 1), bias=False)
          (_bn2): BatchNorm2d(24, eps=0.001, momentum=0.010000000000000009, affine=True, track_running_stats=True)
          (_swish): MemoryEfficientSwish()
        )
        (2): MBConvBlock(
          (_expand_conv): Conv2dDynamicSamePadding(24, 144, kernel_size=(1, 1), stride=(1, 1), bias=False)
          (_bn0): BatchNorm2d(144, eps=0.001, momentum=0.010000000000000009, affine=True, track_running_stats=True)
          (_depthwise_conv): Conv2dDynamicSamePadding(144, 144, kernel_size=(3, 3), stride=(1, 1), groups=144, bias=False)
          (_bn1): BatchNorm2d(144, eps=0.001, momentum=0.010000000000000009, affine=True, track_running_stats=True)
          (_se_reduce): Conv2dStaticSamePadding(
            144, 6, kernel_size=(1, 1), stride=(1, 1)
            (static_padding): Identity()
          )
          (_se_expand): Conv2dStaticSamePadding(
            6, 144, kernel_size=(1, 1), stride=(1, 1)
            (static_padding): Identity()
          )
          (_project_conv): Conv2dDynamicSamePadding(144, 24, kernel_size=(1, 1), stride=(1, 1), bias=False)
          (_bn2): BatchNorm2d(24, eps=0.001, momentum=0.010000000000000009, affine=True, track_running_stats=True)
          (_swish): MemoryEfficientSwish()
        )
        (3): MBConvBlock(
          (_expand_conv): Conv2dDynamicSamePadding(24, 144, kernel_size=(1, 1), stride=(1, 1), bias=False)
          (_bn0): BatchNorm2d(144, eps=0.001, momentum=0.010000000000000009, affine=True, track_running_stats=True)
          (_depthwise_conv): Conv2dDynamicSamePadding(144, 144, kernel_size=(5, 5), stride=[2, 2], groups=144, bias=False)
          (_bn1): BatchNorm2d(144, eps=0.001, momentum=0.010000000000000009, affine=True, track_running_stats=True)
          (_se_reduce): Conv2dStaticSamePadding(
            144, 6, kernel_size=(1, 1), stride=(1, 1)
            (static_padding): Identity()
          )
          (_se_expand): Conv2dStaticSamePadding(
            6, 144, kernel_size=(1, 1), stride=(1, 1)
            (static_padding): Identity()
          )
          (_project_conv): Conv2dDynamicSamePadding(144, 40, kernel_size=(1, 1), stride=(1, 1), bias=False)
          (_bn2): BatchNorm2d(40, eps=0.001, momentum=0.010000000000000009, affine=True, track_running_stats=True)
          (_swish): MemoryEfficientSwish()
        )
        (4): MBConvBlock(
          (_expand_conv): Conv2dDynamicSamePadding(40, 240, kernel_size=(1, 1), stride=(1, 1), bias=False)
          (_bn0): BatchNorm2d(240, eps=0.001, momentum=0.010000000000000009, affine=True, track_running_stats=True)
          (_depthwise_conv): Conv2dDynamicSamePadding(240, 240, kernel_size=(5, 5), stride=(1, 1), groups=240, bias=False)
          (_bn1): BatchNorm2d(240, eps=0.001, momentum=0.010000000000000009, affine=True, track_running_stats=True)
          (_se_reduce): Conv2dStaticSamePadding(
            240, 10, kernel_size=(1, 1), stride=(1, 1)
            (static_padding): Identity()
          )
          (_se_expand): Conv2dStaticSamePadding(
            10, 240, kernel_size=(1, 1), stride=(1, 1)
            (static_padding): Identity()
          )
          (_project_conv): Conv2dDynamicSamePadding(240, 40, kernel_size=(1, 1), stride=(1, 1), bias=False)
          (_bn2): BatchNorm2d(40, eps=0.001, momentum=0.010000000000000009, affine=True, track_running_stats=True)
          (_swish): MemoryEfficientSwish()
        )
        (5): MBConvBlock(
          (_expand_conv): Conv2dDynamicSamePadding(40, 240, kernel_size=(1, 1), stride=(1, 1), bias=False)
          (_bn0): BatchNorm2d(240, eps=0.001, momentum=0.010000000000000009, affine=True, track_running_stats=True)
          (_depthwise_conv): Conv2dDynamicSamePadding(240, 240, kernel_size=(3, 3), stride=[2, 2], groups=240, bias=False)
          (_bn1): BatchNorm2d(240, eps=0.001, momentum=0.010000000000000009, affine=True, track_running_stats=True)
          (_se_reduce): Conv2dStaticSamePadding(
            240, 10, kernel_size=(1, 1), stride=(1, 1)
            (static_padding): Identity()
          )
          (_se_expand): Conv2dStaticSamePadding(
            10, 240, kernel_size=(1, 1), stride=(1, 1)
            (static_padding): Identity()
          )
          (_project_conv): Conv2dDynamicSamePadding(240, 80, kernel_size=(1, 1), stride=(1, 1), bias=False)
          (_bn2): BatchNorm2d(80, eps=0.001, momentum=0.010000000000000009, affine=True, track_running_stats=True)
          (_swish): MemoryEfficientSwish()
        )
        (6): MBConvBlock(
          (_expand_conv): Conv2dDynamicSamePadding(80, 480, kernel_size=(1, 1), stride=(1, 1), bias=False)
          (_bn0): BatchNorm2d(480, eps=0.001, momentum=0.010000000000000009, affine=True, track_running_stats=True)
          (_depthwise_conv): Conv2dDynamicSamePadding(480, 480, kernel_size=(3, 3), stride=(1, 1), groups=480, bias=False)
          (_bn1): BatchNorm2d(480, eps=0.001, momentum=0.010000000000000009, affine=True, track_running_stats=True)
          (_se_reduce): Conv2dStaticSamePadding(
            480, 20, kernel_size=(1, 1), stride=(1, 1)
            (static_padding): Identity()
          )
          (_se_expand): Conv2dStaticSamePadding(
            20, 480, kernel_size=(1, 1), stride=(1, 1)
            (static_padding): Identity()
          )
          (_project_conv): Conv2dDynamicSamePadding(480, 80, kernel_size=(1, 1), stride=(1, 1), bias=False)
          (_bn2): BatchNorm2d(80, eps=0.001, momentum=0.010000000000000009, affine=True, track_running_stats=True)
          (_swish): MemoryEfficientSwish()
        )
        (7): MBConvBlock(
          (_expand_conv): Conv2dDynamicSamePadding(80, 480, kernel_size=(1, 1), stride=(1, 1), bias=False)
          (_bn0): BatchNorm2d(480, eps=0.001, momentum=0.010000000000000009, affine=True, track_running_stats=True)
          (_depthwise_conv): Conv2dDynamicSamePadding(480, 480, kernel_size=(3, 3), stride=(1, 1), groups=480, bias=False)
          (_bn1): BatchNorm2d(480, eps=0.001, momentum=0.010000000000000009, affine=True, track_running_stats=True)
          (_se_reduce): Conv2dStaticSamePadding(
            480, 20, kernel_size=(1, 1), stride=(1, 1)
            (static_padding): Identity()
          )
          (_se_expand): Conv2dStaticSamePadding(
            20, 480, kernel_size=(1, 1), stride=(1, 1)
            (static_padding): Identity()
          )
          (_project_conv): Conv2dDynamicSamePadding(480, 80, kernel_size=(1, 1), stride=(1, 1), bias=False)
          (_bn2): BatchNorm2d(80, eps=0.001, momentum=0.010000000000000009, affine=True, track_running_stats=True)
          (_swish): MemoryEfficientSwish()
        )
        (8): MBConvBlock(
          (_expand_conv): Conv2dDynamicSamePadding(80, 480, kernel_size=(1, 1), stride=(1, 1), bias=False)
          (_bn0): BatchNorm2d(480, eps=0.001, momentum=0.010000000000000009, affine=True, track_running_stats=True)
          (_depthwise_conv): Conv2dDynamicSamePadding(480, 480, kernel_size=(5, 5), stride=[1, 1], groups=480, bias=False)
          (_bn1): BatchNorm2d(480, eps=0.001, momentum=0.010000000000000009, affine=True, track_running_stats=True)
          (_se_reduce): Conv2dStaticSamePadding(
            480, 20, kernel_size=(1, 1), stride=(1, 1)
            (static_padding): Identity()
          )
          (_se_expand): Conv2dStaticSamePadding(
            20, 480, kernel_size=(1, 1), stride=(1, 1)
            (static_padding): Identity()
          )
          (_project_conv): Conv2dDynamicSamePadding(480, 112, kernel_size=(1, 1), stride=(1, 1), bias=False)
          (_bn2): BatchNorm2d(112, eps=0.001, momentum=0.010000000000000009, affine=True, track_running_stats=True)
          (_swish): MemoryEfficientSwish()
        )
        (9): MBConvBlock(
          (_expand_conv): Conv2dDynamicSamePadding(112, 672, kernel_size=(1, 1), stride=(1, 1), bias=False)
          (_bn0): BatchNorm2d(672, eps=0.001, momentum=0.010000000000000009, affine=True, track_running_stats=True)
          (_depthwise_conv): Conv2dDynamicSamePadding(672, 672, kernel_size=(5, 5), stride=(1, 1), groups=672, bias=False)
          (_bn1): BatchNorm2d(672, eps=0.001, momentum=0.010000000000000009, affine=True, track_running_stats=True)
          (_se_reduce): Conv2dStaticSamePadding(
            672, 28, kernel_size=(1, 1), stride=(1, 1)
            (static_padding): Identity()
          )
          (_se_expand): Conv2dStaticSamePadding(
            28, 672, kernel_size=(1, 1), stride=(1, 1)
            (static_padding): Identity()
          )
          (_project_conv): Conv2dDynamicSamePadding(672, 112, kernel_size=(1, 1), stride=(1, 1), bias=False)
          (_bn2): BatchNorm2d(112, eps=0.001, momentum=0.010000000000000009, affine=True, track_running_stats=True)
          (_swish): MemoryEfficientSwish()
        )
        (10): MBConvBlock(
          (_expand_conv): Conv2dDynamicSamePadding(112, 672, kernel_size=(1, 1), stride=(1, 1), bias=False)
          (_bn0): BatchNorm2d(672, eps=0.001, momentum=0.010000000000000009, affine=True, track_running_stats=True)
          (_depthwise_conv): Conv2dDynamicSamePadding(672, 672, kernel_size=(5, 5), stride=(1, 1), groups=672, bias=False)
          (_bn1): BatchNorm2d(672, eps=0.001, momentum=0.010000000000000009, affine=True, track_running_stats=True)
          (_se_reduce): Conv2dStaticSamePadding(
            672, 28, kernel_size=(1, 1), stride=(1, 1)
            (static_padding): Identity()
          )
          (_se_expand): Conv2dStaticSamePadding(
            28, 672, kernel_size=(1, 1), stride=(1, 1)
            (static_padding): Identity()
          )
          (_project_conv): Conv2dDynamicSamePadding(672, 112, kernel_size=(1, 1), stride=(1, 1), bias=False)
          (_bn2): BatchNorm2d(112, eps=0.001, momentum=0.010000000000000009, affine=True, track_running_stats=True)
          (_swish): MemoryEfficientSwish()
        )
        (11): MBConvBlock(
          (_expand_conv): Conv2dDynamicSamePadding(112, 672, kernel_size=(1, 1), stride=(1, 1), bias=False)
          (_bn0): BatchNorm2d(672, eps=0.001, momentum=0.010000000000000009, affine=True, track_running_stats=True)
          (_depthwise_conv): Conv2dDynamicSamePadding(672, 672, kernel_size=(5, 5), stride=[2, 2], groups=672, bias=False)
          (_bn1): BatchNorm2d(672, eps=0.001, momentum=0.010000000000000009, affine=True, track_running_stats=True)
          (_se_reduce): Conv2dStaticSamePadding(
            672, 28, kernel_size=(1, 1), stride=(1, 1)
            (static_padding): Identity()
          )
          (_se_expand): Conv2dStaticSamePadding(
            28, 672, kernel_size=(1, 1), stride=(1, 1)
            (static_padding): Identity()
          )
          (_project_conv): Conv2dDynamicSamePadding(672, 192, kernel_size=(1, 1), stride=(1, 1), bias=False)
          (_bn2): BatchNorm2d(192, eps=0.001, momentum=0.010000000000000009, affine=True, track_running_stats=True)
          (_swish): MemoryEfficientSwish()
        )
        (12): MBConvBlock(
          (_expand_conv): Conv2dDynamicSamePadding(192, 1152, kernel_size=(1, 1), stride=(1, 1), bias=False)
          (_bn0): BatchNorm2d(1152, eps=0.001, momentum=0.010000000000000009, affine=True, track_running_stats=True)
          (_depthwise_conv): Conv2dDynamicSamePadding(1152, 1152, kernel_size=(5, 5), stride=(1, 1), groups=1152, bias=False)
          (_bn1): BatchNorm2d(1152, eps=0.001, momentum=0.010000000000000009, affine=True, track_running_stats=True)
          (_se_reduce): Conv2dStaticSamePadding(
            1152, 48, kernel_size=(1, 1), stride=(1, 1)
            (static_padding): Identity()
          )
          (_se_expand): Conv2dStaticSamePadding(
            48, 1152, kernel_size=(1, 1), stride=(1, 1)
            (static_padding): Identity()
          )
          (_project_conv): Conv2dDynamicSamePadding(1152, 192, kernel_size=(1, 1), stride=(1, 1), bias=False)
          (_bn2): BatchNorm2d(192, eps=0.001, momentum=0.010000000000000009, affine=True, track_running_stats=True)
          (_swish): MemoryEfficientSwish()
        )
        (13): MBConvBlock(
          (_expand_conv): Conv2dDynamicSamePadding(192, 1152, kernel_size=(1, 1), stride=(1, 1), bias=False)
          (_bn0): BatchNorm2d(1152, eps=0.001, momentum=0.010000000000000009, affine=True, track_running_stats=True)
          (_depthwise_conv): Conv2dDynamicSamePadding(1152, 1152, kernel_size=(5, 5), stride=(1, 1), groups=1152, bias=False)
          (_bn1): BatchNorm2d(1152, eps=0.001, momentum=0.010000000000000009, affine=True, track_running_stats=True)
          (_se_reduce): Conv2dStaticSamePadding(
            1152, 48, kernel_size=(1, 1), stride=(1, 1)
            (static_padding): Identity()
          )
          (_se_expand): Conv2dStaticSamePadding(
            48, 1152, kernel_size=(1, 1), stride=(1, 1)
            (static_padding): Identity()
          )
          (_project_conv): Conv2dDynamicSamePadding(1152, 192, kernel_size=(1, 1), stride=(1, 1), bias=False)
          (_bn2): BatchNorm2d(192, eps=0.001, momentum=0.010000000000000009, affine=True, track_running_stats=True)
          (_swish): MemoryEfficientSwish()
        )
        (14): MBConvBlock(
          (_expand_conv): Conv2dDynamicSamePadding(192, 1152, kernel_size=(1, 1), stride=(1, 1), bias=False)
          (_bn0): BatchNorm2d(1152, eps=0.001, momentum=0.010000000000000009, affine=True, track_running_stats=True)
          (_depthwise_conv): Conv2dDynamicSamePadding(1152, 1152, kernel_size=(5, 5), stride=(1, 1), groups=1152, bias=False)
          (_bn1): BatchNorm2d(1152, eps=0.001, momentum=0.010000000000000009, affine=True, track_running_stats=True)
          (_se_reduce): Conv2dStaticSamePadding(
            1152, 48, kernel_size=(1, 1), stride=(1, 1)
            (static_padding): Identity()
          )
          (_se_expand): Conv2dStaticSamePadding(
            48, 1152, kernel_size=(1, 1), stride=(1, 1)
            (static_padding): Identity()
          )
          (_project_conv): Conv2dDynamicSamePadding(1152, 192, kernel_size=(1, 1), stride=(1, 1), bias=False)
          (_bn2): BatchNorm2d(192, eps=0.001, momentum=0.010000000000000009, affine=True, track_running_stats=True)
          (_swish): MemoryEfficientSwish()
        )
        (15): MBConvBlock(
          (_expand_conv): Conv2dDynamicSamePadding(192, 1152, kernel_size=(1, 1), stride=(1, 1), bias=False)
          (_bn0): BatchNorm2d(1152, eps=0.001, momentum=0.010000000000000009, affine=True, track_running_stats=True)
          (_depthwise_conv): Conv2dDynamicSamePadding(1152, 1152, kernel_size=(3, 3), stride=[1, 1], groups=1152, bias=False)
          (_bn1): BatchNorm2d(1152, eps=0.001, momentum=0.010000000000000009, affine=True, track_running_stats=True)
          (_se_reduce): Conv2dStaticSamePadding(
            1152, 48, kernel_size=(1, 1), stride=(1, 1)
            (static_padding): Identity()
          )
          (_se_expand): Conv2dStaticSamePadding(
            48, 1152, kernel_size=(1, 1), stride=(1, 1)
            (static_padding): Identity()
          )
          (_project_conv): Conv2dDynamicSamePadding(1152, 320, kernel_size=(1, 1), stride=(1, 1), bias=False)
          (_bn2): BatchNorm2d(320, eps=0.001, momentum=0.010000000000000009, affine=True, track_running_stats=True)
          (_swish): MemoryEfficientSwish()
        )
      )
      (_conv_head): Conv2dDynamicSamePadding(320, 1280, kernel_size=(1, 1), stride=(1, 1), bias=False)
      (_bn1): BatchNorm2d(1280, eps=0.001, momentum=0.010000000000000009, affine=True, track_running_stats=True)
      (_avg_pooling): AdaptiveMaxPool2d(output_size=1)
      (_swish): MemoryEfficientSwish()
    )
  )
  (classifier): Linear(in_features=1280, out_features=10, bias=True)
)
loading from checkpoint only weights : /nlsasfs/home/nltm-pilot/sandeshk/icassp/checkpoints/checkpoint_58_maxpool_512.pth.tar
Model missing keys
['classifier.weight', 'classifier.bias']
Model unexpected keys
[]
done loading
Starting To Train
epoch :1 Train loss: 1.4593316316604614 Train accuracy: 0.47174126102580854 Valid loss: 1.491554617881775 Valid accuracy: 0.44638602065131056
epoch :2 Train loss: 1.1034412384033203 Train accuracy: 0.5998039856256125 Valid loss: 1.3392502069473267 Valid accuracy: 0.5007942811755361
epoch :3 Train loss: 0.5213777422904968 Train accuracy: 0.8015354459327018 Valid loss: 1.1242891550064087 Valid accuracy: 0.6239078633836378
epoch :4 Train loss: 0.4090528190135956 Train accuracy: 0.8549493629532833 Valid loss: 1.2105059623718262 Valid accuracy: 0.6143764892772041
epoch :5 Train loss: 0.3160150647163391 Train accuracy: 0.8797778503756942 Valid loss: 1.2911218404769897 Valid accuracy: 0.6294678316123908
epoch :6 Train loss: 0.23891666531562805 Train accuracy: 0.9122835674616139 Valid loss: 1.3241292238235474 Valid accuracy: 0.636219221604448
epoch :7 Train loss: 0.10264243185520172 Train accuracy: 0.9663508657301535 Valid loss: 1.2630501985549927 Valid accuracy: 0.6509134233518665
epoch :8 Train loss: 0.10364162176847458 Train accuracy: 0.9634106501143417 Valid loss: 1.546705722808838 Valid accuracy: 0.6485305798252582
epoch :9 Train loss: 0.06701089441776276 Train accuracy: 0.9772950016334532 Valid loss: 1.6875922679901123 Valid accuracy: 0.6298649722001588
epoch :10 Train loss: 0.10424764454364777 Train accuracy: 0.962593923554394 Valid loss: 1.862302303314209 Valid accuracy: 0.6187450357426529
epoch :11 Train loss: 0.07939571887254715 Train accuracy: 0.975171512577589 Valid loss: 1.7539199590682983 Valid accuracy: 0.6453534551231136
epoch :12 Train loss: 0.0551694892346859 Train accuracy: 0.9835021234890559 Valid loss: 1.6220624446868896 Valid accuracy: 0.6608419380460683
epoch :13 Train loss: 0.01904027909040451 Train accuracy: 0.9950996406403136 Valid loss: 1.6875606775283813 Valid accuracy: 0.653296266878475
epoch :14 Train loss: 0.08486273139715195 Train accuracy: 0.9722312969617772 Valid loss: 1.866416096687317 Valid accuracy: 0.6469420174741859
epoch :15 Train loss: 0.07377411425113678 Train accuracy: 0.9737014047696831 Valid loss: 2.1265416145324707 Valid accuracy: 0.6239078633836378
epoch :16 Train loss: 0.07943414896726608 Train accuracy: 0.9717412610258086 Valid loss: 2.2127809524536133 Valid accuracy: 0.6211278792692613
epoch :17 Train loss: 0.06833088397979736 Train accuracy: 0.9772950016334532 Valid loss: 2.2406790256500244 Valid accuracy: 0.6286735504368547
epoch :18 Train loss: 0.01740526407957077 Train accuracy: 0.9941195687683764 Valid loss: 2.04599666595459 Valid accuracy: 0.6513105639396346
epoch :19 Train loss: 0.011060642078518867 Train accuracy: 0.9970597843841882 Valid loss: 1.7990633249282837 Valid accuracy: 0.6743447180301827
epoch :20 Train loss: 0.016410132870078087 Train accuracy: 0.9950996406403136 Valid loss: 1.9952787160873413 Valid accuracy: 0.6580619539316919
epoch :21 Train loss: 0.042352207005023956 Train accuracy: 0.9831754328650768 Valid loss: 2.099682092666626 Valid accuracy: 0.6401906274821286
epoch :22 Train loss: 0.016202639788389206 Train accuracy: 0.9949362953283241 Valid loss: 2.0320940017700195 Valid accuracy: 0.6556791104050834
epoch :23 Train loss: 0.014111019670963287 Train accuracy: 0.9959163672002613 Valid loss: 1.8793407678604126 Valid accuracy: 0.6517077045274027
epoch :24 Train loss: 0.03302491083741188 Train accuracy: 0.9882391375367527 Valid loss: 2.0541653633117676 Valid accuracy: 0.6469420174741859
epoch :25 Train loss: 0.039267487823963165 Train accuracy: 0.9849722312969618 Valid loss: 2.0943210124969482 Valid accuracy: 0.6326449563145353
epoch :26 Train loss: 0.008190732449293137 Train accuracy: 0.9973864750081672 Valid loss: 1.9548457860946655 Valid accuracy: 0.6795075456711676
epoch :27 Train loss: 0.02040639892220497 Train accuracy: 0.9926494609604705 Valid loss: 2.0721774101257324 Valid accuracy: 0.6441620333598094
epoch :28 Train loss: 0.02384023554623127 Train accuracy: 0.991342698464554 Valid loss: 2.2311534881591797 Valid accuracy: 0.6461477362986497
epoch :29 Train loss: 0.0259418785572052 Train accuracy: 0.9905259719046063 Valid loss: 2.2185468673706055 Valid accuracy: 0.6608419380460683
epoch :30 Train loss: 0.008120892569422722 Train accuracy: 0.9970597843841882 Valid loss: 1.9204760789871216 Valid accuracy: 0.6826846703733122
epoch :31 Train loss: 0.010995572432875633 Train accuracy: 0.99640640313623 Valid loss: 2.0108792781829834 Valid accuracy: 0.6687847498014297
epoch :32 Train loss: 0.05944034084677696 Train accuracy: 0.9790918000653381 Valid loss: 2.3020455837249756 Valid accuracy: 0.647339158061954
epoch :33 Train loss: 0.0020432674791663885 Train accuracy: 0.9995099640640314 Valid loss: 1.956153154373169 Valid accuracy: 0.6743447180301827
epoch :34 Train loss: 0.0172411035746336 Train accuracy: 0.9944462593923554 Valid loss: 2.247046947479248 Valid accuracy: 0.6628276409849087
epoch :35 Train loss: 0.02851611003279686 Train accuracy: 0.9906893172165959 Valid loss: 2.1700632572174072 Valid accuracy: 0.6572676727561557
epoch :36 Train loss: 0.01894344575703144 Train accuracy: 0.9942829140803658 Valid loss: 2.1832830905914307 Valid accuracy: 0.6664019062748213
epoch :37 Train loss: 0.017377259209752083 Train accuracy: 0.994609604704345 Valid loss: 2.091916799545288 Valid accuracy: 0.6683876092136616
epoch :38 Train loss: 0.010463183745741844 Train accuracy: 0.9973864750081672 Valid loss: 2.1502537727355957 Valid accuracy: 0.6667990468625894
epoch :39 Train loss: 0.02148418501019478 Train accuracy: 0.9928128062724599 Valid loss: 2.185242176055908 Valid accuracy: 0.6540905480540111
epoch :40 Train loss: 0.01442551240324974 Train accuracy: 0.9949362953283241 Valid loss: 2.292720079421997 Valid accuracy: 0.6525019857029388
epoch :41 Train loss: 0.025986110791563988 Train accuracy: 0.9918327344005227 Valid loss: 2.1882758140563965 Valid accuracy: 0.6664019062748213
epoch :42 Train loss: 0.00815054401755333 Train accuracy: 0.9972231296961778 Valid loss: 2.540144920349121 Valid accuracy: 0.6393963463065926
epoch :43 Train loss: 0.040339257568120956 Train accuracy: 0.9879124469127736 Valid loss: 2.5036463737487793 Valid accuracy: 0.6334392374900715
epoch :44 Train loss: 0.00908572692424059 Train accuracy: 0.9973864750081672 Valid loss: 2.267517566680908 Valid accuracy: 0.6497220015885623
epoch :45 Train loss: 0.0242500938475132 Train accuracy: 0.9918327344005227 Valid loss: 2.221714973449707 Valid accuracy: 0.6469420174741859
epoch :46 Train loss: 0.012063791044056416 Train accuracy: 0.9950996406403136 Valid loss: 2.1363227367401123 Valid accuracy: 0.6425734710087371
epoch :47 Train loss: 0.006820035632699728 Train accuracy: 0.9975498203201568 Valid loss: 2.283052444458008 Valid accuracy: 0.6600476568705321
epoch :48 Train loss: 0.01607000268995762 Train accuracy: 0.9954263312642927 Valid loss: 2.2937490940093994 Valid accuracy: 0.6517077045274027
epoch :49 Train loss: 0.01845145970582962 Train accuracy: 0.9936295328324077 Valid loss: 2.3891165256500244 Valid accuracy: 0.6560762509928515
epoch :50 Train loss: 0.0023451936431229115 Train accuracy: 0.9995099640640314 Valid loss: 2.116001844406128 Valid accuracy: 0.6866560762509929
max train accuracy : 0.9995099640640314
max valid accuracy : 0.6866560762509929
