Downstream Task tut_urban
Resume False, load only efficient net True, from path /nlsasfs/home/nltm-pilot/sandeshk/icassp/checkpoints/checkpoint_58_maxpool_512.pth.tar 
BS 64
complete args Namespace(batch_size=64, down_stream_task='tut_urban', epochs=50, exp_root='./exp/tut_urban/Max/checkpoint_58_maxpool_512_freeze', final_pooling_type='Max', freeze_effnet=True, load_only_efficientNet=True, pretrain_path='/nlsasfs/home/nltm-pilot/sandeshk/icassp/checkpoints/checkpoint_58_maxpool_512.pth.tar', resume=False, tag='checkpoint_58_maxpool_512_freeze', use_l2='l2')
DeepCluster_downstream(
  (model_efficient): DataParallel(
    (module): EfficientNet(
      (_conv_stem): Conv2dDynamicSamePadding(1, 32, kernel_size=(3, 3), stride=(2, 2), bias=False)
      (_bn0): BatchNorm2d(32, eps=0.001, momentum=0.010000000000000009, affine=True, track_running_stats=True)
      (_blocks): ModuleList(
        (0): MBConvBlock(
          (_depthwise_conv): Conv2dDynamicSamePadding(32, 32, kernel_size=(3, 3), stride=[1, 1], groups=32, bias=False)
          (_bn1): BatchNorm2d(32, eps=0.001, momentum=0.010000000000000009, affine=True, track_running_stats=True)
          (_se_reduce): Conv2dStaticSamePadding(
            32, 8, kernel_size=(1, 1), stride=(1, 1)
            (static_padding): Identity()
          )
          (_se_expand): Conv2dStaticSamePadding(
            8, 32, kernel_size=(1, 1), stride=(1, 1)
            (static_padding): Identity()
          )
          (_project_conv): Conv2dDynamicSamePadding(32, 16, kernel_size=(1, 1), stride=(1, 1), bias=False)
          (_bn2): BatchNorm2d(16, eps=0.001, momentum=0.010000000000000009, affine=True, track_running_stats=True)
          (_swish): MemoryEfficientSwish()
        )
        (1): MBConvBlock(
          (_expand_conv): Conv2dDynamicSamePadding(16, 96, kernel_size=(1, 1), stride=(1, 1), bias=False)
          (_bn0): BatchNorm2d(96, eps=0.001, momentum=0.010000000000000009, affine=True, track_running_stats=True)
          (_depthwise_conv): Conv2dDynamicSamePadding(96, 96, kernel_size=(3, 3), stride=[2, 2], groups=96, bias=False)
          (_bn1): BatchNorm2d(96, eps=0.001, momentum=0.010000000000000009, affine=True, track_running_stats=True)
          (_se_reduce): Conv2dStaticSamePadding(
            96, 4, kernel_size=(1, 1), stride=(1, 1)
            (static_padding): Identity()
          )
          (_se_expand): Conv2dStaticSamePadding(
            4, 96, kernel_size=(1, 1), stride=(1, 1)
            (static_padding): Identity()
          )
          (_project_conv): Conv2dDynamicSamePadding(96, 24, kernel_size=(1, 1), stride=(1, 1), bias=False)
          (_bn2): BatchNorm2d(24, eps=0.001, momentum=0.010000000000000009, affine=True, track_running_stats=True)
          (_swish): MemoryEfficientSwish()
        )
        (2): MBConvBlock(
          (_expand_conv): Conv2dDynamicSamePadding(24, 144, kernel_size=(1, 1), stride=(1, 1), bias=False)
          (_bn0): BatchNorm2d(144, eps=0.001, momentum=0.010000000000000009, affine=True, track_running_stats=True)
          (_depthwise_conv): Conv2dDynamicSamePadding(144, 144, kernel_size=(3, 3), stride=(1, 1), groups=144, bias=False)
          (_bn1): BatchNorm2d(144, eps=0.001, momentum=0.010000000000000009, affine=True, track_running_stats=True)
          (_se_reduce): Conv2dStaticSamePadding(
            144, 6, kernel_size=(1, 1), stride=(1, 1)
            (static_padding): Identity()
          )
          (_se_expand): Conv2dStaticSamePadding(
            6, 144, kernel_size=(1, 1), stride=(1, 1)
            (static_padding): Identity()
          )
          (_project_conv): Conv2dDynamicSamePadding(144, 24, kernel_size=(1, 1), stride=(1, 1), bias=False)
          (_bn2): BatchNorm2d(24, eps=0.001, momentum=0.010000000000000009, affine=True, track_running_stats=True)
          (_swish): MemoryEfficientSwish()
        )
        (3): MBConvBlock(
          (_expand_conv): Conv2dDynamicSamePadding(24, 144, kernel_size=(1, 1), stride=(1, 1), bias=False)
          (_bn0): BatchNorm2d(144, eps=0.001, momentum=0.010000000000000009, affine=True, track_running_stats=True)
          (_depthwise_conv): Conv2dDynamicSamePadding(144, 144, kernel_size=(5, 5), stride=[2, 2], groups=144, bias=False)
          (_bn1): BatchNorm2d(144, eps=0.001, momentum=0.010000000000000009, affine=True, track_running_stats=True)
          (_se_reduce): Conv2dStaticSamePadding(
            144, 6, kernel_size=(1, 1), stride=(1, 1)
            (static_padding): Identity()
          )
          (_se_expand): Conv2dStaticSamePadding(
            6, 144, kernel_size=(1, 1), stride=(1, 1)
            (static_padding): Identity()
          )
          (_project_conv): Conv2dDynamicSamePadding(144, 40, kernel_size=(1, 1), stride=(1, 1), bias=False)
          (_bn2): BatchNorm2d(40, eps=0.001, momentum=0.010000000000000009, affine=True, track_running_stats=True)
          (_swish): MemoryEfficientSwish()
        )
        (4): MBConvBlock(
          (_expand_conv): Conv2dDynamicSamePadding(40, 240, kernel_size=(1, 1), stride=(1, 1), bias=False)
          (_bn0): BatchNorm2d(240, eps=0.001, momentum=0.010000000000000009, affine=True, track_running_stats=True)
          (_depthwise_conv): Conv2dDynamicSamePadding(240, 240, kernel_size=(5, 5), stride=(1, 1), groups=240, bias=False)
          (_bn1): BatchNorm2d(240, eps=0.001, momentum=0.010000000000000009, affine=True, track_running_stats=True)
          (_se_reduce): Conv2dStaticSamePadding(
            240, 10, kernel_size=(1, 1), stride=(1, 1)
            (static_padding): Identity()
          )
          (_se_expand): Conv2dStaticSamePadding(
            10, 240, kernel_size=(1, 1), stride=(1, 1)
            (static_padding): Identity()
          )
          (_project_conv): Conv2dDynamicSamePadding(240, 40, kernel_size=(1, 1), stride=(1, 1), bias=False)
          (_bn2): BatchNorm2d(40, eps=0.001, momentum=0.010000000000000009, affine=True, track_running_stats=True)
          (_swish): MemoryEfficientSwish()
        )
        (5): MBConvBlock(
          (_expand_conv): Conv2dDynamicSamePadding(40, 240, kernel_size=(1, 1), stride=(1, 1), bias=False)
          (_bn0): BatchNorm2d(240, eps=0.001, momentum=0.010000000000000009, affine=True, track_running_stats=True)
          (_depthwise_conv): Conv2dDynamicSamePadding(240, 240, kernel_size=(3, 3), stride=[2, 2], groups=240, bias=False)
          (_bn1): BatchNorm2d(240, eps=0.001, momentum=0.010000000000000009, affine=True, track_running_stats=True)
          (_se_reduce): Conv2dStaticSamePadding(
            240, 10, kernel_size=(1, 1), stride=(1, 1)
            (static_padding): Identity()
          )
          (_se_expand): Conv2dStaticSamePadding(
            10, 240, kernel_size=(1, 1), stride=(1, 1)
            (static_padding): Identity()
          )
          (_project_conv): Conv2dDynamicSamePadding(240, 80, kernel_size=(1, 1), stride=(1, 1), bias=False)
          (_bn2): BatchNorm2d(80, eps=0.001, momentum=0.010000000000000009, affine=True, track_running_stats=True)
          (_swish): MemoryEfficientSwish()
        )
        (6): MBConvBlock(
          (_expand_conv): Conv2dDynamicSamePadding(80, 480, kernel_size=(1, 1), stride=(1, 1), bias=False)
          (_bn0): BatchNorm2d(480, eps=0.001, momentum=0.010000000000000009, affine=True, track_running_stats=True)
          (_depthwise_conv): Conv2dDynamicSamePadding(480, 480, kernel_size=(3, 3), stride=(1, 1), groups=480, bias=False)
          (_bn1): BatchNorm2d(480, eps=0.001, momentum=0.010000000000000009, affine=True, track_running_stats=True)
          (_se_reduce): Conv2dStaticSamePadding(
            480, 20, kernel_size=(1, 1), stride=(1, 1)
            (static_padding): Identity()
          )
          (_se_expand): Conv2dStaticSamePadding(
            20, 480, kernel_size=(1, 1), stride=(1, 1)
            (static_padding): Identity()
          )
          (_project_conv): Conv2dDynamicSamePadding(480, 80, kernel_size=(1, 1), stride=(1, 1), bias=False)
          (_bn2): BatchNorm2d(80, eps=0.001, momentum=0.010000000000000009, affine=True, track_running_stats=True)
          (_swish): MemoryEfficientSwish()
        )
        (7): MBConvBlock(
          (_expand_conv): Conv2dDynamicSamePadding(80, 480, kernel_size=(1, 1), stride=(1, 1), bias=False)
          (_bn0): BatchNorm2d(480, eps=0.001, momentum=0.010000000000000009, affine=True, track_running_stats=True)
          (_depthwise_conv): Conv2dDynamicSamePadding(480, 480, kernel_size=(3, 3), stride=(1, 1), groups=480, bias=False)
          (_bn1): BatchNorm2d(480, eps=0.001, momentum=0.010000000000000009, affine=True, track_running_stats=True)
          (_se_reduce): Conv2dStaticSamePadding(
            480, 20, kernel_size=(1, 1), stride=(1, 1)
            (static_padding): Identity()
          )
          (_se_expand): Conv2dStaticSamePadding(
            20, 480, kernel_size=(1, 1), stride=(1, 1)
            (static_padding): Identity()
          )
          (_project_conv): Conv2dDynamicSamePadding(480, 80, kernel_size=(1, 1), stride=(1, 1), bias=False)
          (_bn2): BatchNorm2d(80, eps=0.001, momentum=0.010000000000000009, affine=True, track_running_stats=True)
          (_swish): MemoryEfficientSwish()
        )
        (8): MBConvBlock(
          (_expand_conv): Conv2dDynamicSamePadding(80, 480, kernel_size=(1, 1), stride=(1, 1), bias=False)
          (_bn0): BatchNorm2d(480, eps=0.001, momentum=0.010000000000000009, affine=True, track_running_stats=True)
          (_depthwise_conv): Conv2dDynamicSamePadding(480, 480, kernel_size=(5, 5), stride=[1, 1], groups=480, bias=False)
          (_bn1): BatchNorm2d(480, eps=0.001, momentum=0.010000000000000009, affine=True, track_running_stats=True)
          (_se_reduce): Conv2dStaticSamePadding(
            480, 20, kernel_size=(1, 1), stride=(1, 1)
            (static_padding): Identity()
          )
          (_se_expand): Conv2dStaticSamePadding(
            20, 480, kernel_size=(1, 1), stride=(1, 1)
            (static_padding): Identity()
          )
          (_project_conv): Conv2dDynamicSamePadding(480, 112, kernel_size=(1, 1), stride=(1, 1), bias=False)
          (_bn2): BatchNorm2d(112, eps=0.001, momentum=0.010000000000000009, affine=True, track_running_stats=True)
          (_swish): MemoryEfficientSwish()
        )
        (9): MBConvBlock(
          (_expand_conv): Conv2dDynamicSamePadding(112, 672, kernel_size=(1, 1), stride=(1, 1), bias=False)
          (_bn0): BatchNorm2d(672, eps=0.001, momentum=0.010000000000000009, affine=True, track_running_stats=True)
          (_depthwise_conv): Conv2dDynamicSamePadding(672, 672, kernel_size=(5, 5), stride=(1, 1), groups=672, bias=False)
          (_bn1): BatchNorm2d(672, eps=0.001, momentum=0.010000000000000009, affine=True, track_running_stats=True)
          (_se_reduce): Conv2dStaticSamePadding(
            672, 28, kernel_size=(1, 1), stride=(1, 1)
            (static_padding): Identity()
          )
          (_se_expand): Conv2dStaticSamePadding(
            28, 672, kernel_size=(1, 1), stride=(1, 1)
            (static_padding): Identity()
          )
          (_project_conv): Conv2dDynamicSamePadding(672, 112, kernel_size=(1, 1), stride=(1, 1), bias=False)
          (_bn2): BatchNorm2d(112, eps=0.001, momentum=0.010000000000000009, affine=True, track_running_stats=True)
          (_swish): MemoryEfficientSwish()
        )
        (10): MBConvBlock(
          (_expand_conv): Conv2dDynamicSamePadding(112, 672, kernel_size=(1, 1), stride=(1, 1), bias=False)
          (_bn0): BatchNorm2d(672, eps=0.001, momentum=0.010000000000000009, affine=True, track_running_stats=True)
          (_depthwise_conv): Conv2dDynamicSamePadding(672, 672, kernel_size=(5, 5), stride=(1, 1), groups=672, bias=False)
          (_bn1): BatchNorm2d(672, eps=0.001, momentum=0.010000000000000009, affine=True, track_running_stats=True)
          (_se_reduce): Conv2dStaticSamePadding(
            672, 28, kernel_size=(1, 1), stride=(1, 1)
            (static_padding): Identity()
          )
          (_se_expand): Conv2dStaticSamePadding(
            28, 672, kernel_size=(1, 1), stride=(1, 1)
            (static_padding): Identity()
          )
          (_project_conv): Conv2dDynamicSamePadding(672, 112, kernel_size=(1, 1), stride=(1, 1), bias=False)
          (_bn2): BatchNorm2d(112, eps=0.001, momentum=0.010000000000000009, affine=True, track_running_stats=True)
          (_swish): MemoryEfficientSwish()
        )
        (11): MBConvBlock(
          (_expand_conv): Conv2dDynamicSamePadding(112, 672, kernel_size=(1, 1), stride=(1, 1), bias=False)
          (_bn0): BatchNorm2d(672, eps=0.001, momentum=0.010000000000000009, affine=True, track_running_stats=True)
          (_depthwise_conv): Conv2dDynamicSamePadding(672, 672, kernel_size=(5, 5), stride=[2, 2], groups=672, bias=False)
          (_bn1): BatchNorm2d(672, eps=0.001, momentum=0.010000000000000009, affine=True, track_running_stats=True)
          (_se_reduce): Conv2dStaticSamePadding(
            672, 28, kernel_size=(1, 1), stride=(1, 1)
            (static_padding): Identity()
          )
          (_se_expand): Conv2dStaticSamePadding(
            28, 672, kernel_size=(1, 1), stride=(1, 1)
            (static_padding): Identity()
          )
          (_project_conv): Conv2dDynamicSamePadding(672, 192, kernel_size=(1, 1), stride=(1, 1), bias=False)
          (_bn2): BatchNorm2d(192, eps=0.001, momentum=0.010000000000000009, affine=True, track_running_stats=True)
          (_swish): MemoryEfficientSwish()
        )
        (12): MBConvBlock(
          (_expand_conv): Conv2dDynamicSamePadding(192, 1152, kernel_size=(1, 1), stride=(1, 1), bias=False)
          (_bn0): BatchNorm2d(1152, eps=0.001, momentum=0.010000000000000009, affine=True, track_running_stats=True)
          (_depthwise_conv): Conv2dDynamicSamePadding(1152, 1152, kernel_size=(5, 5), stride=(1, 1), groups=1152, bias=False)
          (_bn1): BatchNorm2d(1152, eps=0.001, momentum=0.010000000000000009, affine=True, track_running_stats=True)
          (_se_reduce): Conv2dStaticSamePadding(
            1152, 48, kernel_size=(1, 1), stride=(1, 1)
            (static_padding): Identity()
          )
          (_se_expand): Conv2dStaticSamePadding(
            48, 1152, kernel_size=(1, 1), stride=(1, 1)
            (static_padding): Identity()
          )
          (_project_conv): Conv2dDynamicSamePadding(1152, 192, kernel_size=(1, 1), stride=(1, 1), bias=False)
          (_bn2): BatchNorm2d(192, eps=0.001, momentum=0.010000000000000009, affine=True, track_running_stats=True)
          (_swish): MemoryEfficientSwish()
        )
        (13): MBConvBlock(
          (_expand_conv): Conv2dDynamicSamePadding(192, 1152, kernel_size=(1, 1), stride=(1, 1), bias=False)
          (_bn0): BatchNorm2d(1152, eps=0.001, momentum=0.010000000000000009, affine=True, track_running_stats=True)
          (_depthwise_conv): Conv2dDynamicSamePadding(1152, 1152, kernel_size=(5, 5), stride=(1, 1), groups=1152, bias=False)
          (_bn1): BatchNorm2d(1152, eps=0.001, momentum=0.010000000000000009, affine=True, track_running_stats=True)
          (_se_reduce): Conv2dStaticSamePadding(
            1152, 48, kernel_size=(1, 1), stride=(1, 1)
            (static_padding): Identity()
          )
          (_se_expand): Conv2dStaticSamePadding(
            48, 1152, kernel_size=(1, 1), stride=(1, 1)
            (static_padding): Identity()
          )
          (_project_conv): Conv2dDynamicSamePadding(1152, 192, kernel_size=(1, 1), stride=(1, 1), bias=False)
          (_bn2): BatchNorm2d(192, eps=0.001, momentum=0.010000000000000009, affine=True, track_running_stats=True)
          (_swish): MemoryEfficientSwish()
        )
        (14): MBConvBlock(
          (_expand_conv): Conv2dDynamicSamePadding(192, 1152, kernel_size=(1, 1), stride=(1, 1), bias=False)
          (_bn0): BatchNorm2d(1152, eps=0.001, momentum=0.010000000000000009, affine=True, track_running_stats=True)
          (_depthwise_conv): Conv2dDynamicSamePadding(1152, 1152, kernel_size=(5, 5), stride=(1, 1), groups=1152, bias=False)
          (_bn1): BatchNorm2d(1152, eps=0.001, momentum=0.010000000000000009, affine=True, track_running_stats=True)
          (_se_reduce): Conv2dStaticSamePadding(
            1152, 48, kernel_size=(1, 1), stride=(1, 1)
            (static_padding): Identity()
          )
          (_se_expand): Conv2dStaticSamePadding(
            48, 1152, kernel_size=(1, 1), stride=(1, 1)
            (static_padding): Identity()
          )
          (_project_conv): Conv2dDynamicSamePadding(1152, 192, kernel_size=(1, 1), stride=(1, 1), bias=False)
          (_bn2): BatchNorm2d(192, eps=0.001, momentum=0.010000000000000009, affine=True, track_running_stats=True)
          (_swish): MemoryEfficientSwish()
        )
        (15): MBConvBlock(
          (_expand_conv): Conv2dDynamicSamePadding(192, 1152, kernel_size=(1, 1), stride=(1, 1), bias=False)
          (_bn0): BatchNorm2d(1152, eps=0.001, momentum=0.010000000000000009, affine=True, track_running_stats=True)
          (_depthwise_conv): Conv2dDynamicSamePadding(1152, 1152, kernel_size=(3, 3), stride=[1, 1], groups=1152, bias=False)
          (_bn1): BatchNorm2d(1152, eps=0.001, momentum=0.010000000000000009, affine=True, track_running_stats=True)
          (_se_reduce): Conv2dStaticSamePadding(
            1152, 48, kernel_size=(1, 1), stride=(1, 1)
            (static_padding): Identity()
          )
          (_se_expand): Conv2dStaticSamePadding(
            48, 1152, kernel_size=(1, 1), stride=(1, 1)
            (static_padding): Identity()
          )
          (_project_conv): Conv2dDynamicSamePadding(1152, 320, kernel_size=(1, 1), stride=(1, 1), bias=False)
          (_bn2): BatchNorm2d(320, eps=0.001, momentum=0.010000000000000009, affine=True, track_running_stats=True)
          (_swish): MemoryEfficientSwish()
        )
      )
      (_conv_head): Conv2dDynamicSamePadding(320, 1280, kernel_size=(1, 1), stride=(1, 1), bias=False)
      (_bn1): BatchNorm2d(1280, eps=0.001, momentum=0.010000000000000009, affine=True, track_running_stats=True)
      (_avg_pooling): AdaptiveMaxPool2d(output_size=1)
      (_swish): MemoryEfficientSwish()
    )
  )
  (classifier): Linear(in_features=1280, out_features=10, bias=True)
)
loading from checkpoint only weights : /nlsasfs/home/nltm-pilot/sandeshk/icassp/checkpoints/checkpoint_58_maxpool_512.pth.tar
Model missing keys
['classifier.weight', 'classifier.bias']
Model unexpected keys
[]
freezing effnet weights
done loading
Starting To Train
epoch :1 Train loss: 1.7487716674804688 Train accuracy: 0.3505390395295655 Valid loss: 1.7154746055603027 Valid accuracy: 0.3399523431294678
epoch :2 Train loss: 1.4979987144470215 Train accuracy: 0.4410323423717739 Valid loss: 1.5212273597717285 Valid accuracy: 0.4539316918189039
epoch :3 Train loss: 1.4159424304962158 Train accuracy: 0.47027115321790264 Valid loss: 1.4806135892868042 Valid accuracy: 0.46783161239078636
epoch :4 Train loss: 1.3925049304962158 Train accuracy: 0.48023521724926493 Valid loss: 1.4751763343811035 Valid accuracy: 0.46465448768864176
epoch :5 Train loss: 1.3707855939865112 Train accuracy: 0.49085266252858545 Valid loss: 1.4585901498794556 Valid accuracy: 0.4761715647339158
epoch :6 Train loss: 1.3585880994796753 Train accuracy: 0.4884024828487422 Valid loss: 1.456238031387329 Valid accuracy: 0.47140587768069897
epoch :7 Train loss: 1.3391085863113403 Train accuracy: 0.5027768703038222 Valid loss: 1.434658408164978 Valid accuracy: 0.482922954725973
epoch :8 Train loss: 1.3298946619033813 Train accuracy: 0.5040836327997387 Valid loss: 1.4484199285507202 Valid accuracy: 0.4801429706115965
epoch :9 Train loss: 1.3138951063156128 Train accuracy: 0.5117608624632473 Valid loss: 1.4469401836395264 Valid accuracy: 0.47339158061953934
epoch :10 Train loss: 1.311365008354187 Train accuracy: 0.5147010780790592 Valid loss: 1.4392300844192505 Valid accuracy: 0.47736298649722003
epoch :11 Train loss: 1.2937577962875366 Train accuracy: 0.519438092126756 Valid loss: 1.4383983612060547 Valid accuracy: 0.47934868943606035
epoch :12 Train loss: 1.284478783607483 Train accuracy: 0.524828487422411 Valid loss: 1.4310892820358276 Valid accuracy: 0.47736298649722003
epoch :13 Train loss: 1.2743881940841675 Train accuracy: 0.5310356092780137 Valid loss: 1.4134949445724487 Valid accuracy: 0.48768864177918986
epoch :14 Train loss: 1.2714967727661133 Train accuracy: 0.5285854295981706 Valid loss: 1.4145203828811646 Valid accuracy: 0.4817315329626688
epoch :15 Train loss: 1.2579033374786377 Train accuracy: 0.5351192420777524 Valid loss: 1.4277209043502808 Valid accuracy: 0.488880063542494
epoch :16 Train loss: 1.2555469274520874 Train accuracy: 0.5398562561254492 Valid loss: 1.4256370067596436 Valid accuracy: 0.48451151707704526
epoch :17 Train loss: 1.2470345497131348 Train accuracy: 0.537406076445606 Valid loss: 1.4094640016555786 Valid accuracy: 0.48610007942811756
epoch :18 Train loss: 1.2502168416976929 Train accuracy: 0.5360993139496897 Valid loss: 1.4103728532791138 Valid accuracy: 0.49761715647339155
epoch :19 Train loss: 1.233850121498108 Train accuracy: 0.537406076445606 Valid loss: 1.3857277631759644 Valid accuracy: 0.5011914217633042
epoch :20 Train loss: 1.233170747756958 Train accuracy: 0.5442665795491669 Valid loss: 1.4029628038406372 Valid accuracy: 0.4996028594122319
epoch :21 Train loss: 1.231917381286621 Train accuracy: 0.5449199607971251 Valid loss: 1.403236746788025 Valid accuracy: 0.482922954725973
epoch :22 Train loss: 1.2166815996170044 Train accuracy: 0.5485135576608952 Valid loss: 1.4105262756347656 Valid accuracy: 0.4996028594122319
epoch :23 Train loss: 1.2129420042037964 Train accuracy: 0.5498203201568115 Valid loss: 1.4037195444107056 Valid accuracy: 0.49563145353455124
epoch :24 Train loss: 1.2061175107955933 Train accuracy: 0.551453773276707 Valid loss: 1.398158073425293 Valid accuracy: 0.5011914217633042
epoch :25 Train loss: 1.2044330835342407 Train accuracy: 0.551780463900686 Valid loss: 1.393543004989624 Valid accuracy: 0.5067513899920572
epoch :26 Train loss: 1.1997184753417969 Train accuracy: 0.5581509310682783 Valid loss: 1.3833918571472168 Valid accuracy: 0.5039714058776807
epoch :27 Train loss: 1.1991040706634521 Train accuracy: 0.5558640967004247 Valid loss: 1.4090235233306885 Valid accuracy: 0.48610007942811756
epoch :28 Train loss: 1.192995548248291 Train accuracy: 0.5524338451486442 Valid loss: 1.3955892324447632 Valid accuracy: 0.494440031771247
epoch :29 Train loss: 1.1845757961273193 Train accuracy: 0.5635413263639334 Valid loss: 1.3903342485427856 Valid accuracy: 0.5063542494042891
epoch :30 Train loss: 1.1836457252502441 Train accuracy: 0.5635413263639334 Valid loss: 1.40462327003479 Valid accuracy: 0.4960285941223193
epoch :31 Train loss: 1.174685001373291 Train accuracy: 0.5671349232277033 Valid loss: 1.3882431983947754 Valid accuracy: 0.5007942811755361
epoch :32 Train loss: 1.1751238107681274 Train accuracy: 0.5682783404116302 Valid loss: 1.3867980241775513 Valid accuracy: 0.49722001588562353
epoch :33 Train loss: 1.166494607925415 Train accuracy: 0.5743221169552434 Valid loss: 1.3981953859329224 Valid accuracy: 0.5011914217633042
epoch :34 Train loss: 1.173351764678955 Train accuracy: 0.5623979091800065 Valid loss: 1.3927892446517944 Valid accuracy: 0.4984114376489277
epoch :35 Train loss: 1.1636593341827393 Train accuracy: 0.5708918654034629 Valid loss: 1.3857287168502808 Valid accuracy: 0.5011914217633042
epoch :36 Train loss: 1.160186529159546 Train accuracy: 0.5733420450833061 Valid loss: 1.390480875968933 Valid accuracy: 0.5011914217633042
epoch :37 Train loss: 1.154860258102417 Train accuracy: 0.5736687357072852 Valid loss: 1.3836556673049927 Valid accuracy: 0.5027799841143765
epoch :38 Train loss: 1.1549980640411377 Train accuracy: 0.5695851029075466 Valid loss: 1.3900995254516602 Valid accuracy: 0.5067513899920572
epoch :39 Train loss: 1.1521360874176025 Train accuracy: 0.5772623325710552 Valid loss: 1.3909467458724976 Valid accuracy: 0.49563145353455124
epoch :40 Train loss: 1.1444462537765503 Train accuracy: 0.579875857562888 Valid loss: 1.387275218963623 Valid accuracy: 0.49761715647339155
epoch :41 Train loss: 1.1411055326461792 Train accuracy: 0.5793858216269193 Valid loss: 1.3861887454986572 Valid accuracy: 0.5047656870532169
epoch :42 Train loss: 1.139186143875122 Train accuracy: 0.5860829794184906 Valid loss: 1.3834314346313477 Valid accuracy: 0.5043685464654488
epoch :43 Train loss: 1.1344207525253296 Train accuracy: 0.5882064684743548 Valid loss: 1.3841780424118042 Valid accuracy: 0.5107227958697379
epoch :44 Train loss: 1.142773151397705 Train accuracy: 0.5898399215942502 Valid loss: 1.38381826877594 Valid accuracy: 0.49722001588562353
epoch :45 Train loss: 1.1267448663711548 Train accuracy: 0.5872263966024175 Valid loss: 1.3746933937072754 Valid accuracy: 0.5019857029388404
epoch :46 Train loss: 1.1279343366622925 Train accuracy: 0.589186540346292 Valid loss: 1.389430284500122 Valid accuracy: 0.5031771247021446
epoch :47 Train loss: 1.124350905418396 Train accuracy: 0.5901666122182293 Valid loss: 1.3885313272476196 Valid accuracy: 0.5035742652899127
epoch :48 Train loss: 1.120465636253357 Train accuracy: 0.5882064684743548 Valid loss: 1.385501503944397 Valid accuracy: 0.5091342335186656
epoch :49 Train loss: 1.1176894903182983 Train accuracy: 0.5957203528258739 Valid loss: 1.3813896179199219 Valid accuracy: 0.5055599682287529
epoch :50 Train loss: 1.115307331085205 Train accuracy: 0.5919634106501144 Valid loss: 1.3783271312713623 Valid accuracy: 0.5087370929308975
max train accuracy : 0.5957203528258739
max valid accuracy : 0.5107227958697379
