Downstream Task tut_urban
Resume False, load only efficient net True, from path /nlsasfs/home/nltm-pilot/sandeshk/icassp/checkpoint_87_max_pool.pth.tar 
BS 64
complete args Namespace(batch_size=64, down_stream_task='tut_urban', epochs=50, exp_root='./exp/tut_urban/Max/87_max_pool_freeze', final_pooling_type='Max', freeze_effnet=True, load_only_efficientNet=True, pretrain_path='/nlsasfs/home/nltm-pilot/sandeshk/icassp/checkpoint_87_max_pool.pth.tar', resume=False, tag='87_max_pool_freeze', use_l2='l2')
DeepCluster_downstream(
  (model_efficient): DataParallel(
    (module): EfficientNet(
      (_conv_stem): Conv2dDynamicSamePadding(1, 32, kernel_size=(3, 3), stride=(2, 2), bias=False)
      (_bn0): BatchNorm2d(32, eps=0.001, momentum=0.010000000000000009, affine=True, track_running_stats=True)
      (_blocks): ModuleList(
        (0): MBConvBlock(
          (_depthwise_conv): Conv2dDynamicSamePadding(32, 32, kernel_size=(3, 3), stride=[1, 1], groups=32, bias=False)
          (_bn1): BatchNorm2d(32, eps=0.001, momentum=0.010000000000000009, affine=True, track_running_stats=True)
          (_se_reduce): Conv2dStaticSamePadding(
            32, 8, kernel_size=(1, 1), stride=(1, 1)
            (static_padding): Identity()
          )
          (_se_expand): Conv2dStaticSamePadding(
            8, 32, kernel_size=(1, 1), stride=(1, 1)
            (static_padding): Identity()
          )
          (_project_conv): Conv2dDynamicSamePadding(32, 16, kernel_size=(1, 1), stride=(1, 1), bias=False)
          (_bn2): BatchNorm2d(16, eps=0.001, momentum=0.010000000000000009, affine=True, track_running_stats=True)
          (_swish): MemoryEfficientSwish()
        )
        (1): MBConvBlock(
          (_expand_conv): Conv2dDynamicSamePadding(16, 96, kernel_size=(1, 1), stride=(1, 1), bias=False)
          (_bn0): BatchNorm2d(96, eps=0.001, momentum=0.010000000000000009, affine=True, track_running_stats=True)
          (_depthwise_conv): Conv2dDynamicSamePadding(96, 96, kernel_size=(3, 3), stride=[2, 2], groups=96, bias=False)
          (_bn1): BatchNorm2d(96, eps=0.001, momentum=0.010000000000000009, affine=True, track_running_stats=True)
          (_se_reduce): Conv2dStaticSamePadding(
            96, 4, kernel_size=(1, 1), stride=(1, 1)
            (static_padding): Identity()
          )
          (_se_expand): Conv2dStaticSamePadding(
            4, 96, kernel_size=(1, 1), stride=(1, 1)
            (static_padding): Identity()
          )
          (_project_conv): Conv2dDynamicSamePadding(96, 24, kernel_size=(1, 1), stride=(1, 1), bias=False)
          (_bn2): BatchNorm2d(24, eps=0.001, momentum=0.010000000000000009, affine=True, track_running_stats=True)
          (_swish): MemoryEfficientSwish()
        )
        (2): MBConvBlock(
          (_expand_conv): Conv2dDynamicSamePadding(24, 144, kernel_size=(1, 1), stride=(1, 1), bias=False)
          (_bn0): BatchNorm2d(144, eps=0.001, momentum=0.010000000000000009, affine=True, track_running_stats=True)
          (_depthwise_conv): Conv2dDynamicSamePadding(144, 144, kernel_size=(3, 3), stride=(1, 1), groups=144, bias=False)
          (_bn1): BatchNorm2d(144, eps=0.001, momentum=0.010000000000000009, affine=True, track_running_stats=True)
          (_se_reduce): Conv2dStaticSamePadding(
            144, 6, kernel_size=(1, 1), stride=(1, 1)
            (static_padding): Identity()
          )
          (_se_expand): Conv2dStaticSamePadding(
            6, 144, kernel_size=(1, 1), stride=(1, 1)
            (static_padding): Identity()
          )
          (_project_conv): Conv2dDynamicSamePadding(144, 24, kernel_size=(1, 1), stride=(1, 1), bias=False)
          (_bn2): BatchNorm2d(24, eps=0.001, momentum=0.010000000000000009, affine=True, track_running_stats=True)
          (_swish): MemoryEfficientSwish()
        )
        (3): MBConvBlock(
          (_expand_conv): Conv2dDynamicSamePadding(24, 144, kernel_size=(1, 1), stride=(1, 1), bias=False)
          (_bn0): BatchNorm2d(144, eps=0.001, momentum=0.010000000000000009, affine=True, track_running_stats=True)
          (_depthwise_conv): Conv2dDynamicSamePadding(144, 144, kernel_size=(5, 5), stride=[2, 2], groups=144, bias=False)
          (_bn1): BatchNorm2d(144, eps=0.001, momentum=0.010000000000000009, affine=True, track_running_stats=True)
          (_se_reduce): Conv2dStaticSamePadding(
            144, 6, kernel_size=(1, 1), stride=(1, 1)
            (static_padding): Identity()
          )
          (_se_expand): Conv2dStaticSamePadding(
            6, 144, kernel_size=(1, 1), stride=(1, 1)
            (static_padding): Identity()
          )
          (_project_conv): Conv2dDynamicSamePadding(144, 40, kernel_size=(1, 1), stride=(1, 1), bias=False)
          (_bn2): BatchNorm2d(40, eps=0.001, momentum=0.010000000000000009, affine=True, track_running_stats=True)
          (_swish): MemoryEfficientSwish()
        )
        (4): MBConvBlock(
          (_expand_conv): Conv2dDynamicSamePadding(40, 240, kernel_size=(1, 1), stride=(1, 1), bias=False)
          (_bn0): BatchNorm2d(240, eps=0.001, momentum=0.010000000000000009, affine=True, track_running_stats=True)
          (_depthwise_conv): Conv2dDynamicSamePadding(240, 240, kernel_size=(5, 5), stride=(1, 1), groups=240, bias=False)
          (_bn1): BatchNorm2d(240, eps=0.001, momentum=0.010000000000000009, affine=True, track_running_stats=True)
          (_se_reduce): Conv2dStaticSamePadding(
            240, 10, kernel_size=(1, 1), stride=(1, 1)
            (static_padding): Identity()
          )
          (_se_expand): Conv2dStaticSamePadding(
            10, 240, kernel_size=(1, 1), stride=(1, 1)
            (static_padding): Identity()
          )
          (_project_conv): Conv2dDynamicSamePadding(240, 40, kernel_size=(1, 1), stride=(1, 1), bias=False)
          (_bn2): BatchNorm2d(40, eps=0.001, momentum=0.010000000000000009, affine=True, track_running_stats=True)
          (_swish): MemoryEfficientSwish()
        )
        (5): MBConvBlock(
          (_expand_conv): Conv2dDynamicSamePadding(40, 240, kernel_size=(1, 1), stride=(1, 1), bias=False)
          (_bn0): BatchNorm2d(240, eps=0.001, momentum=0.010000000000000009, affine=True, track_running_stats=True)
          (_depthwise_conv): Conv2dDynamicSamePadding(240, 240, kernel_size=(3, 3), stride=[2, 2], groups=240, bias=False)
          (_bn1): BatchNorm2d(240, eps=0.001, momentum=0.010000000000000009, affine=True, track_running_stats=True)
          (_se_reduce): Conv2dStaticSamePadding(
            240, 10, kernel_size=(1, 1), stride=(1, 1)
            (static_padding): Identity()
          )
          (_se_expand): Conv2dStaticSamePadding(
            10, 240, kernel_size=(1, 1), stride=(1, 1)
            (static_padding): Identity()
          )
          (_project_conv): Conv2dDynamicSamePadding(240, 80, kernel_size=(1, 1), stride=(1, 1), bias=False)
          (_bn2): BatchNorm2d(80, eps=0.001, momentum=0.010000000000000009, affine=True, track_running_stats=True)
          (_swish): MemoryEfficientSwish()
        )
        (6): MBConvBlock(
          (_expand_conv): Conv2dDynamicSamePadding(80, 480, kernel_size=(1, 1), stride=(1, 1), bias=False)
          (_bn0): BatchNorm2d(480, eps=0.001, momentum=0.010000000000000009, affine=True, track_running_stats=True)
          (_depthwise_conv): Conv2dDynamicSamePadding(480, 480, kernel_size=(3, 3), stride=(1, 1), groups=480, bias=False)
          (_bn1): BatchNorm2d(480, eps=0.001, momentum=0.010000000000000009, affine=True, track_running_stats=True)
          (_se_reduce): Conv2dStaticSamePadding(
            480, 20, kernel_size=(1, 1), stride=(1, 1)
            (static_padding): Identity()
          )
          (_se_expand): Conv2dStaticSamePadding(
            20, 480, kernel_size=(1, 1), stride=(1, 1)
            (static_padding): Identity()
          )
          (_project_conv): Conv2dDynamicSamePadding(480, 80, kernel_size=(1, 1), stride=(1, 1), bias=False)
          (_bn2): BatchNorm2d(80, eps=0.001, momentum=0.010000000000000009, affine=True, track_running_stats=True)
          (_swish): MemoryEfficientSwish()
        )
        (7): MBConvBlock(
          (_expand_conv): Conv2dDynamicSamePadding(80, 480, kernel_size=(1, 1), stride=(1, 1), bias=False)
          (_bn0): BatchNorm2d(480, eps=0.001, momentum=0.010000000000000009, affine=True, track_running_stats=True)
          (_depthwise_conv): Conv2dDynamicSamePadding(480, 480, kernel_size=(3, 3), stride=(1, 1), groups=480, bias=False)
          (_bn1): BatchNorm2d(480, eps=0.001, momentum=0.010000000000000009, affine=True, track_running_stats=True)
          (_se_reduce): Conv2dStaticSamePadding(
            480, 20, kernel_size=(1, 1), stride=(1, 1)
            (static_padding): Identity()
          )
          (_se_expand): Conv2dStaticSamePadding(
            20, 480, kernel_size=(1, 1), stride=(1, 1)
            (static_padding): Identity()
          )
          (_project_conv): Conv2dDynamicSamePadding(480, 80, kernel_size=(1, 1), stride=(1, 1), bias=False)
          (_bn2): BatchNorm2d(80, eps=0.001, momentum=0.010000000000000009, affine=True, track_running_stats=True)
          (_swish): MemoryEfficientSwish()
        )
        (8): MBConvBlock(
          (_expand_conv): Conv2dDynamicSamePadding(80, 480, kernel_size=(1, 1), stride=(1, 1), bias=False)
          (_bn0): BatchNorm2d(480, eps=0.001, momentum=0.010000000000000009, affine=True, track_running_stats=True)
          (_depthwise_conv): Conv2dDynamicSamePadding(480, 480, kernel_size=(5, 5), stride=[1, 1], groups=480, bias=False)
          (_bn1): BatchNorm2d(480, eps=0.001, momentum=0.010000000000000009, affine=True, track_running_stats=True)
          (_se_reduce): Conv2dStaticSamePadding(
            480, 20, kernel_size=(1, 1), stride=(1, 1)
            (static_padding): Identity()
          )
          (_se_expand): Conv2dStaticSamePadding(
            20, 480, kernel_size=(1, 1), stride=(1, 1)
            (static_padding): Identity()
          )
          (_project_conv): Conv2dDynamicSamePadding(480, 112, kernel_size=(1, 1), stride=(1, 1), bias=False)
          (_bn2): BatchNorm2d(112, eps=0.001, momentum=0.010000000000000009, affine=True, track_running_stats=True)
          (_swish): MemoryEfficientSwish()
        )
        (9): MBConvBlock(
          (_expand_conv): Conv2dDynamicSamePadding(112, 672, kernel_size=(1, 1), stride=(1, 1), bias=False)
          (_bn0): BatchNorm2d(672, eps=0.001, momentum=0.010000000000000009, affine=True, track_running_stats=True)
          (_depthwise_conv): Conv2dDynamicSamePadding(672, 672, kernel_size=(5, 5), stride=(1, 1), groups=672, bias=False)
          (_bn1): BatchNorm2d(672, eps=0.001, momentum=0.010000000000000009, affine=True, track_running_stats=True)
          (_se_reduce): Conv2dStaticSamePadding(
            672, 28, kernel_size=(1, 1), stride=(1, 1)
            (static_padding): Identity()
          )
          (_se_expand): Conv2dStaticSamePadding(
            28, 672, kernel_size=(1, 1), stride=(1, 1)
            (static_padding): Identity()
          )
          (_project_conv): Conv2dDynamicSamePadding(672, 112, kernel_size=(1, 1), stride=(1, 1), bias=False)
          (_bn2): BatchNorm2d(112, eps=0.001, momentum=0.010000000000000009, affine=True, track_running_stats=True)
          (_swish): MemoryEfficientSwish()
        )
        (10): MBConvBlock(
          (_expand_conv): Conv2dDynamicSamePadding(112, 672, kernel_size=(1, 1), stride=(1, 1), bias=False)
          (_bn0): BatchNorm2d(672, eps=0.001, momentum=0.010000000000000009, affine=True, track_running_stats=True)
          (_depthwise_conv): Conv2dDynamicSamePadding(672, 672, kernel_size=(5, 5), stride=(1, 1), groups=672, bias=False)
          (_bn1): BatchNorm2d(672, eps=0.001, momentum=0.010000000000000009, affine=True, track_running_stats=True)
          (_se_reduce): Conv2dStaticSamePadding(
            672, 28, kernel_size=(1, 1), stride=(1, 1)
            (static_padding): Identity()
          )
          (_se_expand): Conv2dStaticSamePadding(
            28, 672, kernel_size=(1, 1), stride=(1, 1)
            (static_padding): Identity()
          )
          (_project_conv): Conv2dDynamicSamePadding(672, 112, kernel_size=(1, 1), stride=(1, 1), bias=False)
          (_bn2): BatchNorm2d(112, eps=0.001, momentum=0.010000000000000009, affine=True, track_running_stats=True)
          (_swish): MemoryEfficientSwish()
        )
        (11): MBConvBlock(
          (_expand_conv): Conv2dDynamicSamePadding(112, 672, kernel_size=(1, 1), stride=(1, 1), bias=False)
          (_bn0): BatchNorm2d(672, eps=0.001, momentum=0.010000000000000009, affine=True, track_running_stats=True)
          (_depthwise_conv): Conv2dDynamicSamePadding(672, 672, kernel_size=(5, 5), stride=[2, 2], groups=672, bias=False)
          (_bn1): BatchNorm2d(672, eps=0.001, momentum=0.010000000000000009, affine=True, track_running_stats=True)
          (_se_reduce): Conv2dStaticSamePadding(
            672, 28, kernel_size=(1, 1), stride=(1, 1)
            (static_padding): Identity()
          )
          (_se_expand): Conv2dStaticSamePadding(
            28, 672, kernel_size=(1, 1), stride=(1, 1)
            (static_padding): Identity()
          )
          (_project_conv): Conv2dDynamicSamePadding(672, 192, kernel_size=(1, 1), stride=(1, 1), bias=False)
          (_bn2): BatchNorm2d(192, eps=0.001, momentum=0.010000000000000009, affine=True, track_running_stats=True)
          (_swish): MemoryEfficientSwish()
        )
        (12): MBConvBlock(
          (_expand_conv): Conv2dDynamicSamePadding(192, 1152, kernel_size=(1, 1), stride=(1, 1), bias=False)
          (_bn0): BatchNorm2d(1152, eps=0.001, momentum=0.010000000000000009, affine=True, track_running_stats=True)
          (_depthwise_conv): Conv2dDynamicSamePadding(1152, 1152, kernel_size=(5, 5), stride=(1, 1), groups=1152, bias=False)
          (_bn1): BatchNorm2d(1152, eps=0.001, momentum=0.010000000000000009, affine=True, track_running_stats=True)
          (_se_reduce): Conv2dStaticSamePadding(
            1152, 48, kernel_size=(1, 1), stride=(1, 1)
            (static_padding): Identity()
          )
          (_se_expand): Conv2dStaticSamePadding(
            48, 1152, kernel_size=(1, 1), stride=(1, 1)
            (static_padding): Identity()
          )
          (_project_conv): Conv2dDynamicSamePadding(1152, 192, kernel_size=(1, 1), stride=(1, 1), bias=False)
          (_bn2): BatchNorm2d(192, eps=0.001, momentum=0.010000000000000009, affine=True, track_running_stats=True)
          (_swish): MemoryEfficientSwish()
        )
        (13): MBConvBlock(
          (_expand_conv): Conv2dDynamicSamePadding(192, 1152, kernel_size=(1, 1), stride=(1, 1), bias=False)
          (_bn0): BatchNorm2d(1152, eps=0.001, momentum=0.010000000000000009, affine=True, track_running_stats=True)
          (_depthwise_conv): Conv2dDynamicSamePadding(1152, 1152, kernel_size=(5, 5), stride=(1, 1), groups=1152, bias=False)
          (_bn1): BatchNorm2d(1152, eps=0.001, momentum=0.010000000000000009, affine=True, track_running_stats=True)
          (_se_reduce): Conv2dStaticSamePadding(
            1152, 48, kernel_size=(1, 1), stride=(1, 1)
            (static_padding): Identity()
          )
          (_se_expand): Conv2dStaticSamePadding(
            48, 1152, kernel_size=(1, 1), stride=(1, 1)
            (static_padding): Identity()
          )
          (_project_conv): Conv2dDynamicSamePadding(1152, 192, kernel_size=(1, 1), stride=(1, 1), bias=False)
          (_bn2): BatchNorm2d(192, eps=0.001, momentum=0.010000000000000009, affine=True, track_running_stats=True)
          (_swish): MemoryEfficientSwish()
        )
        (14): MBConvBlock(
          (_expand_conv): Conv2dDynamicSamePadding(192, 1152, kernel_size=(1, 1), stride=(1, 1), bias=False)
          (_bn0): BatchNorm2d(1152, eps=0.001, momentum=0.010000000000000009, affine=True, track_running_stats=True)
          (_depthwise_conv): Conv2dDynamicSamePadding(1152, 1152, kernel_size=(5, 5), stride=(1, 1), groups=1152, bias=False)
          (_bn1): BatchNorm2d(1152, eps=0.001, momentum=0.010000000000000009, affine=True, track_running_stats=True)
          (_se_reduce): Conv2dStaticSamePadding(
            1152, 48, kernel_size=(1, 1), stride=(1, 1)
            (static_padding): Identity()
          )
          (_se_expand): Conv2dStaticSamePadding(
            48, 1152, kernel_size=(1, 1), stride=(1, 1)
            (static_padding): Identity()
          )
          (_project_conv): Conv2dDynamicSamePadding(1152, 192, kernel_size=(1, 1), stride=(1, 1), bias=False)
          (_bn2): BatchNorm2d(192, eps=0.001, momentum=0.010000000000000009, affine=True, track_running_stats=True)
          (_swish): MemoryEfficientSwish()
        )
        (15): MBConvBlock(
          (_expand_conv): Conv2dDynamicSamePadding(192, 1152, kernel_size=(1, 1), stride=(1, 1), bias=False)
          (_bn0): BatchNorm2d(1152, eps=0.001, momentum=0.010000000000000009, affine=True, track_running_stats=True)
          (_depthwise_conv): Conv2dDynamicSamePadding(1152, 1152, kernel_size=(3, 3), stride=[1, 1], groups=1152, bias=False)
          (_bn1): BatchNorm2d(1152, eps=0.001, momentum=0.010000000000000009, affine=True, track_running_stats=True)
          (_se_reduce): Conv2dStaticSamePadding(
            1152, 48, kernel_size=(1, 1), stride=(1, 1)
            (static_padding): Identity()
          )
          (_se_expand): Conv2dStaticSamePadding(
            48, 1152, kernel_size=(1, 1), stride=(1, 1)
            (static_padding): Identity()
          )
          (_project_conv): Conv2dDynamicSamePadding(1152, 320, kernel_size=(1, 1), stride=(1, 1), bias=False)
          (_bn2): BatchNorm2d(320, eps=0.001, momentum=0.010000000000000009, affine=True, track_running_stats=True)
          (_swish): MemoryEfficientSwish()
        )
      )
      (_conv_head): Conv2dDynamicSamePadding(320, 1280, kernel_size=(1, 1), stride=(1, 1), bias=False)
      (_bn1): BatchNorm2d(1280, eps=0.001, momentum=0.010000000000000009, affine=True, track_running_stats=True)
      (_avg_pooling): AdaptiveMaxPool2d(output_size=1)
      (_swish): MemoryEfficientSwish()
    )
  )
  (classifier): Linear(in_features=1280, out_features=10, bias=True)
)
loading from checkpoint only weights : /nlsasfs/home/nltm-pilot/sandeshk/icassp/checkpoint_87_max_pool.pth.tar
Model missing keys
['classifier.weight', 'classifier.bias']
Model unexpected keys
[]
freezing effnet weights
done loading
Starting To Train
epoch :1 Train loss: 2.143965005874634 Train accuracy: 0.2557987585756289 Valid loss: 2.0390193462371826 Valid accuracy: 0.27362986497220015
epoch :2 Train loss: 1.7529376745224 Train accuracy: 0.4000326690623979 Valid loss: 1.8064357042312622 Valid accuracy: 0.38999205718824465
epoch :3 Train loss: 1.5904085636138916 Train accuracy: 0.47762169225743223 Valid loss: 1.864115834236145 Valid accuracy: 0.4368546465448769
epoch :4 Train loss: 1.5544030666351318 Train accuracy: 0.4911793531525645 Valid loss: 1.9489878416061401 Valid accuracy: 0.44797458300238285
epoch :5 Train loss: 1.5432348251342773 Train accuracy: 0.5047370140476969 Valid loss: 1.9725170135498047 Valid accuracy: 0.4567116759332804
epoch :6 Train loss: 1.6181046962738037 Train accuracy: 0.5060437765436132 Valid loss: 2.2371957302093506 Valid accuracy: 0.4392374900714853
epoch :7 Train loss: 1.5338939428329468 Train accuracy: 0.5199281280627246 Valid loss: 2.0393476486206055 Valid accuracy: 0.45552025416997616
epoch :8 Train loss: 1.5345547199249268 Train accuracy: 0.5129042796471741 Valid loss: 2.1117465496063232 Valid accuracy: 0.4765687053216839
epoch :9 Train loss: 1.5164963006973267 Train accuracy: 0.5253185233583796 Valid loss: 2.0852949619293213 Valid accuracy: 0.45710881652104846
epoch :10 Train loss: 1.5080416202545166 Train accuracy: 0.5236850702384842 Valid loss: 2.1032938957214355 Valid accuracy: 0.4614773629864972
epoch :11 Train loss: 1.5288677215576172 Train accuracy: 0.5307089186540346 Valid loss: 2.2033050060272217 Valid accuracy: 0.4614773629864972
epoch :12 Train loss: 1.492483377456665 Train accuracy: 0.5365893498856583 Valid loss: 2.118237257003784 Valid accuracy: 0.4642573471008737
epoch :13 Train loss: 1.4719821214675903 Train accuracy: 0.5351192420777524 Valid loss: 2.073991298675537 Valid accuracy: 0.4523431294678316
epoch :14 Train loss: 1.574684977531433 Train accuracy: 0.5413263639333551 Valid loss: 2.4216930866241455 Valid accuracy: 0.46386020651310567
epoch :15 Train loss: 1.5366301536560059 Train accuracy: 0.5418163998693237 Valid loss: 2.2823288440704346 Valid accuracy: 0.45869737887212075
epoch :16 Train loss: 1.6057993173599243 Train accuracy: 0.5475334857889579 Valid loss: 2.537075996398926 Valid accuracy: 0.45710881652104846
epoch :17 Train loss: 1.5278433561325073 Train accuracy: 0.5473701404769683 Valid loss: 2.327131748199463 Valid accuracy: 0.44837172359015093
epoch :18 Train loss: 1.5391156673431396 Train accuracy: 0.5524338451486442 Valid loss: 2.3852434158325195 Valid accuracy: 0.4567116759332804
epoch :19 Train loss: 1.4899622201919556 Train accuracy: 0.5543939888925188 Valid loss: 2.290970802307129 Valid accuracy: 0.46227164416203337
epoch :20 Train loss: 1.5964268445968628 Train accuracy: 0.5519438092126756 Valid loss: 2.6305606365203857 Valid accuracy: 0.4579030976965846
epoch :21 Train loss: 1.5449870824813843 Train accuracy: 0.5516171185886966 Valid loss: 2.4311294555664062 Valid accuracy: 0.4614773629864972
epoch :22 Train loss: 1.5181849002838135 Train accuracy: 0.5566808232603724 Valid loss: 2.420907974243164 Valid accuracy: 0.4583002382843527
epoch :23 Train loss: 1.553837776184082 Train accuracy: 0.5543939888925188 Valid loss: 2.502596139907837 Valid accuracy: 0.45869737887212075
epoch :24 Train loss: 1.5571119785308838 Train accuracy: 0.5623979091800065 Valid loss: 2.50171160697937 Valid accuracy: 0.4614773629864972
epoch :25 Train loss: 1.5942027568817139 Train accuracy: 0.5561907873244037 Valid loss: 2.618962049484253 Valid accuracy: 0.460285941223193
epoch :26 Train loss: 1.6153953075408936 Train accuracy: 0.5574975498203202 Valid loss: 2.65688419342041 Valid accuracy: 0.4706115965051628
epoch :27 Train loss: 1.5299087762832642 Train accuracy: 0.5540672982685397 Valid loss: 2.3956007957458496 Valid accuracy: 0.465845909451946
epoch :28 Train loss: 1.5401155948638916 Train accuracy: 0.5579875857562888 Valid loss: 2.4655237197875977 Valid accuracy: 0.4670373312152502
epoch :29 Train loss: 1.5109881162643433 Train accuracy: 0.569095066971578 Valid loss: 2.334956169128418 Valid accuracy: 0.4801429706115965
epoch :30 Train loss: 1.6730434894561768 Train accuracy: 0.562234563868017 Valid loss: 2.8396315574645996 Valid accuracy: 0.47696584590945196
epoch :31 Train loss: 1.5978065729141235 Train accuracy: 0.5669715779157138 Valid loss: 2.7126898765563965 Valid accuracy: 0.4710087370929309
epoch :32 Train loss: 1.5604349374771118 Train accuracy: 0.5726886638353479 Valid loss: 2.5870909690856934 Valid accuracy: 0.4694201747418586
epoch :33 Train loss: 1.6914780139923096 Train accuracy: 0.5708918654034629 Valid loss: 2.9643399715423584 Valid accuracy: 0.4686258935663225
epoch :34 Train loss: 1.6289998292922974 Train accuracy: 0.5637046716759229 Valid loss: 2.735574722290039 Valid accuracy: 0.465845909451946
epoch :35 Train loss: 1.6801447868347168 Train accuracy: 0.5707285200914733 Valid loss: 2.911984920501709 Valid accuracy: 0.4813343923749007
epoch :36 Train loss: 1.5205148458480835 Train accuracy: 0.5720352825873898 Valid loss: 2.483318328857422 Valid accuracy: 0.4690230341540905
epoch :37 Train loss: 1.572436809539795 Train accuracy: 0.5708918654034629 Valid loss: 2.5901811122894287 Valid accuracy: 0.4749801429706116
epoch :38 Train loss: 1.7254090309143066 Train accuracy: 0.5705651747794839 Valid loss: 3.0841567516326904 Valid accuracy: 0.47339158061953934
epoch :39 Train loss: 1.4730727672576904 Train accuracy: 0.5782424044429925 Valid loss: 2.403928279876709 Valid accuracy: 0.48093725178713265
epoch :40 Train loss: 1.5705418586730957 Train accuracy: 0.5769356419470761 Valid loss: 2.624922513961792 Valid accuracy: 0.47299444003177127
epoch :41 Train loss: 1.5625288486480713 Train accuracy: 0.5811826200588043 Valid loss: 2.5996382236480713 Valid accuracy: 0.4634630659253376
epoch :42 Train loss: 1.4769525527954102 Train accuracy: 0.5775890231950344 Valid loss: 2.383120536804199 Valid accuracy: 0.4761715647339158
epoch :43 Train loss: 1.5867888927459717 Train accuracy: 0.583796145050637 Valid loss: 2.7032530307769775 Valid accuracy: 0.4698173153296267
epoch :44 Train loss: 1.5932148694992065 Train accuracy: 0.5841228356746161 Valid loss: 2.672527313232422 Valid accuracy: 0.4745830023828435
epoch :45 Train loss: 1.4884247779846191 Train accuracy: 0.5797125122508984 Valid loss: 2.4100756645202637 Valid accuracy: 0.47696584590945196
epoch :46 Train loss: 1.4909886121749878 Train accuracy: 0.5854295981705325 Valid loss: 2.445281744003296 Valid accuracy: 0.46822875297855443
epoch :47 Train loss: 1.45547354221344 Train accuracy: 0.5846128716105847 Valid loss: 2.427762031555176 Valid accuracy: 0.4761715647339158
epoch :48 Train loss: 1.4550232887268066 Train accuracy: 0.5813459653707939 Valid loss: 2.438958168029785 Valid accuracy: 0.48451151707704526
epoch :49 Train loss: 1.4345279932022095 Train accuracy: 0.5868997059784384 Valid loss: 2.3795881271362305 Valid accuracy: 0.4765687053216839
epoch :50 Train loss: 1.491618037223816 Train accuracy: 0.5816726559947729 Valid loss: 2.5650417804718018 Valid accuracy: 0.4710087370929309
max train accuracy : 0.5868997059784384
max valid accuracy : 0.48451151707704526
