Downstream Task iemocap
Resume False, load only efficient net True, from path /nlsasfs/home/nltm-pilot/sandeshk/icassp/checkpoints/checkpoint_53_maxpool_pic.pth.tar 
BS 64
complete args Namespace(batch_size=64, down_stream_task='iemocap', epochs=50, exp_root='./exp/iemocap/Max/checkpoint_53_maxpool_pic', final_pooling_type='Max', freeze_effnet=False, load_only_efficientNet=True, pretrain_path='/nlsasfs/home/nltm-pilot/sandeshk/icassp/checkpoints/checkpoint_53_maxpool_pic.pth.tar', resume=False, tag='checkpoint_53_maxpool_pic', use_l2='l2')
DeepCluster_downstream(
  (model_efficient): DataParallel(
    (module): EfficientNet(
      (_conv_stem): Conv2dDynamicSamePadding(1, 32, kernel_size=(3, 3), stride=(2, 2), bias=False)
      (_bn0): BatchNorm2d(32, eps=0.001, momentum=0.010000000000000009, affine=True, track_running_stats=True)
      (_blocks): ModuleList(
        (0): MBConvBlock(
          (_depthwise_conv): Conv2dDynamicSamePadding(32, 32, kernel_size=(3, 3), stride=[1, 1], groups=32, bias=False)
          (_bn1): BatchNorm2d(32, eps=0.001, momentum=0.010000000000000009, affine=True, track_running_stats=True)
          (_se_reduce): Conv2dStaticSamePadding(
            32, 8, kernel_size=(1, 1), stride=(1, 1)
            (static_padding): Identity()
          )
          (_se_expand): Conv2dStaticSamePadding(
            8, 32, kernel_size=(1, 1), stride=(1, 1)
            (static_padding): Identity()
          )
          (_project_conv): Conv2dDynamicSamePadding(32, 16, kernel_size=(1, 1), stride=(1, 1), bias=False)
          (_bn2): BatchNorm2d(16, eps=0.001, momentum=0.010000000000000009, affine=True, track_running_stats=True)
          (_swish): MemoryEfficientSwish()
        )
        (1): MBConvBlock(
          (_expand_conv): Conv2dDynamicSamePadding(16, 96, kernel_size=(1, 1), stride=(1, 1), bias=False)
          (_bn0): BatchNorm2d(96, eps=0.001, momentum=0.010000000000000009, affine=True, track_running_stats=True)
          (_depthwise_conv): Conv2dDynamicSamePadding(96, 96, kernel_size=(3, 3), stride=[2, 2], groups=96, bias=False)
          (_bn1): BatchNorm2d(96, eps=0.001, momentum=0.010000000000000009, affine=True, track_running_stats=True)
          (_se_reduce): Conv2dStaticSamePadding(
            96, 4, kernel_size=(1, 1), stride=(1, 1)
            (static_padding): Identity()
          )
          (_se_expand): Conv2dStaticSamePadding(
            4, 96, kernel_size=(1, 1), stride=(1, 1)
            (static_padding): Identity()
          )
          (_project_conv): Conv2dDynamicSamePadding(96, 24, kernel_size=(1, 1), stride=(1, 1), bias=False)
          (_bn2): BatchNorm2d(24, eps=0.001, momentum=0.010000000000000009, affine=True, track_running_stats=True)
          (_swish): MemoryEfficientSwish()
        )
        (2): MBConvBlock(
          (_expand_conv): Conv2dDynamicSamePadding(24, 144, kernel_size=(1, 1), stride=(1, 1), bias=False)
          (_bn0): BatchNorm2d(144, eps=0.001, momentum=0.010000000000000009, affine=True, track_running_stats=True)
          (_depthwise_conv): Conv2dDynamicSamePadding(144, 144, kernel_size=(3, 3), stride=(1, 1), groups=144, bias=False)
          (_bn1): BatchNorm2d(144, eps=0.001, momentum=0.010000000000000009, affine=True, track_running_stats=True)
          (_se_reduce): Conv2dStaticSamePadding(
            144, 6, kernel_size=(1, 1), stride=(1, 1)
            (static_padding): Identity()
          )
          (_se_expand): Conv2dStaticSamePadding(
            6, 144, kernel_size=(1, 1), stride=(1, 1)
            (static_padding): Identity()
          )
          (_project_conv): Conv2dDynamicSamePadding(144, 24, kernel_size=(1, 1), stride=(1, 1), bias=False)
          (_bn2): BatchNorm2d(24, eps=0.001, momentum=0.010000000000000009, affine=True, track_running_stats=True)
          (_swish): MemoryEfficientSwish()
        )
        (3): MBConvBlock(
          (_expand_conv): Conv2dDynamicSamePadding(24, 144, kernel_size=(1, 1), stride=(1, 1), bias=False)
          (_bn0): BatchNorm2d(144, eps=0.001, momentum=0.010000000000000009, affine=True, track_running_stats=True)
          (_depthwise_conv): Conv2dDynamicSamePadding(144, 144, kernel_size=(5, 5), stride=[2, 2], groups=144, bias=False)
          (_bn1): BatchNorm2d(144, eps=0.001, momentum=0.010000000000000009, affine=True, track_running_stats=True)
          (_se_reduce): Conv2dStaticSamePadding(
            144, 6, kernel_size=(1, 1), stride=(1, 1)
            (static_padding): Identity()
          )
          (_se_expand): Conv2dStaticSamePadding(
            6, 144, kernel_size=(1, 1), stride=(1, 1)
            (static_padding): Identity()
          )
          (_project_conv): Conv2dDynamicSamePadding(144, 40, kernel_size=(1, 1), stride=(1, 1), bias=False)
          (_bn2): BatchNorm2d(40, eps=0.001, momentum=0.010000000000000009, affine=True, track_running_stats=True)
          (_swish): MemoryEfficientSwish()
        )
        (4): MBConvBlock(
          (_expand_conv): Conv2dDynamicSamePadding(40, 240, kernel_size=(1, 1), stride=(1, 1), bias=False)
          (_bn0): BatchNorm2d(240, eps=0.001, momentum=0.010000000000000009, affine=True, track_running_stats=True)
          (_depthwise_conv): Conv2dDynamicSamePadding(240, 240, kernel_size=(5, 5), stride=(1, 1), groups=240, bias=False)
          (_bn1): BatchNorm2d(240, eps=0.001, momentum=0.010000000000000009, affine=True, track_running_stats=True)
          (_se_reduce): Conv2dStaticSamePadding(
            240, 10, kernel_size=(1, 1), stride=(1, 1)
            (static_padding): Identity()
          )
          (_se_expand): Conv2dStaticSamePadding(
            10, 240, kernel_size=(1, 1), stride=(1, 1)
            (static_padding): Identity()
          )
          (_project_conv): Conv2dDynamicSamePadding(240, 40, kernel_size=(1, 1), stride=(1, 1), bias=False)
          (_bn2): BatchNorm2d(40, eps=0.001, momentum=0.010000000000000009, affine=True, track_running_stats=True)
          (_swish): MemoryEfficientSwish()
        )
        (5): MBConvBlock(
          (_expand_conv): Conv2dDynamicSamePadding(40, 240, kernel_size=(1, 1), stride=(1, 1), bias=False)
          (_bn0): BatchNorm2d(240, eps=0.001, momentum=0.010000000000000009, affine=True, track_running_stats=True)
          (_depthwise_conv): Conv2dDynamicSamePadding(240, 240, kernel_size=(3, 3), stride=[2, 2], groups=240, bias=False)
          (_bn1): BatchNorm2d(240, eps=0.001, momentum=0.010000000000000009, affine=True, track_running_stats=True)
          (_se_reduce): Conv2dStaticSamePadding(
            240, 10, kernel_size=(1, 1), stride=(1, 1)
            (static_padding): Identity()
          )
          (_se_expand): Conv2dStaticSamePadding(
            10, 240, kernel_size=(1, 1), stride=(1, 1)
            (static_padding): Identity()
          )
          (_project_conv): Conv2dDynamicSamePadding(240, 80, kernel_size=(1, 1), stride=(1, 1), bias=False)
          (_bn2): BatchNorm2d(80, eps=0.001, momentum=0.010000000000000009, affine=True, track_running_stats=True)
          (_swish): MemoryEfficientSwish()
        )
        (6): MBConvBlock(
          (_expand_conv): Conv2dDynamicSamePadding(80, 480, kernel_size=(1, 1), stride=(1, 1), bias=False)
          (_bn0): BatchNorm2d(480, eps=0.001, momentum=0.010000000000000009, affine=True, track_running_stats=True)
          (_depthwise_conv): Conv2dDynamicSamePadding(480, 480, kernel_size=(3, 3), stride=(1, 1), groups=480, bias=False)
          (_bn1): BatchNorm2d(480, eps=0.001, momentum=0.010000000000000009, affine=True, track_running_stats=True)
          (_se_reduce): Conv2dStaticSamePadding(
            480, 20, kernel_size=(1, 1), stride=(1, 1)
            (static_padding): Identity()
          )
          (_se_expand): Conv2dStaticSamePadding(
            20, 480, kernel_size=(1, 1), stride=(1, 1)
            (static_padding): Identity()
          )
          (_project_conv): Conv2dDynamicSamePadding(480, 80, kernel_size=(1, 1), stride=(1, 1), bias=False)
          (_bn2): BatchNorm2d(80, eps=0.001, momentum=0.010000000000000009, affine=True, track_running_stats=True)
          (_swish): MemoryEfficientSwish()
        )
        (7): MBConvBlock(
          (_expand_conv): Conv2dDynamicSamePadding(80, 480, kernel_size=(1, 1), stride=(1, 1), bias=False)
          (_bn0): BatchNorm2d(480, eps=0.001, momentum=0.010000000000000009, affine=True, track_running_stats=True)
          (_depthwise_conv): Conv2dDynamicSamePadding(480, 480, kernel_size=(3, 3), stride=(1, 1), groups=480, bias=False)
          (_bn1): BatchNorm2d(480, eps=0.001, momentum=0.010000000000000009, affine=True, track_running_stats=True)
          (_se_reduce): Conv2dStaticSamePadding(
            480, 20, kernel_size=(1, 1), stride=(1, 1)
            (static_padding): Identity()
          )
          (_se_expand): Conv2dStaticSamePadding(
            20, 480, kernel_size=(1, 1), stride=(1, 1)
            (static_padding): Identity()
          )
          (_project_conv): Conv2dDynamicSamePadding(480, 80, kernel_size=(1, 1), stride=(1, 1), bias=False)
          (_bn2): BatchNorm2d(80, eps=0.001, momentum=0.010000000000000009, affine=True, track_running_stats=True)
          (_swish): MemoryEfficientSwish()
        )
        (8): MBConvBlock(
          (_expand_conv): Conv2dDynamicSamePadding(80, 480, kernel_size=(1, 1), stride=(1, 1), bias=False)
          (_bn0): BatchNorm2d(480, eps=0.001, momentum=0.010000000000000009, affine=True, track_running_stats=True)
          (_depthwise_conv): Conv2dDynamicSamePadding(480, 480, kernel_size=(5, 5), stride=[1, 1], groups=480, bias=False)
          (_bn1): BatchNorm2d(480, eps=0.001, momentum=0.010000000000000009, affine=True, track_running_stats=True)
          (_se_reduce): Conv2dStaticSamePadding(
            480, 20, kernel_size=(1, 1), stride=(1, 1)
            (static_padding): Identity()
          )
          (_se_expand): Conv2dStaticSamePadding(
            20, 480, kernel_size=(1, 1), stride=(1, 1)
            (static_padding): Identity()
          )
          (_project_conv): Conv2dDynamicSamePadding(480, 112, kernel_size=(1, 1), stride=(1, 1), bias=False)
          (_bn2): BatchNorm2d(112, eps=0.001, momentum=0.010000000000000009, affine=True, track_running_stats=True)
          (_swish): MemoryEfficientSwish()
        )
        (9): MBConvBlock(
          (_expand_conv): Conv2dDynamicSamePadding(112, 672, kernel_size=(1, 1), stride=(1, 1), bias=False)
          (_bn0): BatchNorm2d(672, eps=0.001, momentum=0.010000000000000009, affine=True, track_running_stats=True)
          (_depthwise_conv): Conv2dDynamicSamePadding(672, 672, kernel_size=(5, 5), stride=(1, 1), groups=672, bias=False)
          (_bn1): BatchNorm2d(672, eps=0.001, momentum=0.010000000000000009, affine=True, track_running_stats=True)
          (_se_reduce): Conv2dStaticSamePadding(
            672, 28, kernel_size=(1, 1), stride=(1, 1)
            (static_padding): Identity()
          )
          (_se_expand): Conv2dStaticSamePadding(
            28, 672, kernel_size=(1, 1), stride=(1, 1)
            (static_padding): Identity()
          )
          (_project_conv): Conv2dDynamicSamePadding(672, 112, kernel_size=(1, 1), stride=(1, 1), bias=False)
          (_bn2): BatchNorm2d(112, eps=0.001, momentum=0.010000000000000009, affine=True, track_running_stats=True)
          (_swish): MemoryEfficientSwish()
        )
        (10): MBConvBlock(
          (_expand_conv): Conv2dDynamicSamePadding(112, 672, kernel_size=(1, 1), stride=(1, 1), bias=False)
          (_bn0): BatchNorm2d(672, eps=0.001, momentum=0.010000000000000009, affine=True, track_running_stats=True)
          (_depthwise_conv): Conv2dDynamicSamePadding(672, 672, kernel_size=(5, 5), stride=(1, 1), groups=672, bias=False)
          (_bn1): BatchNorm2d(672, eps=0.001, momentum=0.010000000000000009, affine=True, track_running_stats=True)
          (_se_reduce): Conv2dStaticSamePadding(
            672, 28, kernel_size=(1, 1), stride=(1, 1)
            (static_padding): Identity()
          )
          (_se_expand): Conv2dStaticSamePadding(
            28, 672, kernel_size=(1, 1), stride=(1, 1)
            (static_padding): Identity()
          )
          (_project_conv): Conv2dDynamicSamePadding(672, 112, kernel_size=(1, 1), stride=(1, 1), bias=False)
          (_bn2): BatchNorm2d(112, eps=0.001, momentum=0.010000000000000009, affine=True, track_running_stats=True)
          (_swish): MemoryEfficientSwish()
        )
        (11): MBConvBlock(
          (_expand_conv): Conv2dDynamicSamePadding(112, 672, kernel_size=(1, 1), stride=(1, 1), bias=False)
          (_bn0): BatchNorm2d(672, eps=0.001, momentum=0.010000000000000009, affine=True, track_running_stats=True)
          (_depthwise_conv): Conv2dDynamicSamePadding(672, 672, kernel_size=(5, 5), stride=[2, 2], groups=672, bias=False)
          (_bn1): BatchNorm2d(672, eps=0.001, momentum=0.010000000000000009, affine=True, track_running_stats=True)
          (_se_reduce): Conv2dStaticSamePadding(
            672, 28, kernel_size=(1, 1), stride=(1, 1)
            (static_padding): Identity()
          )
          (_se_expand): Conv2dStaticSamePadding(
            28, 672, kernel_size=(1, 1), stride=(1, 1)
            (static_padding): Identity()
          )
          (_project_conv): Conv2dDynamicSamePadding(672, 192, kernel_size=(1, 1), stride=(1, 1), bias=False)
          (_bn2): BatchNorm2d(192, eps=0.001, momentum=0.010000000000000009, affine=True, track_running_stats=True)
          (_swish): MemoryEfficientSwish()
        )
        (12): MBConvBlock(
          (_expand_conv): Conv2dDynamicSamePadding(192, 1152, kernel_size=(1, 1), stride=(1, 1), bias=False)
          (_bn0): BatchNorm2d(1152, eps=0.001, momentum=0.010000000000000009, affine=True, track_running_stats=True)
          (_depthwise_conv): Conv2dDynamicSamePadding(1152, 1152, kernel_size=(5, 5), stride=(1, 1), groups=1152, bias=False)
          (_bn1): BatchNorm2d(1152, eps=0.001, momentum=0.010000000000000009, affine=True, track_running_stats=True)
          (_se_reduce): Conv2dStaticSamePadding(
            1152, 48, kernel_size=(1, 1), stride=(1, 1)
            (static_padding): Identity()
          )
          (_se_expand): Conv2dStaticSamePadding(
            48, 1152, kernel_size=(1, 1), stride=(1, 1)
            (static_padding): Identity()
          )
          (_project_conv): Conv2dDynamicSamePadding(1152, 192, kernel_size=(1, 1), stride=(1, 1), bias=False)
          (_bn2): BatchNorm2d(192, eps=0.001, momentum=0.010000000000000009, affine=True, track_running_stats=True)
          (_swish): MemoryEfficientSwish()
        )
        (13): MBConvBlock(
          (_expand_conv): Conv2dDynamicSamePadding(192, 1152, kernel_size=(1, 1), stride=(1, 1), bias=False)
          (_bn0): BatchNorm2d(1152, eps=0.001, momentum=0.010000000000000009, affine=True, track_running_stats=True)
          (_depthwise_conv): Conv2dDynamicSamePadding(1152, 1152, kernel_size=(5, 5), stride=(1, 1), groups=1152, bias=False)
          (_bn1): BatchNorm2d(1152, eps=0.001, momentum=0.010000000000000009, affine=True, track_running_stats=True)
          (_se_reduce): Conv2dStaticSamePadding(
            1152, 48, kernel_size=(1, 1), stride=(1, 1)
            (static_padding): Identity()
          )
          (_se_expand): Conv2dStaticSamePadding(
            48, 1152, kernel_size=(1, 1), stride=(1, 1)
            (static_padding): Identity()
          )
          (_project_conv): Conv2dDynamicSamePadding(1152, 192, kernel_size=(1, 1), stride=(1, 1), bias=False)
          (_bn2): BatchNorm2d(192, eps=0.001, momentum=0.010000000000000009, affine=True, track_running_stats=True)
          (_swish): MemoryEfficientSwish()
        )
        (14): MBConvBlock(
          (_expand_conv): Conv2dDynamicSamePadding(192, 1152, kernel_size=(1, 1), stride=(1, 1), bias=False)
          (_bn0): BatchNorm2d(1152, eps=0.001, momentum=0.010000000000000009, affine=True, track_running_stats=True)
          (_depthwise_conv): Conv2dDynamicSamePadding(1152, 1152, kernel_size=(5, 5), stride=(1, 1), groups=1152, bias=False)
          (_bn1): BatchNorm2d(1152, eps=0.001, momentum=0.010000000000000009, affine=True, track_running_stats=True)
          (_se_reduce): Conv2dStaticSamePadding(
            1152, 48, kernel_size=(1, 1), stride=(1, 1)
            (static_padding): Identity()
          )
          (_se_expand): Conv2dStaticSamePadding(
            48, 1152, kernel_size=(1, 1), stride=(1, 1)
            (static_padding): Identity()
          )
          (_project_conv): Conv2dDynamicSamePadding(1152, 192, kernel_size=(1, 1), stride=(1, 1), bias=False)
          (_bn2): BatchNorm2d(192, eps=0.001, momentum=0.010000000000000009, affine=True, track_running_stats=True)
          (_swish): MemoryEfficientSwish()
        )
        (15): MBConvBlock(
          (_expand_conv): Conv2dDynamicSamePadding(192, 1152, kernel_size=(1, 1), stride=(1, 1), bias=False)
          (_bn0): BatchNorm2d(1152, eps=0.001, momentum=0.010000000000000009, affine=True, track_running_stats=True)
          (_depthwise_conv): Conv2dDynamicSamePadding(1152, 1152, kernel_size=(3, 3), stride=[1, 1], groups=1152, bias=False)
          (_bn1): BatchNorm2d(1152, eps=0.001, momentum=0.010000000000000009, affine=True, track_running_stats=True)
          (_se_reduce): Conv2dStaticSamePadding(
            1152, 48, kernel_size=(1, 1), stride=(1, 1)
            (static_padding): Identity()
          )
          (_se_expand): Conv2dStaticSamePadding(
            48, 1152, kernel_size=(1, 1), stride=(1, 1)
            (static_padding): Identity()
          )
          (_project_conv): Conv2dDynamicSamePadding(1152, 320, kernel_size=(1, 1), stride=(1, 1), bias=False)
          (_bn2): BatchNorm2d(320, eps=0.001, momentum=0.010000000000000009, affine=True, track_running_stats=True)
          (_swish): MemoryEfficientSwish()
        )
      )
      (_conv_head): Conv2dDynamicSamePadding(320, 1280, kernel_size=(1, 1), stride=(1, 1), bias=False)
      (_bn1): BatchNorm2d(1280, eps=0.001, momentum=0.010000000000000009, affine=True, track_running_stats=True)
      (_avg_pooling): AdaptiveMaxPool2d(output_size=1)
      (_swish): MemoryEfficientSwish()
    )
  )
  (classifier): Linear(in_features=1280, out_features=4, bias=True)
)
loading from checkpoint only weights : /nlsasfs/home/nltm-pilot/sandeshk/icassp/checkpoints/checkpoint_53_maxpool_pic.pth.tar
Model missing keys
['classifier.weight', 'classifier.bias']
Model unexpected keys
[]
done loading
Starting To Train
epoch :1 Train loss: 1.082766056060791 Train accuracy: 0.5284667418263811 Valid loss: 1.2516498565673828 Valid accuracy: 0.41932059447983017
epoch :2 Train loss: 1.3216032981872559 Train accuracy: 0.45434047350620066 Valid loss: 1.6942565441131592 Valid accuracy: 0.29723991507430997
epoch :3 Train loss: 0.8384816646575928 Train accuracy: 0.6696730552423901 Valid loss: 1.1366422176361084 Valid accuracy: 0.5912951167728238
epoch :4 Train loss: 0.7418708801269531 Train accuracy: 0.7091319052987599 Valid loss: 1.040279746055603 Valid accuracy: 0.5955414012738853
epoch :5 Train loss: 0.5872024893760681 Train accuracy: 0.778184892897407 Valid loss: 1.0198835134506226 Valid accuracy: 0.6210191082802548
epoch :6 Train loss: 0.7883216142654419 Train accuracy: 0.6716459977452086 Valid loss: 1.5090628862380981 Valid accuracy: 0.5116772823779193
epoch :7 Train loss: 0.4929909408092499 Train accuracy: 0.8187711386696731 Valid loss: 1.0975351333618164 Valid accuracy: 0.6242038216560509
epoch :8 Train loss: 0.4559907913208008 Train accuracy: 0.839064261555806 Valid loss: 1.1971052885055542 Valid accuracy: 0.5605095541401274
epoch :9 Train loss: 0.3357788920402527 Train accuracy: 0.8796505073280722 Valid loss: 1.4534082412719727 Valid accuracy: 0.6061571125265393
epoch :10 Train loss: 0.27374693751335144 Train accuracy: 0.8974069898534386 Valid loss: 1.4874615669250488 Valid accuracy: 0.6061571125265393
epoch :11 Train loss: 0.2225794792175293 Train accuracy: 0.9210822998872604 Valid loss: 1.758339762687683 Valid accuracy: 0.5902335456475584
epoch :12 Train loss: 0.13914796710014343 Train accuracy: 0.9509582863585119 Valid loss: 1.668322205543518 Valid accuracy: 0.613588110403397
epoch :13 Train loss: 0.12183325737714767 Train accuracy: 0.9627959413754228 Valid loss: 1.6307551860809326 Valid accuracy: 0.5955414012738853
epoch :14 Train loss: 0.24327097833156586 Train accuracy: 0.9106538895152199 Valid loss: 2.026880979537964 Valid accuracy: 0.5849256900212314
epoch :15 Train loss: 0.21525722742080688 Train accuracy: 0.9145997745208568 Valid loss: 1.9527612924575806 Valid accuracy: 0.5318471337579618
epoch :16 Train loss: 0.06323319673538208 Train accuracy: 0.9808342728297632 Valid loss: 1.9355666637420654 Valid accuracy: 0.5997876857749469
epoch :17 Train loss: 0.0580093115568161 Train accuracy: 0.9811161217587373 Valid loss: 2.5984935760498047 Valid accuracy: 0.5690021231422505
epoch :18 Train loss: 0.11078484356403351 Train accuracy: 0.9625140924464487 Valid loss: 2.2884202003479004 Valid accuracy: 0.5721868365180467
epoch :19 Train loss: 0.13402611017227173 Train accuracy: 0.9543404735062007 Valid loss: 2.6150217056274414 Valid accuracy: 0.5520169851380042
epoch :20 Train loss: 0.051661476492881775 Train accuracy: 0.9811161217587373 Valid loss: 2.5417072772979736 Valid accuracy: 0.559447983014862
epoch :21 Train loss: 0.20801959931850433 Train accuracy: 0.9241826381059752 Valid loss: 2.9725303649902344 Valid accuracy: 0.5371549893842887
epoch :22 Train loss: 0.026846276596188545 Train accuracy: 0.9915445321307779 Valid loss: 2.501119613647461 Valid accuracy: 0.5711252653927813
epoch :23 Train loss: 0.03692743182182312 Train accuracy: 0.9867531003382187 Valid loss: 2.6126790046691895 Valid accuracy: 0.5721868365180467
epoch :24 Train loss: 0.08738277852535248 Train accuracy: 0.9687147688838782 Valid loss: 3.0778162479400635 Valid accuracy: 0.564755838641189
epoch :25 Train loss: 0.17118079960346222 Train accuracy: 0.9402480270574972 Valid loss: 2.7911834716796875 Valid accuracy: 0.5498938428874734
epoch :26 Train loss: 0.02363615296781063 Train accuracy: 0.9932356257046223 Valid loss: 2.5509891510009766 Valid accuracy: 0.5902335456475584
epoch :27 Train loss: 0.12193934619426727 Train accuracy: 0.9585682074408117 Valid loss: 2.7001805305480957 Valid accuracy: 0.5414012738853503
epoch :28 Train loss: 0.047960806638002396 Train accuracy: 0.9836527621195039 Valid loss: 2.490895986557007 Valid accuracy: 0.5711252653927813
epoch :29 Train loss: 0.035295434296131134 Train accuracy: 0.9881623449830891 Valid loss: 2.588946580886841 Valid accuracy: 0.5806794055201698
epoch :30 Train loss: 0.024809597060084343 Train accuracy: 0.9937993235625705 Valid loss: 2.7308437824249268 Valid accuracy: 0.5987261146496815
epoch :31 Train loss: 0.036279283463954926 Train accuracy: 0.9875986471251409 Valid loss: 2.778717517852783 Valid accuracy: 0.5615711252653928
epoch :32 Train loss: 0.013170645572245121 Train accuracy: 0.9974633596392334 Valid loss: 2.4446425437927246 Valid accuracy: 0.5976645435244161
epoch :33 Train loss: 0.025798151269555092 Train accuracy: 0.9906989853438557 Valid loss: 2.5707247257232666 Valid accuracy: 0.5690021231422505
epoch :34 Train loss: 0.02155102975666523 Train accuracy: 0.9932356257046223 Valid loss: 2.82123064994812 Valid accuracy: 0.5881104033970276
epoch :35 Train loss: 0.021224236115813255 Train accuracy: 0.9929537767756482 Valid loss: 2.8981199264526367 Valid accuracy: 0.5690021231422505
epoch :36 Train loss: 0.025508657097816467 Train accuracy: 0.991826381059752 Valid loss: 3.0404505729675293 Valid accuracy: 0.5849256900212314
epoch :37 Train loss: 0.009987968020141125 Train accuracy: 0.9974633596392334 Valid loss: 2.9661381244659424 Valid accuracy: 0.5976645435244161
epoch :38 Train loss: 0.027110561728477478 Train accuracy: 0.9906989853438557 Valid loss: 3.2548017501831055 Valid accuracy: 0.618895966029724
epoch :39 Train loss: 0.0801946297287941 Train accuracy: 0.9746335963923337 Valid loss: 3.3011231422424316 Valid accuracy: 0.5339702760084926
epoch :40 Train loss: 0.025768207386136055 Train accuracy: 0.992108229988726 Valid loss: 2.9809060096740723 Valid accuracy: 0.5711252653927813
epoch :41 Train loss: 0.02902468666434288 Train accuracy: 0.9912626832018039 Valid loss: 2.7875771522521973 Valid accuracy: 0.5626326963906582
epoch :42 Train loss: 0.05869238078594208 Train accuracy: 0.979706877113867 Valid loss: 2.996838331222534 Valid accuracy: 0.5721868365180467
epoch :43 Train loss: 0.009902977384626865 Train accuracy: 0.9968996617812852 Valid loss: 2.923248767852783 Valid accuracy: 0.5806794055201698
epoch :44 Train loss: 0.005485231056809425 Train accuracy: 0.9977452085682075 Valid loss: 2.853825092315674 Valid accuracy: 0.5902335456475584
epoch :45 Train loss: 0.00780779542401433 Train accuracy: 0.9966178128523112 Valid loss: 3.1228396892547607 Valid accuracy: 0.5912951167728238
epoch :46 Train loss: 0.04063478857278824 Train accuracy: 0.9850620067643743 Valid loss: 3.282930374145508 Valid accuracy: 0.6019108280254777
epoch :47 Train loss: 0.0487547293305397 Train accuracy: 0.9828072153325818 Valid loss: 3.0272836685180664 Valid accuracy: 0.5435244161358811
epoch :48 Train loss: 0.054616738110780716 Train accuracy: 0.9816798196166855 Valid loss: 2.857787847518921 Valid accuracy: 0.583864118895966
epoch :49 Train loss: 0.06847695261240005 Train accuracy: 0.9751972942502819 Valid loss: 3.5266385078430176 Valid accuracy: 0.5743099787685775
epoch :50 Train loss: 0.02077619545161724 Train accuracy: 0.9926719278466741 Valid loss: 3.2872772216796875 Valid accuracy: 0.5923566878980892
max train accuracy : 0.9977452085682075
max valid accuracy : 0.6242038216560509
