Downstream Task birdsong_combined
Resume False, load only efficient net True, from path /nlsasfs/home/nltm-pilot/sandeshk/icassp/checkpoint_87_max_pool.pth.tar 
BS 64
complete args Namespace(batch_size=64, down_stream_task='birdsong_combined', epochs=20, exp_root='./exp/birdsong_combined/Max/87_max_pool_freeze', final_pooling_type='Max', freeze_effnet=True, load_only_efficientNet=True, pretrain_path='/nlsasfs/home/nltm-pilot/sandeshk/icassp/checkpoint_87_max_pool.pth.tar', resume=False, tag='87_max_pool_freeze', use_l2='l2')
DeepCluster_downstream(
  (model_efficient): DataParallel(
    (module): EfficientNet(
      (_conv_stem): Conv2dDynamicSamePadding(1, 32, kernel_size=(3, 3), stride=(2, 2), bias=False)
      (_bn0): BatchNorm2d(32, eps=0.001, momentum=0.010000000000000009, affine=True, track_running_stats=True)
      (_blocks): ModuleList(
        (0): MBConvBlock(
          (_depthwise_conv): Conv2dDynamicSamePadding(32, 32, kernel_size=(3, 3), stride=[1, 1], groups=32, bias=False)
          (_bn1): BatchNorm2d(32, eps=0.001, momentum=0.010000000000000009, affine=True, track_running_stats=True)
          (_se_reduce): Conv2dStaticSamePadding(
            32, 8, kernel_size=(1, 1), stride=(1, 1)
            (static_padding): Identity()
          )
          (_se_expand): Conv2dStaticSamePadding(
            8, 32, kernel_size=(1, 1), stride=(1, 1)
            (static_padding): Identity()
          )
          (_project_conv): Conv2dDynamicSamePadding(32, 16, kernel_size=(1, 1), stride=(1, 1), bias=False)
          (_bn2): BatchNorm2d(16, eps=0.001, momentum=0.010000000000000009, affine=True, track_running_stats=True)
          (_swish): MemoryEfficientSwish()
        )
        (1): MBConvBlock(
          (_expand_conv): Conv2dDynamicSamePadding(16, 96, kernel_size=(1, 1), stride=(1, 1), bias=False)
          (_bn0): BatchNorm2d(96, eps=0.001, momentum=0.010000000000000009, affine=True, track_running_stats=True)
          (_depthwise_conv): Conv2dDynamicSamePadding(96, 96, kernel_size=(3, 3), stride=[2, 2], groups=96, bias=False)
          (_bn1): BatchNorm2d(96, eps=0.001, momentum=0.010000000000000009, affine=True, track_running_stats=True)
          (_se_reduce): Conv2dStaticSamePadding(
            96, 4, kernel_size=(1, 1), stride=(1, 1)
            (static_padding): Identity()
          )
          (_se_expand): Conv2dStaticSamePadding(
            4, 96, kernel_size=(1, 1), stride=(1, 1)
            (static_padding): Identity()
          )
          (_project_conv): Conv2dDynamicSamePadding(96, 24, kernel_size=(1, 1), stride=(1, 1), bias=False)
          (_bn2): BatchNorm2d(24, eps=0.001, momentum=0.010000000000000009, affine=True, track_running_stats=True)
          (_swish): MemoryEfficientSwish()
        )
        (2): MBConvBlock(
          (_expand_conv): Conv2dDynamicSamePadding(24, 144, kernel_size=(1, 1), stride=(1, 1), bias=False)
          (_bn0): BatchNorm2d(144, eps=0.001, momentum=0.010000000000000009, affine=True, track_running_stats=True)
          (_depthwise_conv): Conv2dDynamicSamePadding(144, 144, kernel_size=(3, 3), stride=(1, 1), groups=144, bias=False)
          (_bn1): BatchNorm2d(144, eps=0.001, momentum=0.010000000000000009, affine=True, track_running_stats=True)
          (_se_reduce): Conv2dStaticSamePadding(
            144, 6, kernel_size=(1, 1), stride=(1, 1)
            (static_padding): Identity()
          )
          (_se_expand): Conv2dStaticSamePadding(
            6, 144, kernel_size=(1, 1), stride=(1, 1)
            (static_padding): Identity()
          )
          (_project_conv): Conv2dDynamicSamePadding(144, 24, kernel_size=(1, 1), stride=(1, 1), bias=False)
          (_bn2): BatchNorm2d(24, eps=0.001, momentum=0.010000000000000009, affine=True, track_running_stats=True)
          (_swish): MemoryEfficientSwish()
        )
        (3): MBConvBlock(
          (_expand_conv): Conv2dDynamicSamePadding(24, 144, kernel_size=(1, 1), stride=(1, 1), bias=False)
          (_bn0): BatchNorm2d(144, eps=0.001, momentum=0.010000000000000009, affine=True, track_running_stats=True)
          (_depthwise_conv): Conv2dDynamicSamePadding(144, 144, kernel_size=(5, 5), stride=[2, 2], groups=144, bias=False)
          (_bn1): BatchNorm2d(144, eps=0.001, momentum=0.010000000000000009, affine=True, track_running_stats=True)
          (_se_reduce): Conv2dStaticSamePadding(
            144, 6, kernel_size=(1, 1), stride=(1, 1)
            (static_padding): Identity()
          )
          (_se_expand): Conv2dStaticSamePadding(
            6, 144, kernel_size=(1, 1), stride=(1, 1)
            (static_padding): Identity()
          )
          (_project_conv): Conv2dDynamicSamePadding(144, 40, kernel_size=(1, 1), stride=(1, 1), bias=False)
          (_bn2): BatchNorm2d(40, eps=0.001, momentum=0.010000000000000009, affine=True, track_running_stats=True)
          (_swish): MemoryEfficientSwish()
        )
        (4): MBConvBlock(
          (_expand_conv): Conv2dDynamicSamePadding(40, 240, kernel_size=(1, 1), stride=(1, 1), bias=False)
          (_bn0): BatchNorm2d(240, eps=0.001, momentum=0.010000000000000009, affine=True, track_running_stats=True)
          (_depthwise_conv): Conv2dDynamicSamePadding(240, 240, kernel_size=(5, 5), stride=(1, 1), groups=240, bias=False)
          (_bn1): BatchNorm2d(240, eps=0.001, momentum=0.010000000000000009, affine=True, track_running_stats=True)
          (_se_reduce): Conv2dStaticSamePadding(
            240, 10, kernel_size=(1, 1), stride=(1, 1)
            (static_padding): Identity()
          )
          (_se_expand): Conv2dStaticSamePadding(
            10, 240, kernel_size=(1, 1), stride=(1, 1)
            (static_padding): Identity()
          )
          (_project_conv): Conv2dDynamicSamePadding(240, 40, kernel_size=(1, 1), stride=(1, 1), bias=False)
          (_bn2): BatchNorm2d(40, eps=0.001, momentum=0.010000000000000009, affine=True, track_running_stats=True)
          (_swish): MemoryEfficientSwish()
        )
        (5): MBConvBlock(
          (_expand_conv): Conv2dDynamicSamePadding(40, 240, kernel_size=(1, 1), stride=(1, 1), bias=False)
          (_bn0): BatchNorm2d(240, eps=0.001, momentum=0.010000000000000009, affine=True, track_running_stats=True)
          (_depthwise_conv): Conv2dDynamicSamePadding(240, 240, kernel_size=(3, 3), stride=[2, 2], groups=240, bias=False)
          (_bn1): BatchNorm2d(240, eps=0.001, momentum=0.010000000000000009, affine=True, track_running_stats=True)
          (_se_reduce): Conv2dStaticSamePadding(
            240, 10, kernel_size=(1, 1), stride=(1, 1)
            (static_padding): Identity()
          )
          (_se_expand): Conv2dStaticSamePadding(
            10, 240, kernel_size=(1, 1), stride=(1, 1)
            (static_padding): Identity()
          )
          (_project_conv): Conv2dDynamicSamePadding(240, 80, kernel_size=(1, 1), stride=(1, 1), bias=False)
          (_bn2): BatchNorm2d(80, eps=0.001, momentum=0.010000000000000009, affine=True, track_running_stats=True)
          (_swish): MemoryEfficientSwish()
        )
        (6): MBConvBlock(
          (_expand_conv): Conv2dDynamicSamePadding(80, 480, kernel_size=(1, 1), stride=(1, 1), bias=False)
          (_bn0): BatchNorm2d(480, eps=0.001, momentum=0.010000000000000009, affine=True, track_running_stats=True)
          (_depthwise_conv): Conv2dDynamicSamePadding(480, 480, kernel_size=(3, 3), stride=(1, 1), groups=480, bias=False)
          (_bn1): BatchNorm2d(480, eps=0.001, momentum=0.010000000000000009, affine=True, track_running_stats=True)
          (_se_reduce): Conv2dStaticSamePadding(
            480, 20, kernel_size=(1, 1), stride=(1, 1)
            (static_padding): Identity()
          )
          (_se_expand): Conv2dStaticSamePadding(
            20, 480, kernel_size=(1, 1), stride=(1, 1)
            (static_padding): Identity()
          )
          (_project_conv): Conv2dDynamicSamePadding(480, 80, kernel_size=(1, 1), stride=(1, 1), bias=False)
          (_bn2): BatchNorm2d(80, eps=0.001, momentum=0.010000000000000009, affine=True, track_running_stats=True)
          (_swish): MemoryEfficientSwish()
        )
        (7): MBConvBlock(
          (_expand_conv): Conv2dDynamicSamePadding(80, 480, kernel_size=(1, 1), stride=(1, 1), bias=False)
          (_bn0): BatchNorm2d(480, eps=0.001, momentum=0.010000000000000009, affine=True, track_running_stats=True)
          (_depthwise_conv): Conv2dDynamicSamePadding(480, 480, kernel_size=(3, 3), stride=(1, 1), groups=480, bias=False)
          (_bn1): BatchNorm2d(480, eps=0.001, momentum=0.010000000000000009, affine=True, track_running_stats=True)
          (_se_reduce): Conv2dStaticSamePadding(
            480, 20, kernel_size=(1, 1), stride=(1, 1)
            (static_padding): Identity()
          )
          (_se_expand): Conv2dStaticSamePadding(
            20, 480, kernel_size=(1, 1), stride=(1, 1)
            (static_padding): Identity()
          )
          (_project_conv): Conv2dDynamicSamePadding(480, 80, kernel_size=(1, 1), stride=(1, 1), bias=False)
          (_bn2): BatchNorm2d(80, eps=0.001, momentum=0.010000000000000009, affine=True, track_running_stats=True)
          (_swish): MemoryEfficientSwish()
        )
        (8): MBConvBlock(
          (_expand_conv): Conv2dDynamicSamePadding(80, 480, kernel_size=(1, 1), stride=(1, 1), bias=False)
          (_bn0): BatchNorm2d(480, eps=0.001, momentum=0.010000000000000009, affine=True, track_running_stats=True)
          (_depthwise_conv): Conv2dDynamicSamePadding(480, 480, kernel_size=(5, 5), stride=[1, 1], groups=480, bias=False)
          (_bn1): BatchNorm2d(480, eps=0.001, momentum=0.010000000000000009, affine=True, track_running_stats=True)
          (_se_reduce): Conv2dStaticSamePadding(
            480, 20, kernel_size=(1, 1), stride=(1, 1)
            (static_padding): Identity()
          )
          (_se_expand): Conv2dStaticSamePadding(
            20, 480, kernel_size=(1, 1), stride=(1, 1)
            (static_padding): Identity()
          )
          (_project_conv): Conv2dDynamicSamePadding(480, 112, kernel_size=(1, 1), stride=(1, 1), bias=False)
          (_bn2): BatchNorm2d(112, eps=0.001, momentum=0.010000000000000009, affine=True, track_running_stats=True)
          (_swish): MemoryEfficientSwish()
        )
        (9): MBConvBlock(
          (_expand_conv): Conv2dDynamicSamePadding(112, 672, kernel_size=(1, 1), stride=(1, 1), bias=False)
          (_bn0): BatchNorm2d(672, eps=0.001, momentum=0.010000000000000009, affine=True, track_running_stats=True)
          (_depthwise_conv): Conv2dDynamicSamePadding(672, 672, kernel_size=(5, 5), stride=(1, 1), groups=672, bias=False)
          (_bn1): BatchNorm2d(672, eps=0.001, momentum=0.010000000000000009, affine=True, track_running_stats=True)
          (_se_reduce): Conv2dStaticSamePadding(
            672, 28, kernel_size=(1, 1), stride=(1, 1)
            (static_padding): Identity()
          )
          (_se_expand): Conv2dStaticSamePadding(
            28, 672, kernel_size=(1, 1), stride=(1, 1)
            (static_padding): Identity()
          )
          (_project_conv): Conv2dDynamicSamePadding(672, 112, kernel_size=(1, 1), stride=(1, 1), bias=False)
          (_bn2): BatchNorm2d(112, eps=0.001, momentum=0.010000000000000009, affine=True, track_running_stats=True)
          (_swish): MemoryEfficientSwish()
        )
        (10): MBConvBlock(
          (_expand_conv): Conv2dDynamicSamePadding(112, 672, kernel_size=(1, 1), stride=(1, 1), bias=False)
          (_bn0): BatchNorm2d(672, eps=0.001, momentum=0.010000000000000009, affine=True, track_running_stats=True)
          (_depthwise_conv): Conv2dDynamicSamePadding(672, 672, kernel_size=(5, 5), stride=(1, 1), groups=672, bias=False)
          (_bn1): BatchNorm2d(672, eps=0.001, momentum=0.010000000000000009, affine=True, track_running_stats=True)
          (_se_reduce): Conv2dStaticSamePadding(
            672, 28, kernel_size=(1, 1), stride=(1, 1)
            (static_padding): Identity()
          )
          (_se_expand): Conv2dStaticSamePadding(
            28, 672, kernel_size=(1, 1), stride=(1, 1)
            (static_padding): Identity()
          )
          (_project_conv): Conv2dDynamicSamePadding(672, 112, kernel_size=(1, 1), stride=(1, 1), bias=False)
          (_bn2): BatchNorm2d(112, eps=0.001, momentum=0.010000000000000009, affine=True, track_running_stats=True)
          (_swish): MemoryEfficientSwish()
        )
        (11): MBConvBlock(
          (_expand_conv): Conv2dDynamicSamePadding(112, 672, kernel_size=(1, 1), stride=(1, 1), bias=False)
          (_bn0): BatchNorm2d(672, eps=0.001, momentum=0.010000000000000009, affine=True, track_running_stats=True)
          (_depthwise_conv): Conv2dDynamicSamePadding(672, 672, kernel_size=(5, 5), stride=[2, 2], groups=672, bias=False)
          (_bn1): BatchNorm2d(672, eps=0.001, momentum=0.010000000000000009, affine=True, track_running_stats=True)
          (_se_reduce): Conv2dStaticSamePadding(
            672, 28, kernel_size=(1, 1), stride=(1, 1)
            (static_padding): Identity()
          )
          (_se_expand): Conv2dStaticSamePadding(
            28, 672, kernel_size=(1, 1), stride=(1, 1)
            (static_padding): Identity()
          )
          (_project_conv): Conv2dDynamicSamePadding(672, 192, kernel_size=(1, 1), stride=(1, 1), bias=False)
          (_bn2): BatchNorm2d(192, eps=0.001, momentum=0.010000000000000009, affine=True, track_running_stats=True)
          (_swish): MemoryEfficientSwish()
        )
        (12): MBConvBlock(
          (_expand_conv): Conv2dDynamicSamePadding(192, 1152, kernel_size=(1, 1), stride=(1, 1), bias=False)
          (_bn0): BatchNorm2d(1152, eps=0.001, momentum=0.010000000000000009, affine=True, track_running_stats=True)
          (_depthwise_conv): Conv2dDynamicSamePadding(1152, 1152, kernel_size=(5, 5), stride=(1, 1), groups=1152, bias=False)
          (_bn1): BatchNorm2d(1152, eps=0.001, momentum=0.010000000000000009, affine=True, track_running_stats=True)
          (_se_reduce): Conv2dStaticSamePadding(
            1152, 48, kernel_size=(1, 1), stride=(1, 1)
            (static_padding): Identity()
          )
          (_se_expand): Conv2dStaticSamePadding(
            48, 1152, kernel_size=(1, 1), stride=(1, 1)
            (static_padding): Identity()
          )
          (_project_conv): Conv2dDynamicSamePadding(1152, 192, kernel_size=(1, 1), stride=(1, 1), bias=False)
          (_bn2): BatchNorm2d(192, eps=0.001, momentum=0.010000000000000009, affine=True, track_running_stats=True)
          (_swish): MemoryEfficientSwish()
        )
        (13): MBConvBlock(
          (_expand_conv): Conv2dDynamicSamePadding(192, 1152, kernel_size=(1, 1), stride=(1, 1), bias=False)
          (_bn0): BatchNorm2d(1152, eps=0.001, momentum=0.010000000000000009, affine=True, track_running_stats=True)
          (_depthwise_conv): Conv2dDynamicSamePadding(1152, 1152, kernel_size=(5, 5), stride=(1, 1), groups=1152, bias=False)
          (_bn1): BatchNorm2d(1152, eps=0.001, momentum=0.010000000000000009, affine=True, track_running_stats=True)
          (_se_reduce): Conv2dStaticSamePadding(
            1152, 48, kernel_size=(1, 1), stride=(1, 1)
            (static_padding): Identity()
          )
          (_se_expand): Conv2dStaticSamePadding(
            48, 1152, kernel_size=(1, 1), stride=(1, 1)
            (static_padding): Identity()
          )
          (_project_conv): Conv2dDynamicSamePadding(1152, 192, kernel_size=(1, 1), stride=(1, 1), bias=False)
          (_bn2): BatchNorm2d(192, eps=0.001, momentum=0.010000000000000009, affine=True, track_running_stats=True)
          (_swish): MemoryEfficientSwish()
        )
        (14): MBConvBlock(
          (_expand_conv): Conv2dDynamicSamePadding(192, 1152, kernel_size=(1, 1), stride=(1, 1), bias=False)
          (_bn0): BatchNorm2d(1152, eps=0.001, momentum=0.010000000000000009, affine=True, track_running_stats=True)
          (_depthwise_conv): Conv2dDynamicSamePadding(1152, 1152, kernel_size=(5, 5), stride=(1, 1), groups=1152, bias=False)
          (_bn1): BatchNorm2d(1152, eps=0.001, momentum=0.010000000000000009, affine=True, track_running_stats=True)
          (_se_reduce): Conv2dStaticSamePadding(
            1152, 48, kernel_size=(1, 1), stride=(1, 1)
            (static_padding): Identity()
          )
          (_se_expand): Conv2dStaticSamePadding(
            48, 1152, kernel_size=(1, 1), stride=(1, 1)
            (static_padding): Identity()
          )
          (_project_conv): Conv2dDynamicSamePadding(1152, 192, kernel_size=(1, 1), stride=(1, 1), bias=False)
          (_bn2): BatchNorm2d(192, eps=0.001, momentum=0.010000000000000009, affine=True, track_running_stats=True)
          (_swish): MemoryEfficientSwish()
        )
        (15): MBConvBlock(
          (_expand_conv): Conv2dDynamicSamePadding(192, 1152, kernel_size=(1, 1), stride=(1, 1), bias=False)
          (_bn0): BatchNorm2d(1152, eps=0.001, momentum=0.010000000000000009, affine=True, track_running_stats=True)
          (_depthwise_conv): Conv2dDynamicSamePadding(1152, 1152, kernel_size=(3, 3), stride=[1, 1], groups=1152, bias=False)
          (_bn1): BatchNorm2d(1152, eps=0.001, momentum=0.010000000000000009, affine=True, track_running_stats=True)
          (_se_reduce): Conv2dStaticSamePadding(
            1152, 48, kernel_size=(1, 1), stride=(1, 1)
            (static_padding): Identity()
          )
          (_se_expand): Conv2dStaticSamePadding(
            48, 1152, kernel_size=(1, 1), stride=(1, 1)
            (static_padding): Identity()
          )
          (_project_conv): Conv2dDynamicSamePadding(1152, 320, kernel_size=(1, 1), stride=(1, 1), bias=False)
          (_bn2): BatchNorm2d(320, eps=0.001, momentum=0.010000000000000009, affine=True, track_running_stats=True)
          (_swish): MemoryEfficientSwish()
        )
      )
      (_conv_head): Conv2dDynamicSamePadding(320, 1280, kernel_size=(1, 1), stride=(1, 1), bias=False)
      (_bn1): BatchNorm2d(1280, eps=0.001, momentum=0.010000000000000009, affine=True, track_running_stats=True)
      (_avg_pooling): AdaptiveMaxPool2d(output_size=1)
      (_swish): MemoryEfficientSwish()
    )
  )
  (classifier): Linear(in_features=1280, out_features=2, bias=True)
)
loading from checkpoint only weights : /nlsasfs/home/nltm-pilot/sandeshk/icassp/checkpoint_87_max_pool.pth.tar
Model missing keys
['classifier.weight', 'classifier.bias']
Model unexpected keys
[]
freezing effnet weights
done loading
Starting To Train
epoch :1 Train loss: 0.5609567165374756 Train accuracy: 0.7066602931803697 Valid loss: 0.5600099563598633 Valid accuracy: 0.7106437221159975
epoch :2 Train loss: 0.5418230295181274 Train accuracy: 0.7255417463352454 Valid loss: 0.5373986959457397 Valid accuracy: 0.737093690248566
epoch :3 Train loss: 0.5383618474006653 Train accuracy: 0.7306405353728489 Valid loss: 0.5380512475967407 Valid accuracy: 0.7396430847673677
epoch :4 Train loss: 0.5301188230514526 Train accuracy: 0.7340662842574889 Valid loss: 0.5278670191764832 Valid accuracy: 0.7386870618228171
epoch :5 Train loss: 0.5265512466430664 Train accuracy: 0.7370140216698534 Valid loss: 0.5261942744255066 Valid accuracy: 0.7453792224346718
epoch :6 Train loss: 0.5233041644096375 Train accuracy: 0.7359783301465902 Valid loss: 0.5239854454994202 Valid accuracy: 0.7450605481198216
epoch :7 Train loss: 0.526227593421936 Train accuracy: 0.7435468451242829 Valid loss: 0.5209783315658569 Valid accuracy: 0.7482472912683238
epoch :8 Train loss: 0.5172234773635864 Train accuracy: 0.7503983428935628 Valid loss: 0.5158203840255737 Valid accuracy: 0.7587635436583812
epoch :9 Train loss: 0.5172139406204224 Train accuracy: 0.744263862332696 Valid loss: 0.5185737609863281 Valid accuracy: 0.7479286169534736
epoch :10 Train loss: 0.521037220954895 Train accuracy: 0.7488049713193117 Valid loss: 0.5186524987220764 Valid accuracy: 0.7565328234544296
epoch :11 Train loss: 0.5175960063934326 Train accuracy: 0.7519120458891013 Valid loss: 0.513364315032959 Valid accuracy: 0.7578075207138305
epoch :12 Train loss: 0.5203075408935547 Train accuracy: 0.7494423199490121 Valid loss: 0.5159986615180969 Valid accuracy: 0.7571701720841301
epoch :13 Train loss: 0.5120561122894287 Train accuracy: 0.7519917144678139 Valid loss: 0.5099059343338013 Valid accuracy: 0.7533460803059273
epoch :14 Train loss: 0.5101739764213562 Train accuracy: 0.7546207775653282 Valid loss: 0.5115652084350586 Valid accuracy: 0.7578075207138305
epoch :15 Train loss: 0.5117636322975159 Train accuracy: 0.7595602294455067 Valid loss: 0.5083000063896179 Valid accuracy: 0.7644996813256851
epoch :16 Train loss: 0.5136513113975525 Train accuracy: 0.7575685149776928 Valid loss: 0.5096052885055542 Valid accuracy: 0.7616316124920331
epoch :17 Train loss: 0.513006329536438 Train accuracy: 0.7512746972594009 Valid loss: 0.5037535429000854 Valid accuracy: 0.7616316124920331
epoch :18 Train loss: 0.5107192993164062 Train accuracy: 0.7613129381771829 Valid loss: 0.5068430304527283 Valid accuracy: 0.7651370299553856
epoch :19 Train loss: 0.5100092887878418 Train accuracy: 0.7536647546207775 Valid loss: 0.5055821537971497 Valid accuracy: 0.7625876354365838
epoch :20 Train loss: 0.5044369101524353 Train accuracy: 0.7613129381771829 Valid loss: 0.5027057528495789 Valid accuracy: 0.7638623326959847
max train accuracy : 0.7613129381771829
max valid accuracy : 0.7651370299553856
