Downstream Task libri_100
Resume False, load only efficient net True, from path /nlsasfs/home/nltm-pilot/sandeshk/icassp/checkpoints/checkpoint_38_maxpool_256.pth.tar 
BS 64
complete args Namespace(batch_size=64, down_stream_task='libri_100', epochs=50, exp_root='./exp/libri_100/Max/checkpoint_38_maxpool_256_freeze', final_pooling_type='Max', freeze_effnet=True, load_only_efficientNet=True, pretrain_path='/nlsasfs/home/nltm-pilot/sandeshk/icassp/checkpoints/checkpoint_38_maxpool_256.pth.tar', resume=False, tag='checkpoint_38_maxpool_256_freeze', use_l2='l2')
DeepCluster_downstream(
  (model_efficient): DataParallel(
    (module): EfficientNet(
      (_conv_stem): Conv2dDynamicSamePadding(1, 32, kernel_size=(3, 3), stride=(2, 2), bias=False)
      (_bn0): BatchNorm2d(32, eps=0.001, momentum=0.010000000000000009, affine=True, track_running_stats=True)
      (_blocks): ModuleList(
        (0): MBConvBlock(
          (_depthwise_conv): Conv2dDynamicSamePadding(32, 32, kernel_size=(3, 3), stride=[1, 1], groups=32, bias=False)
          (_bn1): BatchNorm2d(32, eps=0.001, momentum=0.010000000000000009, affine=True, track_running_stats=True)
          (_se_reduce): Conv2dStaticSamePadding(
            32, 8, kernel_size=(1, 1), stride=(1, 1)
            (static_padding): Identity()
          )
          (_se_expand): Conv2dStaticSamePadding(
            8, 32, kernel_size=(1, 1), stride=(1, 1)
            (static_padding): Identity()
          )
          (_project_conv): Conv2dDynamicSamePadding(32, 16, kernel_size=(1, 1), stride=(1, 1), bias=False)
          (_bn2): BatchNorm2d(16, eps=0.001, momentum=0.010000000000000009, affine=True, track_running_stats=True)
          (_swish): MemoryEfficientSwish()
        )
        (1): MBConvBlock(
          (_expand_conv): Conv2dDynamicSamePadding(16, 96, kernel_size=(1, 1), stride=(1, 1), bias=False)
          (_bn0): BatchNorm2d(96, eps=0.001, momentum=0.010000000000000009, affine=True, track_running_stats=True)
          (_depthwise_conv): Conv2dDynamicSamePadding(96, 96, kernel_size=(3, 3), stride=[2, 2], groups=96, bias=False)
          (_bn1): BatchNorm2d(96, eps=0.001, momentum=0.010000000000000009, affine=True, track_running_stats=True)
          (_se_reduce): Conv2dStaticSamePadding(
            96, 4, kernel_size=(1, 1), stride=(1, 1)
            (static_padding): Identity()
          )
          (_se_expand): Conv2dStaticSamePadding(
            4, 96, kernel_size=(1, 1), stride=(1, 1)
            (static_padding): Identity()
          )
          (_project_conv): Conv2dDynamicSamePadding(96, 24, kernel_size=(1, 1), stride=(1, 1), bias=False)
          (_bn2): BatchNorm2d(24, eps=0.001, momentum=0.010000000000000009, affine=True, track_running_stats=True)
          (_swish): MemoryEfficientSwish()
        )
        (2): MBConvBlock(
          (_expand_conv): Conv2dDynamicSamePadding(24, 144, kernel_size=(1, 1), stride=(1, 1), bias=False)
          (_bn0): BatchNorm2d(144, eps=0.001, momentum=0.010000000000000009, affine=True, track_running_stats=True)
          (_depthwise_conv): Conv2dDynamicSamePadding(144, 144, kernel_size=(3, 3), stride=(1, 1), groups=144, bias=False)
          (_bn1): BatchNorm2d(144, eps=0.001, momentum=0.010000000000000009, affine=True, track_running_stats=True)
          (_se_reduce): Conv2dStaticSamePadding(
            144, 6, kernel_size=(1, 1), stride=(1, 1)
            (static_padding): Identity()
          )
          (_se_expand): Conv2dStaticSamePadding(
            6, 144, kernel_size=(1, 1), stride=(1, 1)
            (static_padding): Identity()
          )
          (_project_conv): Conv2dDynamicSamePadding(144, 24, kernel_size=(1, 1), stride=(1, 1), bias=False)
          (_bn2): BatchNorm2d(24, eps=0.001, momentum=0.010000000000000009, affine=True, track_running_stats=True)
          (_swish): MemoryEfficientSwish()
        )
        (3): MBConvBlock(
          (_expand_conv): Conv2dDynamicSamePadding(24, 144, kernel_size=(1, 1), stride=(1, 1), bias=False)
          (_bn0): BatchNorm2d(144, eps=0.001, momentum=0.010000000000000009, affine=True, track_running_stats=True)
          (_depthwise_conv): Conv2dDynamicSamePadding(144, 144, kernel_size=(5, 5), stride=[2, 2], groups=144, bias=False)
          (_bn1): BatchNorm2d(144, eps=0.001, momentum=0.010000000000000009, affine=True, track_running_stats=True)
          (_se_reduce): Conv2dStaticSamePadding(
            144, 6, kernel_size=(1, 1), stride=(1, 1)
            (static_padding): Identity()
          )
          (_se_expand): Conv2dStaticSamePadding(
            6, 144, kernel_size=(1, 1), stride=(1, 1)
            (static_padding): Identity()
          )
          (_project_conv): Conv2dDynamicSamePadding(144, 40, kernel_size=(1, 1), stride=(1, 1), bias=False)
          (_bn2): BatchNorm2d(40, eps=0.001, momentum=0.010000000000000009, affine=True, track_running_stats=True)
          (_swish): MemoryEfficientSwish()
        )
        (4): MBConvBlock(
          (_expand_conv): Conv2dDynamicSamePadding(40, 240, kernel_size=(1, 1), stride=(1, 1), bias=False)
          (_bn0): BatchNorm2d(240, eps=0.001, momentum=0.010000000000000009, affine=True, track_running_stats=True)
          (_depthwise_conv): Conv2dDynamicSamePadding(240, 240, kernel_size=(5, 5), stride=(1, 1), groups=240, bias=False)
          (_bn1): BatchNorm2d(240, eps=0.001, momentum=0.010000000000000009, affine=True, track_running_stats=True)
          (_se_reduce): Conv2dStaticSamePadding(
            240, 10, kernel_size=(1, 1), stride=(1, 1)
            (static_padding): Identity()
          )
          (_se_expand): Conv2dStaticSamePadding(
            10, 240, kernel_size=(1, 1), stride=(1, 1)
            (static_padding): Identity()
          )
          (_project_conv): Conv2dDynamicSamePadding(240, 40, kernel_size=(1, 1), stride=(1, 1), bias=False)
          (_bn2): BatchNorm2d(40, eps=0.001, momentum=0.010000000000000009, affine=True, track_running_stats=True)
          (_swish): MemoryEfficientSwish()
        )
        (5): MBConvBlock(
          (_expand_conv): Conv2dDynamicSamePadding(40, 240, kernel_size=(1, 1), stride=(1, 1), bias=False)
          (_bn0): BatchNorm2d(240, eps=0.001, momentum=0.010000000000000009, affine=True, track_running_stats=True)
          (_depthwise_conv): Conv2dDynamicSamePadding(240, 240, kernel_size=(3, 3), stride=[2, 2], groups=240, bias=False)
          (_bn1): BatchNorm2d(240, eps=0.001, momentum=0.010000000000000009, affine=True, track_running_stats=True)
          (_se_reduce): Conv2dStaticSamePadding(
            240, 10, kernel_size=(1, 1), stride=(1, 1)
            (static_padding): Identity()
          )
          (_se_expand): Conv2dStaticSamePadding(
            10, 240, kernel_size=(1, 1), stride=(1, 1)
            (static_padding): Identity()
          )
          (_project_conv): Conv2dDynamicSamePadding(240, 80, kernel_size=(1, 1), stride=(1, 1), bias=False)
          (_bn2): BatchNorm2d(80, eps=0.001, momentum=0.010000000000000009, affine=True, track_running_stats=True)
          (_swish): MemoryEfficientSwish()
        )
        (6): MBConvBlock(
          (_expand_conv): Conv2dDynamicSamePadding(80, 480, kernel_size=(1, 1), stride=(1, 1), bias=False)
          (_bn0): BatchNorm2d(480, eps=0.001, momentum=0.010000000000000009, affine=True, track_running_stats=True)
          (_depthwise_conv): Conv2dDynamicSamePadding(480, 480, kernel_size=(3, 3), stride=(1, 1), groups=480, bias=False)
          (_bn1): BatchNorm2d(480, eps=0.001, momentum=0.010000000000000009, affine=True, track_running_stats=True)
          (_se_reduce): Conv2dStaticSamePadding(
            480, 20, kernel_size=(1, 1), stride=(1, 1)
            (static_padding): Identity()
          )
          (_se_expand): Conv2dStaticSamePadding(
            20, 480, kernel_size=(1, 1), stride=(1, 1)
            (static_padding): Identity()
          )
          (_project_conv): Conv2dDynamicSamePadding(480, 80, kernel_size=(1, 1), stride=(1, 1), bias=False)
          (_bn2): BatchNorm2d(80, eps=0.001, momentum=0.010000000000000009, affine=True, track_running_stats=True)
          (_swish): MemoryEfficientSwish()
        )
        (7): MBConvBlock(
          (_expand_conv): Conv2dDynamicSamePadding(80, 480, kernel_size=(1, 1), stride=(1, 1), bias=False)
          (_bn0): BatchNorm2d(480, eps=0.001, momentum=0.010000000000000009, affine=True, track_running_stats=True)
          (_depthwise_conv): Conv2dDynamicSamePadding(480, 480, kernel_size=(3, 3), stride=(1, 1), groups=480, bias=False)
          (_bn1): BatchNorm2d(480, eps=0.001, momentum=0.010000000000000009, affine=True, track_running_stats=True)
          (_se_reduce): Conv2dStaticSamePadding(
            480, 20, kernel_size=(1, 1), stride=(1, 1)
            (static_padding): Identity()
          )
          (_se_expand): Conv2dStaticSamePadding(
            20, 480, kernel_size=(1, 1), stride=(1, 1)
            (static_padding): Identity()
          )
          (_project_conv): Conv2dDynamicSamePadding(480, 80, kernel_size=(1, 1), stride=(1, 1), bias=False)
          (_bn2): BatchNorm2d(80, eps=0.001, momentum=0.010000000000000009, affine=True, track_running_stats=True)
          (_swish): MemoryEfficientSwish()
        )
        (8): MBConvBlock(
          (_expand_conv): Conv2dDynamicSamePadding(80, 480, kernel_size=(1, 1), stride=(1, 1), bias=False)
          (_bn0): BatchNorm2d(480, eps=0.001, momentum=0.010000000000000009, affine=True, track_running_stats=True)
          (_depthwise_conv): Conv2dDynamicSamePadding(480, 480, kernel_size=(5, 5), stride=[1, 1], groups=480, bias=False)
          (_bn1): BatchNorm2d(480, eps=0.001, momentum=0.010000000000000009, affine=True, track_running_stats=True)
          (_se_reduce): Conv2dStaticSamePadding(
            480, 20, kernel_size=(1, 1), stride=(1, 1)
            (static_padding): Identity()
          )
          (_se_expand): Conv2dStaticSamePadding(
            20, 480, kernel_size=(1, 1), stride=(1, 1)
            (static_padding): Identity()
          )
          (_project_conv): Conv2dDynamicSamePadding(480, 112, kernel_size=(1, 1), stride=(1, 1), bias=False)
          (_bn2): BatchNorm2d(112, eps=0.001, momentum=0.010000000000000009, affine=True, track_running_stats=True)
          (_swish): MemoryEfficientSwish()
        )
        (9): MBConvBlock(
          (_expand_conv): Conv2dDynamicSamePadding(112, 672, kernel_size=(1, 1), stride=(1, 1), bias=False)
          (_bn0): BatchNorm2d(672, eps=0.001, momentum=0.010000000000000009, affine=True, track_running_stats=True)
          (_depthwise_conv): Conv2dDynamicSamePadding(672, 672, kernel_size=(5, 5), stride=(1, 1), groups=672, bias=False)
          (_bn1): BatchNorm2d(672, eps=0.001, momentum=0.010000000000000009, affine=True, track_running_stats=True)
          (_se_reduce): Conv2dStaticSamePadding(
            672, 28, kernel_size=(1, 1), stride=(1, 1)
            (static_padding): Identity()
          )
          (_se_expand): Conv2dStaticSamePadding(
            28, 672, kernel_size=(1, 1), stride=(1, 1)
            (static_padding): Identity()
          )
          (_project_conv): Conv2dDynamicSamePadding(672, 112, kernel_size=(1, 1), stride=(1, 1), bias=False)
          (_bn2): BatchNorm2d(112, eps=0.001, momentum=0.010000000000000009, affine=True, track_running_stats=True)
          (_swish): MemoryEfficientSwish()
        )
        (10): MBConvBlock(
          (_expand_conv): Conv2dDynamicSamePadding(112, 672, kernel_size=(1, 1), stride=(1, 1), bias=False)
          (_bn0): BatchNorm2d(672, eps=0.001, momentum=0.010000000000000009, affine=True, track_running_stats=True)
          (_depthwise_conv): Conv2dDynamicSamePadding(672, 672, kernel_size=(5, 5), stride=(1, 1), groups=672, bias=False)
          (_bn1): BatchNorm2d(672, eps=0.001, momentum=0.010000000000000009, affine=True, track_running_stats=True)
          (_se_reduce): Conv2dStaticSamePadding(
            672, 28, kernel_size=(1, 1), stride=(1, 1)
            (static_padding): Identity()
          )
          (_se_expand): Conv2dStaticSamePadding(
            28, 672, kernel_size=(1, 1), stride=(1, 1)
            (static_padding): Identity()
          )
          (_project_conv): Conv2dDynamicSamePadding(672, 112, kernel_size=(1, 1), stride=(1, 1), bias=False)
          (_bn2): BatchNorm2d(112, eps=0.001, momentum=0.010000000000000009, affine=True, track_running_stats=True)
          (_swish): MemoryEfficientSwish()
        )
        (11): MBConvBlock(
          (_expand_conv): Conv2dDynamicSamePadding(112, 672, kernel_size=(1, 1), stride=(1, 1), bias=False)
          (_bn0): BatchNorm2d(672, eps=0.001, momentum=0.010000000000000009, affine=True, track_running_stats=True)
          (_depthwise_conv): Conv2dDynamicSamePadding(672, 672, kernel_size=(5, 5), stride=[2, 2], groups=672, bias=False)
          (_bn1): BatchNorm2d(672, eps=0.001, momentum=0.010000000000000009, affine=True, track_running_stats=True)
          (_se_reduce): Conv2dStaticSamePadding(
            672, 28, kernel_size=(1, 1), stride=(1, 1)
            (static_padding): Identity()
          )
          (_se_expand): Conv2dStaticSamePadding(
            28, 672, kernel_size=(1, 1), stride=(1, 1)
            (static_padding): Identity()
          )
          (_project_conv): Conv2dDynamicSamePadding(672, 192, kernel_size=(1, 1), stride=(1, 1), bias=False)
          (_bn2): BatchNorm2d(192, eps=0.001, momentum=0.010000000000000009, affine=True, track_running_stats=True)
          (_swish): MemoryEfficientSwish()
        )
        (12): MBConvBlock(
          (_expand_conv): Conv2dDynamicSamePadding(192, 1152, kernel_size=(1, 1), stride=(1, 1), bias=False)
          (_bn0): BatchNorm2d(1152, eps=0.001, momentum=0.010000000000000009, affine=True, track_running_stats=True)
          (_depthwise_conv): Conv2dDynamicSamePadding(1152, 1152, kernel_size=(5, 5), stride=(1, 1), groups=1152, bias=False)
          (_bn1): BatchNorm2d(1152, eps=0.001, momentum=0.010000000000000009, affine=True, track_running_stats=True)
          (_se_reduce): Conv2dStaticSamePadding(
            1152, 48, kernel_size=(1, 1), stride=(1, 1)
            (static_padding): Identity()
          )
          (_se_expand): Conv2dStaticSamePadding(
            48, 1152, kernel_size=(1, 1), stride=(1, 1)
            (static_padding): Identity()
          )
          (_project_conv): Conv2dDynamicSamePadding(1152, 192, kernel_size=(1, 1), stride=(1, 1), bias=False)
          (_bn2): BatchNorm2d(192, eps=0.001, momentum=0.010000000000000009, affine=True, track_running_stats=True)
          (_swish): MemoryEfficientSwish()
        )
        (13): MBConvBlock(
          (_expand_conv): Conv2dDynamicSamePadding(192, 1152, kernel_size=(1, 1), stride=(1, 1), bias=False)
          (_bn0): BatchNorm2d(1152, eps=0.001, momentum=0.010000000000000009, affine=True, track_running_stats=True)
          (_depthwise_conv): Conv2dDynamicSamePadding(1152, 1152, kernel_size=(5, 5), stride=(1, 1), groups=1152, bias=False)
          (_bn1): BatchNorm2d(1152, eps=0.001, momentum=0.010000000000000009, affine=True, track_running_stats=True)
          (_se_reduce): Conv2dStaticSamePadding(
            1152, 48, kernel_size=(1, 1), stride=(1, 1)
            (static_padding): Identity()
          )
          (_se_expand): Conv2dStaticSamePadding(
            48, 1152, kernel_size=(1, 1), stride=(1, 1)
            (static_padding): Identity()
          )
          (_project_conv): Conv2dDynamicSamePadding(1152, 192, kernel_size=(1, 1), stride=(1, 1), bias=False)
          (_bn2): BatchNorm2d(192, eps=0.001, momentum=0.010000000000000009, affine=True, track_running_stats=True)
          (_swish): MemoryEfficientSwish()
        )
        (14): MBConvBlock(
          (_expand_conv): Conv2dDynamicSamePadding(192, 1152, kernel_size=(1, 1), stride=(1, 1), bias=False)
          (_bn0): BatchNorm2d(1152, eps=0.001, momentum=0.010000000000000009, affine=True, track_running_stats=True)
          (_depthwise_conv): Conv2dDynamicSamePadding(1152, 1152, kernel_size=(5, 5), stride=(1, 1), groups=1152, bias=False)
          (_bn1): BatchNorm2d(1152, eps=0.001, momentum=0.010000000000000009, affine=True, track_running_stats=True)
          (_se_reduce): Conv2dStaticSamePadding(
            1152, 48, kernel_size=(1, 1), stride=(1, 1)
            (static_padding): Identity()
          )
          (_se_expand): Conv2dStaticSamePadding(
            48, 1152, kernel_size=(1, 1), stride=(1, 1)
            (static_padding): Identity()
          )
          (_project_conv): Conv2dDynamicSamePadding(1152, 192, kernel_size=(1, 1), stride=(1, 1), bias=False)
          (_bn2): BatchNorm2d(192, eps=0.001, momentum=0.010000000000000009, affine=True, track_running_stats=True)
          (_swish): MemoryEfficientSwish()
        )
        (15): MBConvBlock(
          (_expand_conv): Conv2dDynamicSamePadding(192, 1152, kernel_size=(1, 1), stride=(1, 1), bias=False)
          (_bn0): BatchNorm2d(1152, eps=0.001, momentum=0.010000000000000009, affine=True, track_running_stats=True)
          (_depthwise_conv): Conv2dDynamicSamePadding(1152, 1152, kernel_size=(3, 3), stride=[1, 1], groups=1152, bias=False)
          (_bn1): BatchNorm2d(1152, eps=0.001, momentum=0.010000000000000009, affine=True, track_running_stats=True)
          (_se_reduce): Conv2dStaticSamePadding(
            1152, 48, kernel_size=(1, 1), stride=(1, 1)
            (static_padding): Identity()
          )
          (_se_expand): Conv2dStaticSamePadding(
            48, 1152, kernel_size=(1, 1), stride=(1, 1)
            (static_padding): Identity()
          )
          (_project_conv): Conv2dDynamicSamePadding(1152, 320, kernel_size=(1, 1), stride=(1, 1), bias=False)
          (_bn2): BatchNorm2d(320, eps=0.001, momentum=0.010000000000000009, affine=True, track_running_stats=True)
          (_swish): MemoryEfficientSwish()
        )
      )
      (_conv_head): Conv2dDynamicSamePadding(320, 1280, kernel_size=(1, 1), stride=(1, 1), bias=False)
      (_bn1): BatchNorm2d(1280, eps=0.001, momentum=0.010000000000000009, affine=True, track_running_stats=True)
      (_avg_pooling): AdaptiveMaxPool2d(output_size=1)
      (_swish): MemoryEfficientSwish()
    )
  )
  (classifier): Linear(in_features=1280, out_features=585, bias=True)
)
loading from checkpoint only weights : /nlsasfs/home/nltm-pilot/sandeshk/icassp/checkpoints/checkpoint_38_maxpool_256.pth.tar
Model missing keys
['classifier.weight', 'classifier.bias']
Model unexpected keys
[]
freezing effnet weights
done loading
Starting To Train
epoch :1 Train loss: 4.259042263031006 Train accuracy: 0.16859395532194482 Valid loss: 4.367544174194336 Valid accuracy: 0.15399439383321653
epoch :2 Train loss: 3.6561944484710693 Train accuracy: 0.2702146298729742 Valid loss: 3.784801721572876 Valid accuracy: 0.24509460406447092
epoch :3 Train loss: 3.3441178798675537 Train accuracy: 0.31375383267630313 Valid loss: 3.5013720989227295 Valid accuracy: 0.2880168185003504
epoch :4 Train loss: 3.108116626739502 Train accuracy: 0.3462987297415681 Valid loss: 3.2830843925476074 Valid accuracy: 0.31236860546601264
epoch :5 Train loss: 2.941826820373535 Train accuracy: 0.3733683749452475 Valid loss: 3.125286340713501 Valid accuracy: 0.33076384022424665
epoch :6 Train loss: 2.7884957790374756 Train accuracy: 0.4049496276828734 Valid loss: 2.9814798831939697 Valid accuracy: 0.35774351786965664
epoch :7 Train loss: 2.7079522609710693 Train accuracy: 0.4267192290845379 Valid loss: 2.924431085586548 Valid accuracy: 0.3780658724597057
epoch :8 Train loss: 2.6398441791534424 Train accuracy: 0.4431887866841875 Valid loss: 2.87377667427063 Valid accuracy: 0.3857743517869657
epoch :9 Train loss: 2.525967597961426 Train accuracy: 0.4615418309242225 Valid loss: 2.7707467079162598 Valid accuracy: 0.4050455501051156
epoch :10 Train loss: 2.4492833614349365 Train accuracy: 0.47503285151116953 Valid loss: 2.6973061561584473 Valid accuracy: 0.41800981079187105
epoch :11 Train loss: 2.370701551437378 Train accuracy: 0.4877354358300482 Valid loss: 2.6266350746154785 Valid accuracy: 0.4299229152067274
epoch :12 Train loss: 2.299868106842041 Train accuracy: 0.5003066141042488 Valid loss: 2.57088041305542 Valid accuracy: 0.43027330063069374
epoch :13 Train loss: 2.2771973609924316 Train accuracy: 0.5156811213315813 Valid loss: 2.563286781311035 Valid accuracy: 0.44516468114926416
epoch :14 Train loss: 2.256514072418213 Train accuracy: 0.5168199737187911 Valid loss: 2.545866012573242 Valid accuracy: 0.45234758234057465
epoch :15 Train loss: 2.216852903366089 Train accuracy: 0.5367936925098554 Valid loss: 2.5119564533233643 Valid accuracy: 0.4562018220042046
epoch :16 Train loss: 2.1809144020080566 Train accuracy: 0.5358300481822164 Valid loss: 2.488626480102539 Valid accuracy: 0.4595304835318851
epoch :17 Train loss: 2.1042213439941406 Train accuracy: 0.5554533508541393 Valid loss: 2.412889242172241 Valid accuracy: 0.4714435879467414
epoch :18 Train loss: 2.110565423965454 Train accuracy: 0.5540078843626807 Valid loss: 2.432774305343628 Valid accuracy: 0.4742466713384723
epoch :19 Train loss: 2.0803184509277344 Train accuracy: 0.5628558913710031 Valid loss: 2.4245102405548096 Valid accuracy: 0.48248072880168186
epoch :20 Train loss: 2.009201765060425 Train accuracy: 0.5691633815155497 Valid loss: 2.349626064300537 Valid accuracy: 0.4835318850735809
epoch :21 Train loss: 1.93278169631958 Train accuracy: 0.5768287341217696 Valid loss: 2.277810573577881 Valid accuracy: 0.48458304134548
epoch :22 Train loss: 1.9774574041366577 Train accuracy: 0.5824353920280333 Valid loss: 2.337937593460083 Valid accuracy: 0.4950946040644709
epoch :23 Train loss: 1.9813810586929321 Train accuracy: 0.591940429259746 Valid loss: 2.3508284091949463 Valid accuracy: 0.49614576033637003
epoch :24 Train loss: 1.9284917116165161 Train accuracy: 0.6035917652212002 Valid loss: 2.28586745262146 Valid accuracy: 0.5112123335669236
epoch :25 Train loss: 1.9133548736572266 Train accuracy: 0.5998247919404293 Valid loss: 2.289055347442627 Valid accuracy: 0.51156271899089
epoch :26 Train loss: 1.9136039018630981 Train accuracy: 0.6159877354358301 Valid loss: 2.3006644248962402 Valid accuracy: 0.5199719691660827
epoch :27 Train loss: 1.8992302417755127 Train accuracy: 0.612658782303986 Valid loss: 2.303356885910034 Valid accuracy: 0.5122634898388227
epoch :28 Train loss: 1.8671725988388062 Train accuracy: 0.6170389837932545 Valid loss: 2.2452940940856934 Valid accuracy: 0.5210231254379818
epoch :29 Train loss: 1.8287769556045532 Train accuracy: 0.6264564169951817 Valid loss: 2.2195117473602295 Valid accuracy: 0.5289067974772249
epoch :30 Train loss: 1.7847281694412231 Train accuracy: 0.6320630749014454 Valid loss: 2.1723103523254395 Valid accuracy: 0.529957953749124
epoch :31 Train loss: 1.8058665990829468 Train accuracy: 0.6283837056504599 Valid loss: 2.220928907394409 Valid accuracy: 0.5255781359495445
epoch :32 Train loss: 1.7850831747055054 Train accuracy: 0.6377135348226018 Valid loss: 2.205080986022949 Valid accuracy: 0.529957953749124
epoch :33 Train loss: 1.7717489004135132 Train accuracy: 0.6474813841436706 Valid loss: 2.1857776641845703 Valid accuracy: 0.5359145059565522
epoch :34 Train loss: 1.786262035369873 Train accuracy: 0.6465177398160316 Valid loss: 2.212841749191284 Valid accuracy: 0.5388927820602663
epoch :35 Train loss: 1.767338752746582 Train accuracy: 0.6458607095926413 Valid loss: 2.20272159576416 Valid accuracy: 0.5343377715487035
epoch :36 Train loss: 1.733461856842041 Train accuracy: 0.6470871660096364 Valid loss: 2.168851137161255 Valid accuracy: 0.5425718290119131
epoch :37 Train loss: 1.6983654499053955 Train accuracy: 0.6579500657030224 Valid loss: 2.121657609939575 Valid accuracy: 0.5467764540995095
epoch :38 Train loss: 1.668394923210144 Train accuracy: 0.6605781865965834 Valid loss: 2.1018686294555664 Valid accuracy: 0.5476524176594254
epoch :39 Train loss: 1.6589198112487793 Train accuracy: 0.6685939553219448 Valid loss: 2.109976053237915 Valid accuracy: 0.5483531885073581
epoch :40 Train loss: 1.5973221063613892 Train accuracy: 0.6696890056942619 Valid loss: 2.041015625 Valid accuracy: 0.5476524176594254
epoch :41 Train loss: 1.7233433723449707 Train accuracy: 0.6681997371879106 Valid loss: 2.187159299850464 Valid accuracy: 0.5499299229152067
epoch :42 Train loss: 1.7368355989456177 Train accuracy: 0.6694699956197985 Valid loss: 2.216235876083374 Valid accuracy: 0.5509810791871058
epoch :43 Train loss: 1.6415958404541016 Train accuracy: 0.6752518615856329 Valid loss: 2.1210358142852783 Valid accuracy: 0.5527330063069377
epoch :44 Train loss: 1.6448715925216675 Train accuracy: 0.6812527376259307 Valid loss: 2.1145236492156982 Valid accuracy: 0.5534337771548704
epoch :45 Train loss: 1.6236851215362549 Train accuracy: 0.6844502847130968 Valid loss: 2.1100289821624756 Valid accuracy: 0.5614926419060967
epoch :46 Train loss: 1.606521487236023 Train accuracy: 0.6905825667980727 Valid loss: 2.0981826782226562 Valid accuracy: 0.5625437981779958
epoch :47 Train loss: 1.584992527961731 Train accuracy: 0.6870346035917653 Valid loss: 2.078763246536255 Valid accuracy: 0.5548353188507358
epoch :48 Train loss: 1.6065083742141724 Train accuracy: 0.6909767849321069 Valid loss: 2.0844688415527344 Valid accuracy: 0.5623686054660126
epoch :49 Train loss: 1.6433347463607788 Train accuracy: 0.6957074025405169 Valid loss: 2.1535160541534424 Valid accuracy: 0.5621934127540295
epoch :50 Train loss: 1.5716429948806763 Train accuracy: 0.6997371879106439 Valid loss: 2.0641746520996094 Valid accuracy: 0.5676243868255081
max train accuracy : 0.6997371879106439
max valid accuracy : 0.5676243868255081
