Downstream Task tut_urban
Resume False, load only efficient net True, from path /nlsasfs/home/nltm-pilot/sandeshk/icassp/checkpoints/checkpoint_38_maxpool_256.pth.tar 
BS 64
complete args Namespace(batch_size=64, down_stream_task='tut_urban', epochs=50, exp_root='./exp/tut_urban/Max/checkpoint_38_maxpool_256_freeze', final_pooling_type='Max', freeze_effnet=True, load_only_efficientNet=True, pretrain_path='/nlsasfs/home/nltm-pilot/sandeshk/icassp/checkpoints/checkpoint_38_maxpool_256.pth.tar', resume=False, tag='checkpoint_38_maxpool_256_freeze', use_l2='l2')
DeepCluster_downstream(
  (model_efficient): DataParallel(
    (module): EfficientNet(
      (_conv_stem): Conv2dDynamicSamePadding(1, 32, kernel_size=(3, 3), stride=(2, 2), bias=False)
      (_bn0): BatchNorm2d(32, eps=0.001, momentum=0.010000000000000009, affine=True, track_running_stats=True)
      (_blocks): ModuleList(
        (0): MBConvBlock(
          (_depthwise_conv): Conv2dDynamicSamePadding(32, 32, kernel_size=(3, 3), stride=[1, 1], groups=32, bias=False)
          (_bn1): BatchNorm2d(32, eps=0.001, momentum=0.010000000000000009, affine=True, track_running_stats=True)
          (_se_reduce): Conv2dStaticSamePadding(
            32, 8, kernel_size=(1, 1), stride=(1, 1)
            (static_padding): Identity()
          )
          (_se_expand): Conv2dStaticSamePadding(
            8, 32, kernel_size=(1, 1), stride=(1, 1)
            (static_padding): Identity()
          )
          (_project_conv): Conv2dDynamicSamePadding(32, 16, kernel_size=(1, 1), stride=(1, 1), bias=False)
          (_bn2): BatchNorm2d(16, eps=0.001, momentum=0.010000000000000009, affine=True, track_running_stats=True)
          (_swish): MemoryEfficientSwish()
        )
        (1): MBConvBlock(
          (_expand_conv): Conv2dDynamicSamePadding(16, 96, kernel_size=(1, 1), stride=(1, 1), bias=False)
          (_bn0): BatchNorm2d(96, eps=0.001, momentum=0.010000000000000009, affine=True, track_running_stats=True)
          (_depthwise_conv): Conv2dDynamicSamePadding(96, 96, kernel_size=(3, 3), stride=[2, 2], groups=96, bias=False)
          (_bn1): BatchNorm2d(96, eps=0.001, momentum=0.010000000000000009, affine=True, track_running_stats=True)
          (_se_reduce): Conv2dStaticSamePadding(
            96, 4, kernel_size=(1, 1), stride=(1, 1)
            (static_padding): Identity()
          )
          (_se_expand): Conv2dStaticSamePadding(
            4, 96, kernel_size=(1, 1), stride=(1, 1)
            (static_padding): Identity()
          )
          (_project_conv): Conv2dDynamicSamePadding(96, 24, kernel_size=(1, 1), stride=(1, 1), bias=False)
          (_bn2): BatchNorm2d(24, eps=0.001, momentum=0.010000000000000009, affine=True, track_running_stats=True)
          (_swish): MemoryEfficientSwish()
        )
        (2): MBConvBlock(
          (_expand_conv): Conv2dDynamicSamePadding(24, 144, kernel_size=(1, 1), stride=(1, 1), bias=False)
          (_bn0): BatchNorm2d(144, eps=0.001, momentum=0.010000000000000009, affine=True, track_running_stats=True)
          (_depthwise_conv): Conv2dDynamicSamePadding(144, 144, kernel_size=(3, 3), stride=(1, 1), groups=144, bias=False)
          (_bn1): BatchNorm2d(144, eps=0.001, momentum=0.010000000000000009, affine=True, track_running_stats=True)
          (_se_reduce): Conv2dStaticSamePadding(
            144, 6, kernel_size=(1, 1), stride=(1, 1)
            (static_padding): Identity()
          )
          (_se_expand): Conv2dStaticSamePadding(
            6, 144, kernel_size=(1, 1), stride=(1, 1)
            (static_padding): Identity()
          )
          (_project_conv): Conv2dDynamicSamePadding(144, 24, kernel_size=(1, 1), stride=(1, 1), bias=False)
          (_bn2): BatchNorm2d(24, eps=0.001, momentum=0.010000000000000009, affine=True, track_running_stats=True)
          (_swish): MemoryEfficientSwish()
        )
        (3): MBConvBlock(
          (_expand_conv): Conv2dDynamicSamePadding(24, 144, kernel_size=(1, 1), stride=(1, 1), bias=False)
          (_bn0): BatchNorm2d(144, eps=0.001, momentum=0.010000000000000009, affine=True, track_running_stats=True)
          (_depthwise_conv): Conv2dDynamicSamePadding(144, 144, kernel_size=(5, 5), stride=[2, 2], groups=144, bias=False)
          (_bn1): BatchNorm2d(144, eps=0.001, momentum=0.010000000000000009, affine=True, track_running_stats=True)
          (_se_reduce): Conv2dStaticSamePadding(
            144, 6, kernel_size=(1, 1), stride=(1, 1)
            (static_padding): Identity()
          )
          (_se_expand): Conv2dStaticSamePadding(
            6, 144, kernel_size=(1, 1), stride=(1, 1)
            (static_padding): Identity()
          )
          (_project_conv): Conv2dDynamicSamePadding(144, 40, kernel_size=(1, 1), stride=(1, 1), bias=False)
          (_bn2): BatchNorm2d(40, eps=0.001, momentum=0.010000000000000009, affine=True, track_running_stats=True)
          (_swish): MemoryEfficientSwish()
        )
        (4): MBConvBlock(
          (_expand_conv): Conv2dDynamicSamePadding(40, 240, kernel_size=(1, 1), stride=(1, 1), bias=False)
          (_bn0): BatchNorm2d(240, eps=0.001, momentum=0.010000000000000009, affine=True, track_running_stats=True)
          (_depthwise_conv): Conv2dDynamicSamePadding(240, 240, kernel_size=(5, 5), stride=(1, 1), groups=240, bias=False)
          (_bn1): BatchNorm2d(240, eps=0.001, momentum=0.010000000000000009, affine=True, track_running_stats=True)
          (_se_reduce): Conv2dStaticSamePadding(
            240, 10, kernel_size=(1, 1), stride=(1, 1)
            (static_padding): Identity()
          )
          (_se_expand): Conv2dStaticSamePadding(
            10, 240, kernel_size=(1, 1), stride=(1, 1)
            (static_padding): Identity()
          )
          (_project_conv): Conv2dDynamicSamePadding(240, 40, kernel_size=(1, 1), stride=(1, 1), bias=False)
          (_bn2): BatchNorm2d(40, eps=0.001, momentum=0.010000000000000009, affine=True, track_running_stats=True)
          (_swish): MemoryEfficientSwish()
        )
        (5): MBConvBlock(
          (_expand_conv): Conv2dDynamicSamePadding(40, 240, kernel_size=(1, 1), stride=(1, 1), bias=False)
          (_bn0): BatchNorm2d(240, eps=0.001, momentum=0.010000000000000009, affine=True, track_running_stats=True)
          (_depthwise_conv): Conv2dDynamicSamePadding(240, 240, kernel_size=(3, 3), stride=[2, 2], groups=240, bias=False)
          (_bn1): BatchNorm2d(240, eps=0.001, momentum=0.010000000000000009, affine=True, track_running_stats=True)
          (_se_reduce): Conv2dStaticSamePadding(
            240, 10, kernel_size=(1, 1), stride=(1, 1)
            (static_padding): Identity()
          )
          (_se_expand): Conv2dStaticSamePadding(
            10, 240, kernel_size=(1, 1), stride=(1, 1)
            (static_padding): Identity()
          )
          (_project_conv): Conv2dDynamicSamePadding(240, 80, kernel_size=(1, 1), stride=(1, 1), bias=False)
          (_bn2): BatchNorm2d(80, eps=0.001, momentum=0.010000000000000009, affine=True, track_running_stats=True)
          (_swish): MemoryEfficientSwish()
        )
        (6): MBConvBlock(
          (_expand_conv): Conv2dDynamicSamePadding(80, 480, kernel_size=(1, 1), stride=(1, 1), bias=False)
          (_bn0): BatchNorm2d(480, eps=0.001, momentum=0.010000000000000009, affine=True, track_running_stats=True)
          (_depthwise_conv): Conv2dDynamicSamePadding(480, 480, kernel_size=(3, 3), stride=(1, 1), groups=480, bias=False)
          (_bn1): BatchNorm2d(480, eps=0.001, momentum=0.010000000000000009, affine=True, track_running_stats=True)
          (_se_reduce): Conv2dStaticSamePadding(
            480, 20, kernel_size=(1, 1), stride=(1, 1)
            (static_padding): Identity()
          )
          (_se_expand): Conv2dStaticSamePadding(
            20, 480, kernel_size=(1, 1), stride=(1, 1)
            (static_padding): Identity()
          )
          (_project_conv): Conv2dDynamicSamePadding(480, 80, kernel_size=(1, 1), stride=(1, 1), bias=False)
          (_bn2): BatchNorm2d(80, eps=0.001, momentum=0.010000000000000009, affine=True, track_running_stats=True)
          (_swish): MemoryEfficientSwish()
        )
        (7): MBConvBlock(
          (_expand_conv): Conv2dDynamicSamePadding(80, 480, kernel_size=(1, 1), stride=(1, 1), bias=False)
          (_bn0): BatchNorm2d(480, eps=0.001, momentum=0.010000000000000009, affine=True, track_running_stats=True)
          (_depthwise_conv): Conv2dDynamicSamePadding(480, 480, kernel_size=(3, 3), stride=(1, 1), groups=480, bias=False)
          (_bn1): BatchNorm2d(480, eps=0.001, momentum=0.010000000000000009, affine=True, track_running_stats=True)
          (_se_reduce): Conv2dStaticSamePadding(
            480, 20, kernel_size=(1, 1), stride=(1, 1)
            (static_padding): Identity()
          )
          (_se_expand): Conv2dStaticSamePadding(
            20, 480, kernel_size=(1, 1), stride=(1, 1)
            (static_padding): Identity()
          )
          (_project_conv): Conv2dDynamicSamePadding(480, 80, kernel_size=(1, 1), stride=(1, 1), bias=False)
          (_bn2): BatchNorm2d(80, eps=0.001, momentum=0.010000000000000009, affine=True, track_running_stats=True)
          (_swish): MemoryEfficientSwish()
        )
        (8): MBConvBlock(
          (_expand_conv): Conv2dDynamicSamePadding(80, 480, kernel_size=(1, 1), stride=(1, 1), bias=False)
          (_bn0): BatchNorm2d(480, eps=0.001, momentum=0.010000000000000009, affine=True, track_running_stats=True)
          (_depthwise_conv): Conv2dDynamicSamePadding(480, 480, kernel_size=(5, 5), stride=[1, 1], groups=480, bias=False)
          (_bn1): BatchNorm2d(480, eps=0.001, momentum=0.010000000000000009, affine=True, track_running_stats=True)
          (_se_reduce): Conv2dStaticSamePadding(
            480, 20, kernel_size=(1, 1), stride=(1, 1)
            (static_padding): Identity()
          )
          (_se_expand): Conv2dStaticSamePadding(
            20, 480, kernel_size=(1, 1), stride=(1, 1)
            (static_padding): Identity()
          )
          (_project_conv): Conv2dDynamicSamePadding(480, 112, kernel_size=(1, 1), stride=(1, 1), bias=False)
          (_bn2): BatchNorm2d(112, eps=0.001, momentum=0.010000000000000009, affine=True, track_running_stats=True)
          (_swish): MemoryEfficientSwish()
        )
        (9): MBConvBlock(
          (_expand_conv): Conv2dDynamicSamePadding(112, 672, kernel_size=(1, 1), stride=(1, 1), bias=False)
          (_bn0): BatchNorm2d(672, eps=0.001, momentum=0.010000000000000009, affine=True, track_running_stats=True)
          (_depthwise_conv): Conv2dDynamicSamePadding(672, 672, kernel_size=(5, 5), stride=(1, 1), groups=672, bias=False)
          (_bn1): BatchNorm2d(672, eps=0.001, momentum=0.010000000000000009, affine=True, track_running_stats=True)
          (_se_reduce): Conv2dStaticSamePadding(
            672, 28, kernel_size=(1, 1), stride=(1, 1)
            (static_padding): Identity()
          )
          (_se_expand): Conv2dStaticSamePadding(
            28, 672, kernel_size=(1, 1), stride=(1, 1)
            (static_padding): Identity()
          )
          (_project_conv): Conv2dDynamicSamePadding(672, 112, kernel_size=(1, 1), stride=(1, 1), bias=False)
          (_bn2): BatchNorm2d(112, eps=0.001, momentum=0.010000000000000009, affine=True, track_running_stats=True)
          (_swish): MemoryEfficientSwish()
        )
        (10): MBConvBlock(
          (_expand_conv): Conv2dDynamicSamePadding(112, 672, kernel_size=(1, 1), stride=(1, 1), bias=False)
          (_bn0): BatchNorm2d(672, eps=0.001, momentum=0.010000000000000009, affine=True, track_running_stats=True)
          (_depthwise_conv): Conv2dDynamicSamePadding(672, 672, kernel_size=(5, 5), stride=(1, 1), groups=672, bias=False)
          (_bn1): BatchNorm2d(672, eps=0.001, momentum=0.010000000000000009, affine=True, track_running_stats=True)
          (_se_reduce): Conv2dStaticSamePadding(
            672, 28, kernel_size=(1, 1), stride=(1, 1)
            (static_padding): Identity()
          )
          (_se_expand): Conv2dStaticSamePadding(
            28, 672, kernel_size=(1, 1), stride=(1, 1)
            (static_padding): Identity()
          )
          (_project_conv): Conv2dDynamicSamePadding(672, 112, kernel_size=(1, 1), stride=(1, 1), bias=False)
          (_bn2): BatchNorm2d(112, eps=0.001, momentum=0.010000000000000009, affine=True, track_running_stats=True)
          (_swish): MemoryEfficientSwish()
        )
        (11): MBConvBlock(
          (_expand_conv): Conv2dDynamicSamePadding(112, 672, kernel_size=(1, 1), stride=(1, 1), bias=False)
          (_bn0): BatchNorm2d(672, eps=0.001, momentum=0.010000000000000009, affine=True, track_running_stats=True)
          (_depthwise_conv): Conv2dDynamicSamePadding(672, 672, kernel_size=(5, 5), stride=[2, 2], groups=672, bias=False)
          (_bn1): BatchNorm2d(672, eps=0.001, momentum=0.010000000000000009, affine=True, track_running_stats=True)
          (_se_reduce): Conv2dStaticSamePadding(
            672, 28, kernel_size=(1, 1), stride=(1, 1)
            (static_padding): Identity()
          )
          (_se_expand): Conv2dStaticSamePadding(
            28, 672, kernel_size=(1, 1), stride=(1, 1)
            (static_padding): Identity()
          )
          (_project_conv): Conv2dDynamicSamePadding(672, 192, kernel_size=(1, 1), stride=(1, 1), bias=False)
          (_bn2): BatchNorm2d(192, eps=0.001, momentum=0.010000000000000009, affine=True, track_running_stats=True)
          (_swish): MemoryEfficientSwish()
        )
        (12): MBConvBlock(
          (_expand_conv): Conv2dDynamicSamePadding(192, 1152, kernel_size=(1, 1), stride=(1, 1), bias=False)
          (_bn0): BatchNorm2d(1152, eps=0.001, momentum=0.010000000000000009, affine=True, track_running_stats=True)
          (_depthwise_conv): Conv2dDynamicSamePadding(1152, 1152, kernel_size=(5, 5), stride=(1, 1), groups=1152, bias=False)
          (_bn1): BatchNorm2d(1152, eps=0.001, momentum=0.010000000000000009, affine=True, track_running_stats=True)
          (_se_reduce): Conv2dStaticSamePadding(
            1152, 48, kernel_size=(1, 1), stride=(1, 1)
            (static_padding): Identity()
          )
          (_se_expand): Conv2dStaticSamePadding(
            48, 1152, kernel_size=(1, 1), stride=(1, 1)
            (static_padding): Identity()
          )
          (_project_conv): Conv2dDynamicSamePadding(1152, 192, kernel_size=(1, 1), stride=(1, 1), bias=False)
          (_bn2): BatchNorm2d(192, eps=0.001, momentum=0.010000000000000009, affine=True, track_running_stats=True)
          (_swish): MemoryEfficientSwish()
        )
        (13): MBConvBlock(
          (_expand_conv): Conv2dDynamicSamePadding(192, 1152, kernel_size=(1, 1), stride=(1, 1), bias=False)
          (_bn0): BatchNorm2d(1152, eps=0.001, momentum=0.010000000000000009, affine=True, track_running_stats=True)
          (_depthwise_conv): Conv2dDynamicSamePadding(1152, 1152, kernel_size=(5, 5), stride=(1, 1), groups=1152, bias=False)
          (_bn1): BatchNorm2d(1152, eps=0.001, momentum=0.010000000000000009, affine=True, track_running_stats=True)
          (_se_reduce): Conv2dStaticSamePadding(
            1152, 48, kernel_size=(1, 1), stride=(1, 1)
            (static_padding): Identity()
          )
          (_se_expand): Conv2dStaticSamePadding(
            48, 1152, kernel_size=(1, 1), stride=(1, 1)
            (static_padding): Identity()
          )
          (_project_conv): Conv2dDynamicSamePadding(1152, 192, kernel_size=(1, 1), stride=(1, 1), bias=False)
          (_bn2): BatchNorm2d(192, eps=0.001, momentum=0.010000000000000009, affine=True, track_running_stats=True)
          (_swish): MemoryEfficientSwish()
        )
        (14): MBConvBlock(
          (_expand_conv): Conv2dDynamicSamePadding(192, 1152, kernel_size=(1, 1), stride=(1, 1), bias=False)
          (_bn0): BatchNorm2d(1152, eps=0.001, momentum=0.010000000000000009, affine=True, track_running_stats=True)
          (_depthwise_conv): Conv2dDynamicSamePadding(1152, 1152, kernel_size=(5, 5), stride=(1, 1), groups=1152, bias=False)
          (_bn1): BatchNorm2d(1152, eps=0.001, momentum=0.010000000000000009, affine=True, track_running_stats=True)
          (_se_reduce): Conv2dStaticSamePadding(
            1152, 48, kernel_size=(1, 1), stride=(1, 1)
            (static_padding): Identity()
          )
          (_se_expand): Conv2dStaticSamePadding(
            48, 1152, kernel_size=(1, 1), stride=(1, 1)
            (static_padding): Identity()
          )
          (_project_conv): Conv2dDynamicSamePadding(1152, 192, kernel_size=(1, 1), stride=(1, 1), bias=False)
          (_bn2): BatchNorm2d(192, eps=0.001, momentum=0.010000000000000009, affine=True, track_running_stats=True)
          (_swish): MemoryEfficientSwish()
        )
        (15): MBConvBlock(
          (_expand_conv): Conv2dDynamicSamePadding(192, 1152, kernel_size=(1, 1), stride=(1, 1), bias=False)
          (_bn0): BatchNorm2d(1152, eps=0.001, momentum=0.010000000000000009, affine=True, track_running_stats=True)
          (_depthwise_conv): Conv2dDynamicSamePadding(1152, 1152, kernel_size=(3, 3), stride=[1, 1], groups=1152, bias=False)
          (_bn1): BatchNorm2d(1152, eps=0.001, momentum=0.010000000000000009, affine=True, track_running_stats=True)
          (_se_reduce): Conv2dStaticSamePadding(
            1152, 48, kernel_size=(1, 1), stride=(1, 1)
            (static_padding): Identity()
          )
          (_se_expand): Conv2dStaticSamePadding(
            48, 1152, kernel_size=(1, 1), stride=(1, 1)
            (static_padding): Identity()
          )
          (_project_conv): Conv2dDynamicSamePadding(1152, 320, kernel_size=(1, 1), stride=(1, 1), bias=False)
          (_bn2): BatchNorm2d(320, eps=0.001, momentum=0.010000000000000009, affine=True, track_running_stats=True)
          (_swish): MemoryEfficientSwish()
        )
      )
      (_conv_head): Conv2dDynamicSamePadding(320, 1280, kernel_size=(1, 1), stride=(1, 1), bias=False)
      (_bn1): BatchNorm2d(1280, eps=0.001, momentum=0.010000000000000009, affine=True, track_running_stats=True)
      (_avg_pooling): AdaptiveMaxPool2d(output_size=1)
      (_swish): MemoryEfficientSwish()
    )
  )
  (classifier): Linear(in_features=1280, out_features=10, bias=True)
)
loading from checkpoint only weights : /nlsasfs/home/nltm-pilot/sandeshk/icassp/checkpoints/checkpoint_38_maxpool_256.pth.tar
Model missing keys
['classifier.weight', 'classifier.bias']
Model unexpected keys
[]
freezing effnet weights
done loading
Starting To Train
epoch :1 Train loss: 1.9394081830978394 Train accuracy: 0.29663508657301535 Valid loss: 1.8469148874282837 Valid accuracy: 0.3308181096108022
epoch :2 Train loss: 1.6284849643707275 Train accuracy: 0.42322770336491344 Valid loss: 1.5726051330566406 Valid accuracy: 0.4392374900714853
epoch :3 Train loss: 1.4925299882888794 Train accuracy: 0.46308395949036263 Valid loss: 1.4583255052566528 Valid accuracy: 0.4813343923749007
epoch :4 Train loss: 1.456187129020691 Train accuracy: 0.467984318850049 Valid loss: 1.443156361579895 Valid accuracy: 0.4797458300238284
epoch :5 Train loss: 1.4329607486724854 Train accuracy: 0.4897092453446586 Valid loss: 1.4172857999801636 Valid accuracy: 0.5019857029388404
epoch :6 Train loss: 1.4234048128128052 Train accuracy: 0.47892845475334855 Valid loss: 1.4231349229812622 Valid accuracy: 0.49364575059571086
epoch :7 Train loss: 1.4110889434814453 Train accuracy: 0.49509964064031364 Valid loss: 1.4219340085983276 Valid accuracy: 0.5071485305798252
epoch :8 Train loss: 1.4056546688079834 Train accuracy: 0.49313949689643904 Valid loss: 1.4232450723648071 Valid accuracy: 0.5075456711675933
epoch :9 Train loss: 1.41217839717865 Train accuracy: 0.49656974844821955 Valid loss: 1.435918927192688 Valid accuracy: 0.4996028594122319
epoch :10 Train loss: 1.3719964027404785 Train accuracy: 0.5083306109114668 Valid loss: 1.3984824419021606 Valid accuracy: 0.5087370929308975
epoch :11 Train loss: 1.3705557584762573 Train accuracy: 0.505390395295655 Valid loss: 1.4066822528839111 Valid accuracy: 0.5135027799841144
epoch :12 Train loss: 1.3749980926513672 Train accuracy: 0.5057170859196342 Valid loss: 1.4104335308074951 Valid accuracy: 0.5023828435266084
epoch :13 Train loss: 1.3502490520477295 Train accuracy: 0.5052270499836655 Valid loss: 1.3883121013641357 Valid accuracy: 0.5023828435266084
epoch :14 Train loss: 1.350899338722229 Train accuracy: 0.5122508983992159 Valid loss: 1.408444881439209 Valid accuracy: 0.5103256552819698
epoch :15 Train loss: 1.351419448852539 Train accuracy: 0.5163345311989546 Valid loss: 1.4054906368255615 Valid accuracy: 0.5135027799841144
epoch :16 Train loss: 1.3526263236999512 Train accuracy: 0.5191114015027769 Valid loss: 1.4203736782073975 Valid accuracy: 0.5087370929308975
epoch :17 Train loss: 1.3722834587097168 Train accuracy: 0.5066971577915714 Valid loss: 1.4296669960021973 Valid accuracy: 0.4932486100079428
epoch :18 Train loss: 1.3458197116851807 Train accuracy: 0.5171512577589024 Valid loss: 1.409991979598999 Valid accuracy: 0.5071485305798252
epoch :19 Train loss: 1.3512195348739624 Train accuracy: 0.5186213655668083 Valid loss: 1.417869210243225 Valid accuracy: 0.5043685464654488
epoch :20 Train loss: 1.3409088850021362 Train accuracy: 0.5215615811826201 Valid loss: 1.4173431396484375 Valid accuracy: 0.5031771247021446
epoch :21 Train loss: 1.3371224403381348 Train accuracy: 0.5243384514864423 Valid loss: 1.4107924699783325 Valid accuracy: 0.5131056393963463
epoch :22 Train loss: 1.3282790184020996 Train accuracy: 0.5245017967984319 Valid loss: 1.4188408851623535 Valid accuracy: 0.4980142970611596
epoch :23 Train loss: 1.3233195543289185 Train accuracy: 0.5277687030382228 Valid loss: 1.4107986688613892 Valid accuracy: 0.5198570293884035
epoch :24 Train loss: 1.3395158052444458 Train accuracy: 0.5217249264946096 Valid loss: 1.4222731590270996 Valid accuracy: 0.5083399523431295
epoch :25 Train loss: 1.3277970552444458 Train accuracy: 0.5240117608624633 Valid loss: 1.4202786684036255 Valid accuracy: 0.511517077045274
epoch :26 Train loss: 1.3312594890594482 Train accuracy: 0.5297288467820973 Valid loss: 1.4193886518478394 Valid accuracy: 0.5063542494042891
epoch :27 Train loss: 1.3231710195541382 Train accuracy: 0.5305455733420451 Valid loss: 1.4228378534317017 Valid accuracy: 0.5075456711675933
epoch :28 Train loss: 1.3107250928878784 Train accuracy: 0.5318523358379614 Valid loss: 1.41254460811615 Valid accuracy: 0.5158856235107228
epoch :29 Train loss: 1.307036280632019 Train accuracy: 0.5326690623979092 Valid loss: 1.4095243215560913 Valid accuracy: 0.5194598888006354
epoch :30 Train loss: 1.3037117719650269 Train accuracy: 0.5351192420777524 Valid loss: 1.4147169589996338 Valid accuracy: 0.517474185861795
epoch :31 Train loss: 1.3043274879455566 Train accuracy: 0.5388761842535119 Valid loss: 1.4119409322738647 Valid accuracy: 0.5154884829229547
epoch :32 Train loss: 1.3194620609283447 Train accuracy: 0.5357726233257105 Valid loss: 1.4316271543502808 Valid accuracy: 0.505957108816521
epoch :33 Train loss: 1.3051669597625732 Train accuracy: 0.539202874877491 Valid loss: 1.418579339981079 Valid accuracy: 0.5075456711675933
epoch :34 Train loss: 1.3193585872650146 Train accuracy: 0.535609278013721 Valid loss: 1.4287936687469482 Valid accuracy: 0.511517077045274
epoch :35 Train loss: 1.3243982791900635 Train accuracy: 0.5400196014374388 Valid loss: 1.4319369792938232 Valid accuracy: 0.5087370929308975
epoch :36 Train loss: 1.302399754524231 Train accuracy: 0.5359359686377001 Valid loss: 1.414883017539978 Valid accuracy: 0.5075456711675933
epoch :37 Train loss: 1.2896685600280762 Train accuracy: 0.5457366873570728 Valid loss: 1.4103245735168457 Valid accuracy: 0.511119936457506
epoch :38 Train loss: 1.3188858032226562 Train accuracy: 0.5465534139170206 Valid loss: 1.4443860054016113 Valid accuracy: 0.5095313741064337
epoch :39 Train loss: 1.3050378561019897 Train accuracy: 0.5457366873570728 Valid loss: 1.4330111742019653 Valid accuracy: 0.5071485305798252
epoch :40 Train loss: 1.2988499402999878 Train accuracy: 0.5450833061091147 Valid loss: 1.425442099571228 Valid accuracy: 0.517077045274027
epoch :41 Train loss: 1.2812610864639282 Train accuracy: 0.5512904279647174 Valid loss: 1.422019600868225 Valid accuracy: 0.5135027799841144
epoch :42 Train loss: 1.2523247003555298 Train accuracy: 0.5524338451486442 Valid loss: 1.3895609378814697 Valid accuracy: 0.5198570293884035
epoch :43 Train loss: 1.2617582082748413 Train accuracy: 0.5503103560927801 Valid loss: 1.400361180305481 Valid accuracy: 0.5127084988085783
epoch :44 Train loss: 1.2482073307037354 Train accuracy: 0.5475334857889579 Valid loss: 1.3896307945251465 Valid accuracy: 0.5107227958697379
epoch :45 Train loss: 1.252196192741394 Train accuracy: 0.5521071545246652 Valid loss: 1.4038106203079224 Valid accuracy: 0.5091342335186656
epoch :46 Train loss: 1.2388217449188232 Train accuracy: 0.5503103560927801 Valid loss: 1.405859351158142 Valid accuracy: 0.5123113582208102
epoch :47 Train loss: 1.2401175498962402 Train accuracy: 0.5558640967004247 Valid loss: 1.3955003023147583 Valid accuracy: 0.5091342335186656
epoch :48 Train loss: 1.2531657218933105 Train accuracy: 0.5524338451486442 Valid loss: 1.4102908372879028 Valid accuracy: 0.511517077045274
epoch :49 Train loss: 1.2624644041061401 Train accuracy: 0.5548840248284874 Valid loss: 1.4186919927597046 Valid accuracy: 0.5123113582208102
epoch :50 Train loss: 1.2591532468795776 Train accuracy: 0.5594576935641947 Valid loss: 1.418445110321045 Valid accuracy: 0.5095313741064337
max train accuracy : 0.5594576935641947
max valid accuracy : 0.5198570293884035
