Downstream Task birdsong_combined
Resume False, load only efficient net True, from path /nlsasfs/home/nltm-pilot/sandeshk/icassp/checkpoints/checkpoint_53_maxpool_pic.pth.tar 
BS 64
complete args Namespace(batch_size=64, down_stream_task='birdsong_combined', epochs=50, exp_root='./exp/birdsong_combined/Max/checkpoint_53_maxpool_pic', final_pooling_type='Max', freeze_effnet=False, load_only_efficientNet=True, pretrain_path='/nlsasfs/home/nltm-pilot/sandeshk/icassp/checkpoints/checkpoint_53_maxpool_pic.pth.tar', resume=False, tag='checkpoint_53_maxpool_pic', use_l2='l2')
DeepCluster_downstream(
  (model_efficient): DataParallel(
    (module): EfficientNet(
      (_conv_stem): Conv2dDynamicSamePadding(1, 32, kernel_size=(3, 3), stride=(2, 2), bias=False)
      (_bn0): BatchNorm2d(32, eps=0.001, momentum=0.010000000000000009, affine=True, track_running_stats=True)
      (_blocks): ModuleList(
        (0): MBConvBlock(
          (_depthwise_conv): Conv2dDynamicSamePadding(32, 32, kernel_size=(3, 3), stride=[1, 1], groups=32, bias=False)
          (_bn1): BatchNorm2d(32, eps=0.001, momentum=0.010000000000000009, affine=True, track_running_stats=True)
          (_se_reduce): Conv2dStaticSamePadding(
            32, 8, kernel_size=(1, 1), stride=(1, 1)
            (static_padding): Identity()
          )
          (_se_expand): Conv2dStaticSamePadding(
            8, 32, kernel_size=(1, 1), stride=(1, 1)
            (static_padding): Identity()
          )
          (_project_conv): Conv2dDynamicSamePadding(32, 16, kernel_size=(1, 1), stride=(1, 1), bias=False)
          (_bn2): BatchNorm2d(16, eps=0.001, momentum=0.010000000000000009, affine=True, track_running_stats=True)
          (_swish): MemoryEfficientSwish()
        )
        (1): MBConvBlock(
          (_expand_conv): Conv2dDynamicSamePadding(16, 96, kernel_size=(1, 1), stride=(1, 1), bias=False)
          (_bn0): BatchNorm2d(96, eps=0.001, momentum=0.010000000000000009, affine=True, track_running_stats=True)
          (_depthwise_conv): Conv2dDynamicSamePadding(96, 96, kernel_size=(3, 3), stride=[2, 2], groups=96, bias=False)
          (_bn1): BatchNorm2d(96, eps=0.001, momentum=0.010000000000000009, affine=True, track_running_stats=True)
          (_se_reduce): Conv2dStaticSamePadding(
            96, 4, kernel_size=(1, 1), stride=(1, 1)
            (static_padding): Identity()
          )
          (_se_expand): Conv2dStaticSamePadding(
            4, 96, kernel_size=(1, 1), stride=(1, 1)
            (static_padding): Identity()
          )
          (_project_conv): Conv2dDynamicSamePadding(96, 24, kernel_size=(1, 1), stride=(1, 1), bias=False)
          (_bn2): BatchNorm2d(24, eps=0.001, momentum=0.010000000000000009, affine=True, track_running_stats=True)
          (_swish): MemoryEfficientSwish()
        )
        (2): MBConvBlock(
          (_expand_conv): Conv2dDynamicSamePadding(24, 144, kernel_size=(1, 1), stride=(1, 1), bias=False)
          (_bn0): BatchNorm2d(144, eps=0.001, momentum=0.010000000000000009, affine=True, track_running_stats=True)
          (_depthwise_conv): Conv2dDynamicSamePadding(144, 144, kernel_size=(3, 3), stride=(1, 1), groups=144, bias=False)
          (_bn1): BatchNorm2d(144, eps=0.001, momentum=0.010000000000000009, affine=True, track_running_stats=True)
          (_se_reduce): Conv2dStaticSamePadding(
            144, 6, kernel_size=(1, 1), stride=(1, 1)
            (static_padding): Identity()
          )
          (_se_expand): Conv2dStaticSamePadding(
            6, 144, kernel_size=(1, 1), stride=(1, 1)
            (static_padding): Identity()
          )
          (_project_conv): Conv2dDynamicSamePadding(144, 24, kernel_size=(1, 1), stride=(1, 1), bias=False)
          (_bn2): BatchNorm2d(24, eps=0.001, momentum=0.010000000000000009, affine=True, track_running_stats=True)
          (_swish): MemoryEfficientSwish()
        )
        (3): MBConvBlock(
          (_expand_conv): Conv2dDynamicSamePadding(24, 144, kernel_size=(1, 1), stride=(1, 1), bias=False)
          (_bn0): BatchNorm2d(144, eps=0.001, momentum=0.010000000000000009, affine=True, track_running_stats=True)
          (_depthwise_conv): Conv2dDynamicSamePadding(144, 144, kernel_size=(5, 5), stride=[2, 2], groups=144, bias=False)
          (_bn1): BatchNorm2d(144, eps=0.001, momentum=0.010000000000000009, affine=True, track_running_stats=True)
          (_se_reduce): Conv2dStaticSamePadding(
            144, 6, kernel_size=(1, 1), stride=(1, 1)
            (static_padding): Identity()
          )
          (_se_expand): Conv2dStaticSamePadding(
            6, 144, kernel_size=(1, 1), stride=(1, 1)
            (static_padding): Identity()
          )
          (_project_conv): Conv2dDynamicSamePadding(144, 40, kernel_size=(1, 1), stride=(1, 1), bias=False)
          (_bn2): BatchNorm2d(40, eps=0.001, momentum=0.010000000000000009, affine=True, track_running_stats=True)
          (_swish): MemoryEfficientSwish()
        )
        (4): MBConvBlock(
          (_expand_conv): Conv2dDynamicSamePadding(40, 240, kernel_size=(1, 1), stride=(1, 1), bias=False)
          (_bn0): BatchNorm2d(240, eps=0.001, momentum=0.010000000000000009, affine=True, track_running_stats=True)
          (_depthwise_conv): Conv2dDynamicSamePadding(240, 240, kernel_size=(5, 5), stride=(1, 1), groups=240, bias=False)
          (_bn1): BatchNorm2d(240, eps=0.001, momentum=0.010000000000000009, affine=True, track_running_stats=True)
          (_se_reduce): Conv2dStaticSamePadding(
            240, 10, kernel_size=(1, 1), stride=(1, 1)
            (static_padding): Identity()
          )
          (_se_expand): Conv2dStaticSamePadding(
            10, 240, kernel_size=(1, 1), stride=(1, 1)
            (static_padding): Identity()
          )
          (_project_conv): Conv2dDynamicSamePadding(240, 40, kernel_size=(1, 1), stride=(1, 1), bias=False)
          (_bn2): BatchNorm2d(40, eps=0.001, momentum=0.010000000000000009, affine=True, track_running_stats=True)
          (_swish): MemoryEfficientSwish()
        )
        (5): MBConvBlock(
          (_expand_conv): Conv2dDynamicSamePadding(40, 240, kernel_size=(1, 1), stride=(1, 1), bias=False)
          (_bn0): BatchNorm2d(240, eps=0.001, momentum=0.010000000000000009, affine=True, track_running_stats=True)
          (_depthwise_conv): Conv2dDynamicSamePadding(240, 240, kernel_size=(3, 3), stride=[2, 2], groups=240, bias=False)
          (_bn1): BatchNorm2d(240, eps=0.001, momentum=0.010000000000000009, affine=True, track_running_stats=True)
          (_se_reduce): Conv2dStaticSamePadding(
            240, 10, kernel_size=(1, 1), stride=(1, 1)
            (static_padding): Identity()
          )
          (_se_expand): Conv2dStaticSamePadding(
            10, 240, kernel_size=(1, 1), stride=(1, 1)
            (static_padding): Identity()
          )
          (_project_conv): Conv2dDynamicSamePadding(240, 80, kernel_size=(1, 1), stride=(1, 1), bias=False)
          (_bn2): BatchNorm2d(80, eps=0.001, momentum=0.010000000000000009, affine=True, track_running_stats=True)
          (_swish): MemoryEfficientSwish()
        )
        (6): MBConvBlock(
          (_expand_conv): Conv2dDynamicSamePadding(80, 480, kernel_size=(1, 1), stride=(1, 1), bias=False)
          (_bn0): BatchNorm2d(480, eps=0.001, momentum=0.010000000000000009, affine=True, track_running_stats=True)
          (_depthwise_conv): Conv2dDynamicSamePadding(480, 480, kernel_size=(3, 3), stride=(1, 1), groups=480, bias=False)
          (_bn1): BatchNorm2d(480, eps=0.001, momentum=0.010000000000000009, affine=True, track_running_stats=True)
          (_se_reduce): Conv2dStaticSamePadding(
            480, 20, kernel_size=(1, 1), stride=(1, 1)
            (static_padding): Identity()
          )
          (_se_expand): Conv2dStaticSamePadding(
            20, 480, kernel_size=(1, 1), stride=(1, 1)
            (static_padding): Identity()
          )
          (_project_conv): Conv2dDynamicSamePadding(480, 80, kernel_size=(1, 1), stride=(1, 1), bias=False)
          (_bn2): BatchNorm2d(80, eps=0.001, momentum=0.010000000000000009, affine=True, track_running_stats=True)
          (_swish): MemoryEfficientSwish()
        )
        (7): MBConvBlock(
          (_expand_conv): Conv2dDynamicSamePadding(80, 480, kernel_size=(1, 1), stride=(1, 1), bias=False)
          (_bn0): BatchNorm2d(480, eps=0.001, momentum=0.010000000000000009, affine=True, track_running_stats=True)
          (_depthwise_conv): Conv2dDynamicSamePadding(480, 480, kernel_size=(3, 3), stride=(1, 1), groups=480, bias=False)
          (_bn1): BatchNorm2d(480, eps=0.001, momentum=0.010000000000000009, affine=True, track_running_stats=True)
          (_se_reduce): Conv2dStaticSamePadding(
            480, 20, kernel_size=(1, 1), stride=(1, 1)
            (static_padding): Identity()
          )
          (_se_expand): Conv2dStaticSamePadding(
            20, 480, kernel_size=(1, 1), stride=(1, 1)
            (static_padding): Identity()
          )
          (_project_conv): Conv2dDynamicSamePadding(480, 80, kernel_size=(1, 1), stride=(1, 1), bias=False)
          (_bn2): BatchNorm2d(80, eps=0.001, momentum=0.010000000000000009, affine=True, track_running_stats=True)
          (_swish): MemoryEfficientSwish()
        )
        (8): MBConvBlock(
          (_expand_conv): Conv2dDynamicSamePadding(80, 480, kernel_size=(1, 1), stride=(1, 1), bias=False)
          (_bn0): BatchNorm2d(480, eps=0.001, momentum=0.010000000000000009, affine=True, track_running_stats=True)
          (_depthwise_conv): Conv2dDynamicSamePadding(480, 480, kernel_size=(5, 5), stride=[1, 1], groups=480, bias=False)
          (_bn1): BatchNorm2d(480, eps=0.001, momentum=0.010000000000000009, affine=True, track_running_stats=True)
          (_se_reduce): Conv2dStaticSamePadding(
            480, 20, kernel_size=(1, 1), stride=(1, 1)
            (static_padding): Identity()
          )
          (_se_expand): Conv2dStaticSamePadding(
            20, 480, kernel_size=(1, 1), stride=(1, 1)
            (static_padding): Identity()
          )
          (_project_conv): Conv2dDynamicSamePadding(480, 112, kernel_size=(1, 1), stride=(1, 1), bias=False)
          (_bn2): BatchNorm2d(112, eps=0.001, momentum=0.010000000000000009, affine=True, track_running_stats=True)
          (_swish): MemoryEfficientSwish()
        )
        (9): MBConvBlock(
          (_expand_conv): Conv2dDynamicSamePadding(112, 672, kernel_size=(1, 1), stride=(1, 1), bias=False)
          (_bn0): BatchNorm2d(672, eps=0.001, momentum=0.010000000000000009, affine=True, track_running_stats=True)
          (_depthwise_conv): Conv2dDynamicSamePadding(672, 672, kernel_size=(5, 5), stride=(1, 1), groups=672, bias=False)
          (_bn1): BatchNorm2d(672, eps=0.001, momentum=0.010000000000000009, affine=True, track_running_stats=True)
          (_se_reduce): Conv2dStaticSamePadding(
            672, 28, kernel_size=(1, 1), stride=(1, 1)
            (static_padding): Identity()
          )
          (_se_expand): Conv2dStaticSamePadding(
            28, 672, kernel_size=(1, 1), stride=(1, 1)
            (static_padding): Identity()
          )
          (_project_conv): Conv2dDynamicSamePadding(672, 112, kernel_size=(1, 1), stride=(1, 1), bias=False)
          (_bn2): BatchNorm2d(112, eps=0.001, momentum=0.010000000000000009, affine=True, track_running_stats=True)
          (_swish): MemoryEfficientSwish()
        )
        (10): MBConvBlock(
          (_expand_conv): Conv2dDynamicSamePadding(112, 672, kernel_size=(1, 1), stride=(1, 1), bias=False)
          (_bn0): BatchNorm2d(672, eps=0.001, momentum=0.010000000000000009, affine=True, track_running_stats=True)
          (_depthwise_conv): Conv2dDynamicSamePadding(672, 672, kernel_size=(5, 5), stride=(1, 1), groups=672, bias=False)
          (_bn1): BatchNorm2d(672, eps=0.001, momentum=0.010000000000000009, affine=True, track_running_stats=True)
          (_se_reduce): Conv2dStaticSamePadding(
            672, 28, kernel_size=(1, 1), stride=(1, 1)
            (static_padding): Identity()
          )
          (_se_expand): Conv2dStaticSamePadding(
            28, 672, kernel_size=(1, 1), stride=(1, 1)
            (static_padding): Identity()
          )
          (_project_conv): Conv2dDynamicSamePadding(672, 112, kernel_size=(1, 1), stride=(1, 1), bias=False)
          (_bn2): BatchNorm2d(112, eps=0.001, momentum=0.010000000000000009, affine=True, track_running_stats=True)
          (_swish): MemoryEfficientSwish()
        )
        (11): MBConvBlock(
          (_expand_conv): Conv2dDynamicSamePadding(112, 672, kernel_size=(1, 1), stride=(1, 1), bias=False)
          (_bn0): BatchNorm2d(672, eps=0.001, momentum=0.010000000000000009, affine=True, track_running_stats=True)
          (_depthwise_conv): Conv2dDynamicSamePadding(672, 672, kernel_size=(5, 5), stride=[2, 2], groups=672, bias=False)
          (_bn1): BatchNorm2d(672, eps=0.001, momentum=0.010000000000000009, affine=True, track_running_stats=True)
          (_se_reduce): Conv2dStaticSamePadding(
            672, 28, kernel_size=(1, 1), stride=(1, 1)
            (static_padding): Identity()
          )
          (_se_expand): Conv2dStaticSamePadding(
            28, 672, kernel_size=(1, 1), stride=(1, 1)
            (static_padding): Identity()
          )
          (_project_conv): Conv2dDynamicSamePadding(672, 192, kernel_size=(1, 1), stride=(1, 1), bias=False)
          (_bn2): BatchNorm2d(192, eps=0.001, momentum=0.010000000000000009, affine=True, track_running_stats=True)
          (_swish): MemoryEfficientSwish()
        )
        (12): MBConvBlock(
          (_expand_conv): Conv2dDynamicSamePadding(192, 1152, kernel_size=(1, 1), stride=(1, 1), bias=False)
          (_bn0): BatchNorm2d(1152, eps=0.001, momentum=0.010000000000000009, affine=True, track_running_stats=True)
          (_depthwise_conv): Conv2dDynamicSamePadding(1152, 1152, kernel_size=(5, 5), stride=(1, 1), groups=1152, bias=False)
          (_bn1): BatchNorm2d(1152, eps=0.001, momentum=0.010000000000000009, affine=True, track_running_stats=True)
          (_se_reduce): Conv2dStaticSamePadding(
            1152, 48, kernel_size=(1, 1), stride=(1, 1)
            (static_padding): Identity()
          )
          (_se_expand): Conv2dStaticSamePadding(
            48, 1152, kernel_size=(1, 1), stride=(1, 1)
            (static_padding): Identity()
          )
          (_project_conv): Conv2dDynamicSamePadding(1152, 192, kernel_size=(1, 1), stride=(1, 1), bias=False)
          (_bn2): BatchNorm2d(192, eps=0.001, momentum=0.010000000000000009, affine=True, track_running_stats=True)
          (_swish): MemoryEfficientSwish()
        )
        (13): MBConvBlock(
          (_expand_conv): Conv2dDynamicSamePadding(192, 1152, kernel_size=(1, 1), stride=(1, 1), bias=False)
          (_bn0): BatchNorm2d(1152, eps=0.001, momentum=0.010000000000000009, affine=True, track_running_stats=True)
          (_depthwise_conv): Conv2dDynamicSamePadding(1152, 1152, kernel_size=(5, 5), stride=(1, 1), groups=1152, bias=False)
          (_bn1): BatchNorm2d(1152, eps=0.001, momentum=0.010000000000000009, affine=True, track_running_stats=True)
          (_se_reduce): Conv2dStaticSamePadding(
            1152, 48, kernel_size=(1, 1), stride=(1, 1)
            (static_padding): Identity()
          )
          (_se_expand): Conv2dStaticSamePadding(
            48, 1152, kernel_size=(1, 1), stride=(1, 1)
            (static_padding): Identity()
          )
          (_project_conv): Conv2dDynamicSamePadding(1152, 192, kernel_size=(1, 1), stride=(1, 1), bias=False)
          (_bn2): BatchNorm2d(192, eps=0.001, momentum=0.010000000000000009, affine=True, track_running_stats=True)
          (_swish): MemoryEfficientSwish()
        )
        (14): MBConvBlock(
          (_expand_conv): Conv2dDynamicSamePadding(192, 1152, kernel_size=(1, 1), stride=(1, 1), bias=False)
          (_bn0): BatchNorm2d(1152, eps=0.001, momentum=0.010000000000000009, affine=True, track_running_stats=True)
          (_depthwise_conv): Conv2dDynamicSamePadding(1152, 1152, kernel_size=(5, 5), stride=(1, 1), groups=1152, bias=False)
          (_bn1): BatchNorm2d(1152, eps=0.001, momentum=0.010000000000000009, affine=True, track_running_stats=True)
          (_se_reduce): Conv2dStaticSamePadding(
            1152, 48, kernel_size=(1, 1), stride=(1, 1)
            (static_padding): Identity()
          )
          (_se_expand): Conv2dStaticSamePadding(
            48, 1152, kernel_size=(1, 1), stride=(1, 1)
            (static_padding): Identity()
          )
          (_project_conv): Conv2dDynamicSamePadding(1152, 192, kernel_size=(1, 1), stride=(1, 1), bias=False)
          (_bn2): BatchNorm2d(192, eps=0.001, momentum=0.010000000000000009, affine=True, track_running_stats=True)
          (_swish): MemoryEfficientSwish()
        )
        (15): MBConvBlock(
          (_expand_conv): Conv2dDynamicSamePadding(192, 1152, kernel_size=(1, 1), stride=(1, 1), bias=False)
          (_bn0): BatchNorm2d(1152, eps=0.001, momentum=0.010000000000000009, affine=True, track_running_stats=True)
          (_depthwise_conv): Conv2dDynamicSamePadding(1152, 1152, kernel_size=(3, 3), stride=[1, 1], groups=1152, bias=False)
          (_bn1): BatchNorm2d(1152, eps=0.001, momentum=0.010000000000000009, affine=True, track_running_stats=True)
          (_se_reduce): Conv2dStaticSamePadding(
            1152, 48, kernel_size=(1, 1), stride=(1, 1)
            (static_padding): Identity()
          )
          (_se_expand): Conv2dStaticSamePadding(
            48, 1152, kernel_size=(1, 1), stride=(1, 1)
            (static_padding): Identity()
          )
          (_project_conv): Conv2dDynamicSamePadding(1152, 320, kernel_size=(1, 1), stride=(1, 1), bias=False)
          (_bn2): BatchNorm2d(320, eps=0.001, momentum=0.010000000000000009, affine=True, track_running_stats=True)
          (_swish): MemoryEfficientSwish()
        )
      )
      (_conv_head): Conv2dDynamicSamePadding(320, 1280, kernel_size=(1, 1), stride=(1, 1), bias=False)
      (_bn1): BatchNorm2d(1280, eps=0.001, momentum=0.010000000000000009, affine=True, track_running_stats=True)
      (_avg_pooling): AdaptiveMaxPool2d(output_size=1)
      (_swish): MemoryEfficientSwish()
    )
  )
  (classifier): Linear(in_features=1280, out_features=2, bias=True)
)
loading from checkpoint only weights : /nlsasfs/home/nltm-pilot/sandeshk/icassp/checkpoints/checkpoint_53_maxpool_pic.pth.tar
Model missing keys
['classifier.weight', 'classifier.bias']
Model unexpected keys
[]
done loading
Starting To Train
epoch :1 Train loss: 0.2865354120731354 Train accuracy: 0.8898980242192479 Valid loss: 0.3235524296760559 Valid accuracy: 0.8725302740599108
epoch :2 Train loss: 0.22916744649410248 Train accuracy: 0.9104525175270873 Valid loss: 0.2778685390949249 Valid accuracy: 0.892925430210325
epoch :3 Train loss: 0.20486246049404144 Train accuracy: 0.9203314212874443 Valid loss: 0.2780763804912567 Valid accuracy: 0.9018483110261313
epoch :4 Train loss: 0.20252256095409393 Train accuracy: 0.9267049075844487 Valid loss: 0.28538399934768677 Valid accuracy: 0.8922880815806246
epoch :5 Train loss: 0.17099672555923462 Train accuracy: 0.9367431485022307 Valid loss: 0.2834498882293701 Valid accuracy: 0.8992989165073295
epoch :6 Train loss: 0.15650597214698792 Train accuracy: 0.9389738687061823 Valid loss: 0.29174289107322693 Valid accuracy: 0.8996175908221797
epoch :7 Train loss: 0.13028112053871155 Train accuracy: 0.9539515615041427 Valid loss: 0.343082070350647 Valid accuracy: 0.8961121733588273
epoch :8 Train loss: 0.11332115530967712 Train accuracy: 0.9579349904397706 Valid loss: 0.2987424433231354 Valid accuracy: 0.9008922880815806
epoch :9 Train loss: 0.10665467381477356 Train accuracy: 0.9602453792224347 Valid loss: 0.32499605417251587 Valid accuracy: 0.8977055449330784
epoch :10 Train loss: 0.08284773677587509 Train accuracy: 0.9689292543021033 Valid loss: 0.356103777885437 Valid accuracy: 0.9008922880815806
epoch :11 Train loss: 0.087070032954216 Train accuracy: 0.968610579987253 Valid loss: 0.35261306166648865 Valid accuracy: 0.894200127469726
epoch :12 Train loss: 0.06885386258363724 Train accuracy: 0.974346717654557 Valid loss: 0.38061919808387756 Valid accuracy: 0.8973868706182282
epoch :13 Train loss: 0.05367232859134674 Train accuracy: 0.9811185468451242 Valid loss: 0.41434386372566223 Valid accuracy: 0.89993626513703
epoch :14 Train loss: 0.04761398956179619 Train accuracy: 0.9854206500956023 Valid loss: 0.3951437771320343 Valid accuracy: 0.9008922880815806
epoch :15 Train loss: 0.04456787556409836 Train accuracy: 0.9837476099426387 Valid loss: 0.45140618085861206 Valid accuracy: 0.9031230082855322
epoch :16 Train loss: 0.04624229669570923 Train accuracy: 0.98565965583174 Valid loss: 0.44164717197418213 Valid accuracy: 0.8919694072657743
epoch :17 Train loss: 0.039273951202631 Train accuracy: 0.9860579987253028 Valid loss: 0.513320803642273 Valid accuracy: 0.8916507329509241
epoch :18 Train loss: 0.027926992624998093 Train accuracy: 0.9895634161886552 Valid loss: 0.496028870344162 Valid accuracy: 0.894200127469726
epoch :19 Train loss: 0.0324288085103035 Train accuracy: 0.9893244104525175 Valid loss: 0.4752192199230194 Valid accuracy: 0.8945188017845762
epoch :20 Train loss: 0.028772054240107536 Train accuracy: 0.9918738049713193 Valid loss: 0.47819745540618896 Valid accuracy: 0.8992989165073295
epoch :21 Train loss: 0.03202536702156067 Train accuracy: 0.9890854047163798 Valid loss: 0.517952561378479 Valid accuracy: 0.8884639898024219
epoch :22 Train loss: 0.033568087965250015 Train accuracy: 0.9894837476099426 Valid loss: 0.5212235450744629 Valid accuracy: 0.8878266411727215
epoch :23 Train loss: 0.024738265201449394 Train accuracy: 0.9918738049713193 Valid loss: 0.5099453330039978 Valid accuracy: 0.8951561504142767
epoch :24 Train loss: 0.02602483704686165 Train accuracy: 0.9909177820267686 Valid loss: 0.5698753595352173 Valid accuracy: 0.8887826641172721
epoch :25 Train loss: 0.031364139169454575 Train accuracy: 0.9895634161886552 Valid loss: 0.5911567807197571 Valid accuracy: 0.8887826641172721
epoch :26 Train loss: 0.03278711065649986 Train accuracy: 0.9873326959847036 Valid loss: 0.605958104133606 Valid accuracy: 0.884321223709369
epoch :27 Train loss: 0.01551930233836174 Train accuracy: 0.9946622052262588 Valid loss: 0.5594629645347595 Valid accuracy: 0.8906947100063735
epoch :28 Train loss: 0.020060017704963684 Train accuracy: 0.9933078393881453 Valid loss: 0.5993362069129944 Valid accuracy: 0.890057361376673
epoch :29 Train loss: 0.0159017164260149 Train accuracy: 0.9947418738049714 Valid loss: 0.5714945197105408 Valid accuracy: 0.8964308476736775
epoch :30 Train loss: 0.02555844746530056 Train accuracy: 0.9909177820267686 Valid loss: 0.5805280208587646 Valid accuracy: 0.8887826641172721
epoch :31 Train loss: 0.017969049513339996 Train accuracy: 0.993706182281708 Valid loss: 0.5303072929382324 Valid accuracy: 0.8961121733588273
epoch :32 Train loss: 0.019903607666492462 Train accuracy: 0.9926704907584448 Valid loss: 0.6054206490516663 Valid accuracy: 0.8916507329509241
epoch :33 Train loss: 0.019194932654500008 Train accuracy: 0.9939451880178458 Valid loss: 0.5599421858787537 Valid accuracy: 0.8922880815806246
epoch :34 Train loss: 0.012854349799454212 Train accuracy: 0.996414913957935 Valid loss: 0.6142644882202148 Valid accuracy: 0.894200127469726
epoch :35 Train loss: 0.0459548681974411 Train accuracy: 0.9840662842574889 Valid loss: 0.6789757013320923 Valid accuracy: 0.8779477374123645
epoch :36 Train loss: 0.012643699534237385 Train accuracy: 0.995697896749522 Valid loss: 0.6071171760559082 Valid accuracy: 0.8986615678776291
epoch :37 Train loss: 0.010175841860473156 Train accuracy: 0.9974506054811982 Valid loss: 0.5567560195922852 Valid accuracy: 0.8973868706182282
epoch :38 Train loss: 0.020167509093880653 Train accuracy: 0.9932281708094327 Valid loss: 0.6376627683639526 Valid accuracy: 0.887189292543021
epoch :39 Train loss: 0.009461437352001667 Train accuracy: 0.9980082855321861 Valid loss: 0.6159204840660095 Valid accuracy: 0.8887826641172721
epoch :40 Train loss: 0.015245270915329456 Train accuracy: 0.9945825366475463 Valid loss: 0.6275749802589417 Valid accuracy: 0.8948374760994264
epoch :41 Train loss: 0.026908518746495247 Train accuracy: 0.9919534735500318 Valid loss: 0.6081111431121826 Valid accuracy: 0.8852772466539197
epoch :42 Train loss: 0.01635267399251461 Train accuracy: 0.9946622052262588 Valid loss: 0.6916905641555786 Valid accuracy: 0.890057361376673
epoch :43 Train loss: 0.012690595351159573 Train accuracy: 0.9961759082217974 Valid loss: 0.6307686567306519 Valid accuracy: 0.892925430210325
epoch :44 Train loss: 0.015070654451847076 Train accuracy: 0.9949012109623965 Valid loss: 0.6181772947311401 Valid accuracy: 0.8916507329509241
epoch :45 Train loss: 0.01196952722966671 Train accuracy: 0.9955385595920969 Valid loss: 0.6408220529556274 Valid accuracy: 0.8919694072657743
epoch :46 Train loss: 0.023795444518327713 Train accuracy: 0.9935468451242829 Valid loss: 0.5809624791145325 Valid accuracy: 0.884321223709369
epoch :47 Train loss: 0.013997765257954597 Train accuracy: 0.9961759082217974 Valid loss: 0.5956830382347107 Valid accuracy: 0.8954748247291269
epoch :48 Train loss: 0.007521933875977993 Train accuracy: 0.9982472912683238 Valid loss: 0.5745808482170105 Valid accuracy: 0.8989802421924793
epoch :49 Train loss: 0.01624010130763054 Train accuracy: 0.9955385595920969 Valid loss: 0.5533129572868347 Valid accuracy: 0.8951561504142767
epoch :50 Train loss: 0.014555647037923336 Train accuracy: 0.9957775653282346 Valid loss: 0.5885803699493408 Valid accuracy: 0.8910133843212237
max train accuracy : 0.9982472912683238
max valid accuracy : 0.9031230082855322
