Downstream Task language_identification
Resume False, load only efficient net True, from path /nlsasfs/home/nltm-pilot/sandeshk/icassp/checkpoints/checkpoint_38_maxpool_256.pth.tar 
BS 64
complete args Namespace(batch_size=64, down_stream_task='language_identification', epochs=50, exp_root='./exp/language_identification/Max/checkpoint_38_maxpool_256_freeze', final_pooling_type='Max', freeze_effnet=True, load_only_efficientNet=True, pretrain_path='/nlsasfs/home/nltm-pilot/sandeshk/icassp/checkpoints/checkpoint_38_maxpool_256.pth.tar', resume=False, tag='checkpoint_38_maxpool_256_freeze', use_l2='l2')
DeepCluster_downstream(
  (model_efficient): DataParallel(
    (module): EfficientNet(
      (_conv_stem): Conv2dDynamicSamePadding(1, 32, kernel_size=(3, 3), stride=(2, 2), bias=False)
      (_bn0): BatchNorm2d(32, eps=0.001, momentum=0.010000000000000009, affine=True, track_running_stats=True)
      (_blocks): ModuleList(
        (0): MBConvBlock(
          (_depthwise_conv): Conv2dDynamicSamePadding(32, 32, kernel_size=(3, 3), stride=[1, 1], groups=32, bias=False)
          (_bn1): BatchNorm2d(32, eps=0.001, momentum=0.010000000000000009, affine=True, track_running_stats=True)
          (_se_reduce): Conv2dStaticSamePadding(
            32, 8, kernel_size=(1, 1), stride=(1, 1)
            (static_padding): Identity()
          )
          (_se_expand): Conv2dStaticSamePadding(
            8, 32, kernel_size=(1, 1), stride=(1, 1)
            (static_padding): Identity()
          )
          (_project_conv): Conv2dDynamicSamePadding(32, 16, kernel_size=(1, 1), stride=(1, 1), bias=False)
          (_bn2): BatchNorm2d(16, eps=0.001, momentum=0.010000000000000009, affine=True, track_running_stats=True)
          (_swish): MemoryEfficientSwish()
        )
        (1): MBConvBlock(
          (_expand_conv): Conv2dDynamicSamePadding(16, 96, kernel_size=(1, 1), stride=(1, 1), bias=False)
          (_bn0): BatchNorm2d(96, eps=0.001, momentum=0.010000000000000009, affine=True, track_running_stats=True)
          (_depthwise_conv): Conv2dDynamicSamePadding(96, 96, kernel_size=(3, 3), stride=[2, 2], groups=96, bias=False)
          (_bn1): BatchNorm2d(96, eps=0.001, momentum=0.010000000000000009, affine=True, track_running_stats=True)
          (_se_reduce): Conv2dStaticSamePadding(
            96, 4, kernel_size=(1, 1), stride=(1, 1)
            (static_padding): Identity()
          )
          (_se_expand): Conv2dStaticSamePadding(
            4, 96, kernel_size=(1, 1), stride=(1, 1)
            (static_padding): Identity()
          )
          (_project_conv): Conv2dDynamicSamePadding(96, 24, kernel_size=(1, 1), stride=(1, 1), bias=False)
          (_bn2): BatchNorm2d(24, eps=0.001, momentum=0.010000000000000009, affine=True, track_running_stats=True)
          (_swish): MemoryEfficientSwish()
        )
        (2): MBConvBlock(
          (_expand_conv): Conv2dDynamicSamePadding(24, 144, kernel_size=(1, 1), stride=(1, 1), bias=False)
          (_bn0): BatchNorm2d(144, eps=0.001, momentum=0.010000000000000009, affine=True, track_running_stats=True)
          (_depthwise_conv): Conv2dDynamicSamePadding(144, 144, kernel_size=(3, 3), stride=(1, 1), groups=144, bias=False)
          (_bn1): BatchNorm2d(144, eps=0.001, momentum=0.010000000000000009, affine=True, track_running_stats=True)
          (_se_reduce): Conv2dStaticSamePadding(
            144, 6, kernel_size=(1, 1), stride=(1, 1)
            (static_padding): Identity()
          )
          (_se_expand): Conv2dStaticSamePadding(
            6, 144, kernel_size=(1, 1), stride=(1, 1)
            (static_padding): Identity()
          )
          (_project_conv): Conv2dDynamicSamePadding(144, 24, kernel_size=(1, 1), stride=(1, 1), bias=False)
          (_bn2): BatchNorm2d(24, eps=0.001, momentum=0.010000000000000009, affine=True, track_running_stats=True)
          (_swish): MemoryEfficientSwish()
        )
        (3): MBConvBlock(
          (_expand_conv): Conv2dDynamicSamePadding(24, 144, kernel_size=(1, 1), stride=(1, 1), bias=False)
          (_bn0): BatchNorm2d(144, eps=0.001, momentum=0.010000000000000009, affine=True, track_running_stats=True)
          (_depthwise_conv): Conv2dDynamicSamePadding(144, 144, kernel_size=(5, 5), stride=[2, 2], groups=144, bias=False)
          (_bn1): BatchNorm2d(144, eps=0.001, momentum=0.010000000000000009, affine=True, track_running_stats=True)
          (_se_reduce): Conv2dStaticSamePadding(
            144, 6, kernel_size=(1, 1), stride=(1, 1)
            (static_padding): Identity()
          )
          (_se_expand): Conv2dStaticSamePadding(
            6, 144, kernel_size=(1, 1), stride=(1, 1)
            (static_padding): Identity()
          )
          (_project_conv): Conv2dDynamicSamePadding(144, 40, kernel_size=(1, 1), stride=(1, 1), bias=False)
          (_bn2): BatchNorm2d(40, eps=0.001, momentum=0.010000000000000009, affine=True, track_running_stats=True)
          (_swish): MemoryEfficientSwish()
        )
        (4): MBConvBlock(
          (_expand_conv): Conv2dDynamicSamePadding(40, 240, kernel_size=(1, 1), stride=(1, 1), bias=False)
          (_bn0): BatchNorm2d(240, eps=0.001, momentum=0.010000000000000009, affine=True, track_running_stats=True)
          (_depthwise_conv): Conv2dDynamicSamePadding(240, 240, kernel_size=(5, 5), stride=(1, 1), groups=240, bias=False)
          (_bn1): BatchNorm2d(240, eps=0.001, momentum=0.010000000000000009, affine=True, track_running_stats=True)
          (_se_reduce): Conv2dStaticSamePadding(
            240, 10, kernel_size=(1, 1), stride=(1, 1)
            (static_padding): Identity()
          )
          (_se_expand): Conv2dStaticSamePadding(
            10, 240, kernel_size=(1, 1), stride=(1, 1)
            (static_padding): Identity()
          )
          (_project_conv): Conv2dDynamicSamePadding(240, 40, kernel_size=(1, 1), stride=(1, 1), bias=False)
          (_bn2): BatchNorm2d(40, eps=0.001, momentum=0.010000000000000009, affine=True, track_running_stats=True)
          (_swish): MemoryEfficientSwish()
        )
        (5): MBConvBlock(
          (_expand_conv): Conv2dDynamicSamePadding(40, 240, kernel_size=(1, 1), stride=(1, 1), bias=False)
          (_bn0): BatchNorm2d(240, eps=0.001, momentum=0.010000000000000009, affine=True, track_running_stats=True)
          (_depthwise_conv): Conv2dDynamicSamePadding(240, 240, kernel_size=(3, 3), stride=[2, 2], groups=240, bias=False)
          (_bn1): BatchNorm2d(240, eps=0.001, momentum=0.010000000000000009, affine=True, track_running_stats=True)
          (_se_reduce): Conv2dStaticSamePadding(
            240, 10, kernel_size=(1, 1), stride=(1, 1)
            (static_padding): Identity()
          )
          (_se_expand): Conv2dStaticSamePadding(
            10, 240, kernel_size=(1, 1), stride=(1, 1)
            (static_padding): Identity()
          )
          (_project_conv): Conv2dDynamicSamePadding(240, 80, kernel_size=(1, 1), stride=(1, 1), bias=False)
          (_bn2): BatchNorm2d(80, eps=0.001, momentum=0.010000000000000009, affine=True, track_running_stats=True)
          (_swish): MemoryEfficientSwish()
        )
        (6): MBConvBlock(
          (_expand_conv): Conv2dDynamicSamePadding(80, 480, kernel_size=(1, 1), stride=(1, 1), bias=False)
          (_bn0): BatchNorm2d(480, eps=0.001, momentum=0.010000000000000009, affine=True, track_running_stats=True)
          (_depthwise_conv): Conv2dDynamicSamePadding(480, 480, kernel_size=(3, 3), stride=(1, 1), groups=480, bias=False)
          (_bn1): BatchNorm2d(480, eps=0.001, momentum=0.010000000000000009, affine=True, track_running_stats=True)
          (_se_reduce): Conv2dStaticSamePadding(
            480, 20, kernel_size=(1, 1), stride=(1, 1)
            (static_padding): Identity()
          )
          (_se_expand): Conv2dStaticSamePadding(
            20, 480, kernel_size=(1, 1), stride=(1, 1)
            (static_padding): Identity()
          )
          (_project_conv): Conv2dDynamicSamePadding(480, 80, kernel_size=(1, 1), stride=(1, 1), bias=False)
          (_bn2): BatchNorm2d(80, eps=0.001, momentum=0.010000000000000009, affine=True, track_running_stats=True)
          (_swish): MemoryEfficientSwish()
        )
        (7): MBConvBlock(
          (_expand_conv): Conv2dDynamicSamePadding(80, 480, kernel_size=(1, 1), stride=(1, 1), bias=False)
          (_bn0): BatchNorm2d(480, eps=0.001, momentum=0.010000000000000009, affine=True, track_running_stats=True)
          (_depthwise_conv): Conv2dDynamicSamePadding(480, 480, kernel_size=(3, 3), stride=(1, 1), groups=480, bias=False)
          (_bn1): BatchNorm2d(480, eps=0.001, momentum=0.010000000000000009, affine=True, track_running_stats=True)
          (_se_reduce): Conv2dStaticSamePadding(
            480, 20, kernel_size=(1, 1), stride=(1, 1)
            (static_padding): Identity()
          )
          (_se_expand): Conv2dStaticSamePadding(
            20, 480, kernel_size=(1, 1), stride=(1, 1)
            (static_padding): Identity()
          )
          (_project_conv): Conv2dDynamicSamePadding(480, 80, kernel_size=(1, 1), stride=(1, 1), bias=False)
          (_bn2): BatchNorm2d(80, eps=0.001, momentum=0.010000000000000009, affine=True, track_running_stats=True)
          (_swish): MemoryEfficientSwish()
        )
        (8): MBConvBlock(
          (_expand_conv): Conv2dDynamicSamePadding(80, 480, kernel_size=(1, 1), stride=(1, 1), bias=False)
          (_bn0): BatchNorm2d(480, eps=0.001, momentum=0.010000000000000009, affine=True, track_running_stats=True)
          (_depthwise_conv): Conv2dDynamicSamePadding(480, 480, kernel_size=(5, 5), stride=[1, 1], groups=480, bias=False)
          (_bn1): BatchNorm2d(480, eps=0.001, momentum=0.010000000000000009, affine=True, track_running_stats=True)
          (_se_reduce): Conv2dStaticSamePadding(
            480, 20, kernel_size=(1, 1), stride=(1, 1)
            (static_padding): Identity()
          )
          (_se_expand): Conv2dStaticSamePadding(
            20, 480, kernel_size=(1, 1), stride=(1, 1)
            (static_padding): Identity()
          )
          (_project_conv): Conv2dDynamicSamePadding(480, 112, kernel_size=(1, 1), stride=(1, 1), bias=False)
          (_bn2): BatchNorm2d(112, eps=0.001, momentum=0.010000000000000009, affine=True, track_running_stats=True)
          (_swish): MemoryEfficientSwish()
        )
        (9): MBConvBlock(
          (_expand_conv): Conv2dDynamicSamePadding(112, 672, kernel_size=(1, 1), stride=(1, 1), bias=False)
          (_bn0): BatchNorm2d(672, eps=0.001, momentum=0.010000000000000009, affine=True, track_running_stats=True)
          (_depthwise_conv): Conv2dDynamicSamePadding(672, 672, kernel_size=(5, 5), stride=(1, 1), groups=672, bias=False)
          (_bn1): BatchNorm2d(672, eps=0.001, momentum=0.010000000000000009, affine=True, track_running_stats=True)
          (_se_reduce): Conv2dStaticSamePadding(
            672, 28, kernel_size=(1, 1), stride=(1, 1)
            (static_padding): Identity()
          )
          (_se_expand): Conv2dStaticSamePadding(
            28, 672, kernel_size=(1, 1), stride=(1, 1)
            (static_padding): Identity()
          )
          (_project_conv): Conv2dDynamicSamePadding(672, 112, kernel_size=(1, 1), stride=(1, 1), bias=False)
          (_bn2): BatchNorm2d(112, eps=0.001, momentum=0.010000000000000009, affine=True, track_running_stats=True)
          (_swish): MemoryEfficientSwish()
        )
        (10): MBConvBlock(
          (_expand_conv): Conv2dDynamicSamePadding(112, 672, kernel_size=(1, 1), stride=(1, 1), bias=False)
          (_bn0): BatchNorm2d(672, eps=0.001, momentum=0.010000000000000009, affine=True, track_running_stats=True)
          (_depthwise_conv): Conv2dDynamicSamePadding(672, 672, kernel_size=(5, 5), stride=(1, 1), groups=672, bias=False)
          (_bn1): BatchNorm2d(672, eps=0.001, momentum=0.010000000000000009, affine=True, track_running_stats=True)
          (_se_reduce): Conv2dStaticSamePadding(
            672, 28, kernel_size=(1, 1), stride=(1, 1)
            (static_padding): Identity()
          )
          (_se_expand): Conv2dStaticSamePadding(
            28, 672, kernel_size=(1, 1), stride=(1, 1)
            (static_padding): Identity()
          )
          (_project_conv): Conv2dDynamicSamePadding(672, 112, kernel_size=(1, 1), stride=(1, 1), bias=False)
          (_bn2): BatchNorm2d(112, eps=0.001, momentum=0.010000000000000009, affine=True, track_running_stats=True)
          (_swish): MemoryEfficientSwish()
        )
        (11): MBConvBlock(
          (_expand_conv): Conv2dDynamicSamePadding(112, 672, kernel_size=(1, 1), stride=(1, 1), bias=False)
          (_bn0): BatchNorm2d(672, eps=0.001, momentum=0.010000000000000009, affine=True, track_running_stats=True)
          (_depthwise_conv): Conv2dDynamicSamePadding(672, 672, kernel_size=(5, 5), stride=[2, 2], groups=672, bias=False)
          (_bn1): BatchNorm2d(672, eps=0.001, momentum=0.010000000000000009, affine=True, track_running_stats=True)
          (_se_reduce): Conv2dStaticSamePadding(
            672, 28, kernel_size=(1, 1), stride=(1, 1)
            (static_padding): Identity()
          )
          (_se_expand): Conv2dStaticSamePadding(
            28, 672, kernel_size=(1, 1), stride=(1, 1)
            (static_padding): Identity()
          )
          (_project_conv): Conv2dDynamicSamePadding(672, 192, kernel_size=(1, 1), stride=(1, 1), bias=False)
          (_bn2): BatchNorm2d(192, eps=0.001, momentum=0.010000000000000009, affine=True, track_running_stats=True)
          (_swish): MemoryEfficientSwish()
        )
        (12): MBConvBlock(
          (_expand_conv): Conv2dDynamicSamePadding(192, 1152, kernel_size=(1, 1), stride=(1, 1), bias=False)
          (_bn0): BatchNorm2d(1152, eps=0.001, momentum=0.010000000000000009, affine=True, track_running_stats=True)
          (_depthwise_conv): Conv2dDynamicSamePadding(1152, 1152, kernel_size=(5, 5), stride=(1, 1), groups=1152, bias=False)
          (_bn1): BatchNorm2d(1152, eps=0.001, momentum=0.010000000000000009, affine=True, track_running_stats=True)
          (_se_reduce): Conv2dStaticSamePadding(
            1152, 48, kernel_size=(1, 1), stride=(1, 1)
            (static_padding): Identity()
          )
          (_se_expand): Conv2dStaticSamePadding(
            48, 1152, kernel_size=(1, 1), stride=(1, 1)
            (static_padding): Identity()
          )
          (_project_conv): Conv2dDynamicSamePadding(1152, 192, kernel_size=(1, 1), stride=(1, 1), bias=False)
          (_bn2): BatchNorm2d(192, eps=0.001, momentum=0.010000000000000009, affine=True, track_running_stats=True)
          (_swish): MemoryEfficientSwish()
        )
        (13): MBConvBlock(
          (_expand_conv): Conv2dDynamicSamePadding(192, 1152, kernel_size=(1, 1), stride=(1, 1), bias=False)
          (_bn0): BatchNorm2d(1152, eps=0.001, momentum=0.010000000000000009, affine=True, track_running_stats=True)
          (_depthwise_conv): Conv2dDynamicSamePadding(1152, 1152, kernel_size=(5, 5), stride=(1, 1), groups=1152, bias=False)
          (_bn1): BatchNorm2d(1152, eps=0.001, momentum=0.010000000000000009, affine=True, track_running_stats=True)
          (_se_reduce): Conv2dStaticSamePadding(
            1152, 48, kernel_size=(1, 1), stride=(1, 1)
            (static_padding): Identity()
          )
          (_se_expand): Conv2dStaticSamePadding(
            48, 1152, kernel_size=(1, 1), stride=(1, 1)
            (static_padding): Identity()
          )
          (_project_conv): Conv2dDynamicSamePadding(1152, 192, kernel_size=(1, 1), stride=(1, 1), bias=False)
          (_bn2): BatchNorm2d(192, eps=0.001, momentum=0.010000000000000009, affine=True, track_running_stats=True)
          (_swish): MemoryEfficientSwish()
        )
        (14): MBConvBlock(
          (_expand_conv): Conv2dDynamicSamePadding(192, 1152, kernel_size=(1, 1), stride=(1, 1), bias=False)
          (_bn0): BatchNorm2d(1152, eps=0.001, momentum=0.010000000000000009, affine=True, track_running_stats=True)
          (_depthwise_conv): Conv2dDynamicSamePadding(1152, 1152, kernel_size=(5, 5), stride=(1, 1), groups=1152, bias=False)
          (_bn1): BatchNorm2d(1152, eps=0.001, momentum=0.010000000000000009, affine=True, track_running_stats=True)
          (_se_reduce): Conv2dStaticSamePadding(
            1152, 48, kernel_size=(1, 1), stride=(1, 1)
            (static_padding): Identity()
          )
          (_se_expand): Conv2dStaticSamePadding(
            48, 1152, kernel_size=(1, 1), stride=(1, 1)
            (static_padding): Identity()
          )
          (_project_conv): Conv2dDynamicSamePadding(1152, 192, kernel_size=(1, 1), stride=(1, 1), bias=False)
          (_bn2): BatchNorm2d(192, eps=0.001, momentum=0.010000000000000009, affine=True, track_running_stats=True)
          (_swish): MemoryEfficientSwish()
        )
        (15): MBConvBlock(
          (_expand_conv): Conv2dDynamicSamePadding(192, 1152, kernel_size=(1, 1), stride=(1, 1), bias=False)
          (_bn0): BatchNorm2d(1152, eps=0.001, momentum=0.010000000000000009, affine=True, track_running_stats=True)
          (_depthwise_conv): Conv2dDynamicSamePadding(1152, 1152, kernel_size=(3, 3), stride=[1, 1], groups=1152, bias=False)
          (_bn1): BatchNorm2d(1152, eps=0.001, momentum=0.010000000000000009, affine=True, track_running_stats=True)
          (_se_reduce): Conv2dStaticSamePadding(
            1152, 48, kernel_size=(1, 1), stride=(1, 1)
            (static_padding): Identity()
          )
          (_se_expand): Conv2dStaticSamePadding(
            48, 1152, kernel_size=(1, 1), stride=(1, 1)
            (static_padding): Identity()
          )
          (_project_conv): Conv2dDynamicSamePadding(1152, 320, kernel_size=(1, 1), stride=(1, 1), bias=False)
          (_bn2): BatchNorm2d(320, eps=0.001, momentum=0.010000000000000009, affine=True, track_running_stats=True)
          (_swish): MemoryEfficientSwish()
        )
      )
      (_conv_head): Conv2dDynamicSamePadding(320, 1280, kernel_size=(1, 1), stride=(1, 1), bias=False)
      (_bn1): BatchNorm2d(1280, eps=0.001, momentum=0.010000000000000009, affine=True, track_running_stats=True)
      (_avg_pooling): AdaptiveMaxPool2d(output_size=1)
      (_swish): MemoryEfficientSwish()
    )
  )
  (classifier): Linear(in_features=1280, out_features=6, bias=True)
)
loading from checkpoint only weights : /nlsasfs/home/nltm-pilot/sandeshk/icassp/checkpoints/checkpoint_38_maxpool_256.pth.tar
Model missing keys
['classifier.weight', 'classifier.bias']
Model unexpected keys
[]
freezing effnet weights
done loading
Starting To Train
epoch :1 Train loss: 1.501688003540039 Train accuracy: 0.40896911578056694 Valid loss: 1.765476942062378 Valid accuracy: 0.2692757009345794
epoch :2 Train loss: 1.4106948375701904 Train accuracy: 0.4710196023127909 Valid loss: 1.7569737434387207 Valid accuracy: 0.31133177570093457
epoch :3 Train loss: 1.3976033926010132 Train accuracy: 0.46058383866873503 Valid loss: 1.8002756834030151 Valid accuracy: 0.31366822429906543
epoch :4 Train loss: 1.365332841873169 Train accuracy: 0.5020448455789028 Valid loss: 1.7978343963623047 Valid accuracy: 0.32184579439252337
epoch :5 Train loss: 1.3573428392410278 Train accuracy: 0.4900578197715414 Valid loss: 1.7780086994171143 Valid accuracy: 0.3405373831775701
epoch :6 Train loss: 1.3240464925765991 Train accuracy: 0.5182625863770978 Valid loss: 1.827154517173767 Valid accuracy: 0.33352803738317754
epoch :7 Train loss: 1.3209140300750732 Train accuracy: 0.5224933013679312 Valid loss: 1.8462096452713013 Valid accuracy: 0.3195093457943925
epoch :8 Train loss: 1.3146086931228638 Train accuracy: 0.5301085883514314 Valid loss: 1.837184190750122 Valid accuracy: 0.33294392523364486
epoch :9 Train loss: 1.3055745363235474 Train accuracy: 0.5320829220138203 Valid loss: 1.8044084310531616 Valid accuracy: 0.3522196261682243
epoch :10 Train loss: 1.2818878889083862 Train accuracy: 0.5306726836835425 Valid loss: 1.8273015022277832 Valid accuracy: 0.3428738317757009
epoch :11 Train loss: 1.2702685594558716 Train accuracy: 0.5418135664927373 Valid loss: 1.8578866720199585 Valid accuracy: 0.32067757009345793
epoch :12 Train loss: 1.2673438787460327 Train accuracy: 0.5460442814835708 Valid loss: 1.8535369634628296 Valid accuracy: 0.3382009345794392
epoch :13 Train loss: 1.2460929155349731 Train accuracy: 0.543928923988154 Valid loss: 1.8332864046096802 Valid accuracy: 0.3557242990654206
epoch :14 Train loss: 1.2422887086868286 Train accuracy: 0.5435058524890707 Valid loss: 1.8022308349609375 Valid accuracy: 0.36740654205607476
epoch :15 Train loss: 1.2213292121887207 Train accuracy: 0.5515442109716542 Valid loss: 1.7954001426696777 Valid accuracy: 0.3463785046728972
epoch :16 Train loss: 1.2197449207305908 Train accuracy: 0.553659568467071 Valid loss: 1.8119152784347534 Valid accuracy: 0.34345794392523366
epoch :17 Train loss: 1.2280384302139282 Train accuracy: 0.5457622338175152 Valid loss: 1.7909866571426392 Valid accuracy: 0.3662383177570093
epoch :18 Train loss: 1.222071886062622 Train accuracy: 0.5532364969679876 Valid loss: 1.7905871868133545 Valid accuracy: 0.35630841121495327
epoch :19 Train loss: 1.2413952350616455 Train accuracy: 0.5388520659991538 Valid loss: 1.8069158792495728 Valid accuracy: 0.37149532710280375
epoch :20 Train loss: 1.2027114629745483 Train accuracy: 0.5649414751092935 Valid loss: 1.8247671127319336 Valid accuracy: 0.3557242990654206
epoch :21 Train loss: 1.1987199783325195 Train accuracy: 0.5631081652799323 Valid loss: 1.8124340772628784 Valid accuracy: 0.36507009345794394
epoch :22 Train loss: 1.1928821802139282 Train accuracy: 0.5638132844450712 Valid loss: 1.7890557050704956 Valid accuracy: 0.3522196261682243
epoch :23 Train loss: 1.1834278106689453 Train accuracy: 0.5600056409533211 Valid loss: 1.8012274503707886 Valid accuracy: 0.3685747663551402
epoch :24 Train loss: 1.2038336992263794 Train accuracy: 0.5502749964744041 Valid loss: 1.780533790588379 Valid accuracy: 0.3691588785046729
epoch :25 Train loss: 1.2003647089004517 Train accuracy: 0.5741080242560993 Valid loss: 1.827593207359314 Valid accuracy: 0.3598130841121495
epoch :26 Train loss: 1.1749584674835205 Train accuracy: 0.5714285714285714 Valid loss: 1.7985769510269165 Valid accuracy: 0.36156542056074764
epoch :27 Train loss: 1.1714551448822021 Train accuracy: 0.5736849527570159 Valid loss: 1.8227146863937378 Valid accuracy: 0.3644859813084112
epoch :28 Train loss: 1.189103126525879 Train accuracy: 0.5625440699478211 Valid loss: 1.7876107692718506 Valid accuracy: 0.37792056074766356
epoch :29 Train loss: 1.1974449157714844 Train accuracy: 0.5629671414469045 Valid loss: 1.772918939590454 Valid accuracy: 0.3820093457943925
epoch :30 Train loss: 1.1601800918579102 Train accuracy: 0.5773515724157383 Valid loss: 1.8128072023391724 Valid accuracy: 0.3633177570093458
epoch :31 Train loss: 1.1648722887039185 Train accuracy: 0.5719926667606825 Valid loss: 1.8204635381698608 Valid accuracy: 0.3469626168224299
epoch :32 Train loss: 1.1414748430252075 Train accuracy: 0.5893385982230998 Valid loss: 1.8243893384933472 Valid accuracy: 0.36098130841121495
epoch :33 Train loss: 1.155106544494629 Train accuracy: 0.5694542377661825 Valid loss: 1.80038583278656 Valid accuracy: 0.36565420560747663
epoch :34 Train loss: 1.1453746557235718 Train accuracy: 0.5777746439148216 Valid loss: 1.8129990100860596 Valid accuracy: 0.370911214953271
epoch :35 Train loss: 1.1388241052627563 Train accuracy: 0.588492455224933 Valid loss: 1.8353445529937744 Valid accuracy: 0.36039719626168226
epoch :36 Train loss: 1.1495016813278198 Train accuracy: 0.574249048089127 Valid loss: 1.794249176979065 Valid accuracy: 0.37383177570093457
epoch :37 Train loss: 1.1320948600769043 Train accuracy: 0.5825694542377662 Valid loss: 1.7890883684158325 Valid accuracy: 0.37149532710280375
epoch :38 Train loss: 1.1234946250915527 Train accuracy: 0.5907488365533775 Valid loss: 1.8226001262664795 Valid accuracy: 0.3592289719626168
epoch :39 Train loss: 1.11961829662323 Train accuracy: 0.5848258355662107 Valid loss: 1.805883526802063 Valid accuracy: 0.36682242990654207
epoch :40 Train loss: 1.1219823360443115 Train accuracy: 0.5846848117331829 Valid loss: 1.7780805826187134 Valid accuracy: 0.37383177570093457
epoch :41 Train loss: 1.1145066022872925 Train accuracy: 0.5946975038781555 Valid loss: 1.819968581199646 Valid accuracy: 0.3662383177570093
epoch :42 Train loss: 1.127516746520996 Train accuracy: 0.5853899308983218 Valid loss: 1.7993931770324707 Valid accuracy: 0.3691588785046729
epoch :43 Train loss: 1.1240845918655396 Train accuracy: 0.5845437879001552 Valid loss: 1.813480019569397 Valid accuracy: 0.3639018691588785
epoch :44 Train loss: 1.1285678148269653 Train accuracy: 0.5955436468763221 Valid loss: 1.803310751914978 Valid accuracy: 0.3691588785046729
epoch :45 Train loss: 1.1420230865478516 Train accuracy: 0.5891975743900719 Valid loss: 1.803800344467163 Valid accuracy: 0.37616822429906543
epoch :46 Train loss: 1.1267284154891968 Train accuracy: 0.5975179805387111 Valid loss: 1.8281525373458862 Valid accuracy: 0.375
epoch :47 Train loss: 1.140429973602295 Train accuracy: 0.588492455224933 Valid loss: 1.792576551437378 Valid accuracy: 0.37850467289719625
epoch :48 Train loss: 1.1328681707382202 Train accuracy: 0.6028768861937668 Valid loss: 1.7986299991607666 Valid accuracy: 0.3820093457943925
epoch :49 Train loss: 1.145902156829834 Train accuracy: 0.5913129318854886 Valid loss: 1.7671480178833008 Valid accuracy: 0.3866822429906542
epoch :50 Train loss: 1.111613154411316 Train accuracy: 0.5946975038781555 Valid loss: 1.780056357383728 Valid accuracy: 0.38434579439252337
max train accuracy : 0.6028768861937668
max valid accuracy : 0.3866822429906542
