Downstream Task libri_100
Resume False, load only efficient net True, from path /nlsasfs/home/nltm-pilot/sandeshk/icassp/checkpoints/checkpoint_53_maxpool_pic.pth.tar 
BS 64
complete args Namespace(batch_size=64, down_stream_task='libri_100', epochs=50, exp_root='./exp/libri_100/Max/checkpoint_53_maxpool_pic', final_pooling_type='Max', freeze_effnet=False, load_only_efficientNet=True, pretrain_path='/nlsasfs/home/nltm-pilot/sandeshk/icassp/checkpoints/checkpoint_53_maxpool_pic.pth.tar', resume=False, tag='checkpoint_53_maxpool_pic', use_l2='l2')
DeepCluster_downstream(
  (model_efficient): DataParallel(
    (module): EfficientNet(
      (_conv_stem): Conv2dDynamicSamePadding(1, 32, kernel_size=(3, 3), stride=(2, 2), bias=False)
      (_bn0): BatchNorm2d(32, eps=0.001, momentum=0.010000000000000009, affine=True, track_running_stats=True)
      (_blocks): ModuleList(
        (0): MBConvBlock(
          (_depthwise_conv): Conv2dDynamicSamePadding(32, 32, kernel_size=(3, 3), stride=[1, 1], groups=32, bias=False)
          (_bn1): BatchNorm2d(32, eps=0.001, momentum=0.010000000000000009, affine=True, track_running_stats=True)
          (_se_reduce): Conv2dStaticSamePadding(
            32, 8, kernel_size=(1, 1), stride=(1, 1)
            (static_padding): Identity()
          )
          (_se_expand): Conv2dStaticSamePadding(
            8, 32, kernel_size=(1, 1), stride=(1, 1)
            (static_padding): Identity()
          )
          (_project_conv): Conv2dDynamicSamePadding(32, 16, kernel_size=(1, 1), stride=(1, 1), bias=False)
          (_bn2): BatchNorm2d(16, eps=0.001, momentum=0.010000000000000009, affine=True, track_running_stats=True)
          (_swish): MemoryEfficientSwish()
        )
        (1): MBConvBlock(
          (_expand_conv): Conv2dDynamicSamePadding(16, 96, kernel_size=(1, 1), stride=(1, 1), bias=False)
          (_bn0): BatchNorm2d(96, eps=0.001, momentum=0.010000000000000009, affine=True, track_running_stats=True)
          (_depthwise_conv): Conv2dDynamicSamePadding(96, 96, kernel_size=(3, 3), stride=[2, 2], groups=96, bias=False)
          (_bn1): BatchNorm2d(96, eps=0.001, momentum=0.010000000000000009, affine=True, track_running_stats=True)
          (_se_reduce): Conv2dStaticSamePadding(
            96, 4, kernel_size=(1, 1), stride=(1, 1)
            (static_padding): Identity()
          )
          (_se_expand): Conv2dStaticSamePadding(
            4, 96, kernel_size=(1, 1), stride=(1, 1)
            (static_padding): Identity()
          )
          (_project_conv): Conv2dDynamicSamePadding(96, 24, kernel_size=(1, 1), stride=(1, 1), bias=False)
          (_bn2): BatchNorm2d(24, eps=0.001, momentum=0.010000000000000009, affine=True, track_running_stats=True)
          (_swish): MemoryEfficientSwish()
        )
        (2): MBConvBlock(
          (_expand_conv): Conv2dDynamicSamePadding(24, 144, kernel_size=(1, 1), stride=(1, 1), bias=False)
          (_bn0): BatchNorm2d(144, eps=0.001, momentum=0.010000000000000009, affine=True, track_running_stats=True)
          (_depthwise_conv): Conv2dDynamicSamePadding(144, 144, kernel_size=(3, 3), stride=(1, 1), groups=144, bias=False)
          (_bn1): BatchNorm2d(144, eps=0.001, momentum=0.010000000000000009, affine=True, track_running_stats=True)
          (_se_reduce): Conv2dStaticSamePadding(
            144, 6, kernel_size=(1, 1), stride=(1, 1)
            (static_padding): Identity()
          )
          (_se_expand): Conv2dStaticSamePadding(
            6, 144, kernel_size=(1, 1), stride=(1, 1)
            (static_padding): Identity()
          )
          (_project_conv): Conv2dDynamicSamePadding(144, 24, kernel_size=(1, 1), stride=(1, 1), bias=False)
          (_bn2): BatchNorm2d(24, eps=0.001, momentum=0.010000000000000009, affine=True, track_running_stats=True)
          (_swish): MemoryEfficientSwish()
        )
        (3): MBConvBlock(
          (_expand_conv): Conv2dDynamicSamePadding(24, 144, kernel_size=(1, 1), stride=(1, 1), bias=False)
          (_bn0): BatchNorm2d(144, eps=0.001, momentum=0.010000000000000009, affine=True, track_running_stats=True)
          (_depthwise_conv): Conv2dDynamicSamePadding(144, 144, kernel_size=(5, 5), stride=[2, 2], groups=144, bias=False)
          (_bn1): BatchNorm2d(144, eps=0.001, momentum=0.010000000000000009, affine=True, track_running_stats=True)
          (_se_reduce): Conv2dStaticSamePadding(
            144, 6, kernel_size=(1, 1), stride=(1, 1)
            (static_padding): Identity()
          )
          (_se_expand): Conv2dStaticSamePadding(
            6, 144, kernel_size=(1, 1), stride=(1, 1)
            (static_padding): Identity()
          )
          (_project_conv): Conv2dDynamicSamePadding(144, 40, kernel_size=(1, 1), stride=(1, 1), bias=False)
          (_bn2): BatchNorm2d(40, eps=0.001, momentum=0.010000000000000009, affine=True, track_running_stats=True)
          (_swish): MemoryEfficientSwish()
        )
        (4): MBConvBlock(
          (_expand_conv): Conv2dDynamicSamePadding(40, 240, kernel_size=(1, 1), stride=(1, 1), bias=False)
          (_bn0): BatchNorm2d(240, eps=0.001, momentum=0.010000000000000009, affine=True, track_running_stats=True)
          (_depthwise_conv): Conv2dDynamicSamePadding(240, 240, kernel_size=(5, 5), stride=(1, 1), groups=240, bias=False)
          (_bn1): BatchNorm2d(240, eps=0.001, momentum=0.010000000000000009, affine=True, track_running_stats=True)
          (_se_reduce): Conv2dStaticSamePadding(
            240, 10, kernel_size=(1, 1), stride=(1, 1)
            (static_padding): Identity()
          )
          (_se_expand): Conv2dStaticSamePadding(
            10, 240, kernel_size=(1, 1), stride=(1, 1)
            (static_padding): Identity()
          )
          (_project_conv): Conv2dDynamicSamePadding(240, 40, kernel_size=(1, 1), stride=(1, 1), bias=False)
          (_bn2): BatchNorm2d(40, eps=0.001, momentum=0.010000000000000009, affine=True, track_running_stats=True)
          (_swish): MemoryEfficientSwish()
        )
        (5): MBConvBlock(
          (_expand_conv): Conv2dDynamicSamePadding(40, 240, kernel_size=(1, 1), stride=(1, 1), bias=False)
          (_bn0): BatchNorm2d(240, eps=0.001, momentum=0.010000000000000009, affine=True, track_running_stats=True)
          (_depthwise_conv): Conv2dDynamicSamePadding(240, 240, kernel_size=(3, 3), stride=[2, 2], groups=240, bias=False)
          (_bn1): BatchNorm2d(240, eps=0.001, momentum=0.010000000000000009, affine=True, track_running_stats=True)
          (_se_reduce): Conv2dStaticSamePadding(
            240, 10, kernel_size=(1, 1), stride=(1, 1)
            (static_padding): Identity()
          )
          (_se_expand): Conv2dStaticSamePadding(
            10, 240, kernel_size=(1, 1), stride=(1, 1)
            (static_padding): Identity()
          )
          (_project_conv): Conv2dDynamicSamePadding(240, 80, kernel_size=(1, 1), stride=(1, 1), bias=False)
          (_bn2): BatchNorm2d(80, eps=0.001, momentum=0.010000000000000009, affine=True, track_running_stats=True)
          (_swish): MemoryEfficientSwish()
        )
        (6): MBConvBlock(
          (_expand_conv): Conv2dDynamicSamePadding(80, 480, kernel_size=(1, 1), stride=(1, 1), bias=False)
          (_bn0): BatchNorm2d(480, eps=0.001, momentum=0.010000000000000009, affine=True, track_running_stats=True)
          (_depthwise_conv): Conv2dDynamicSamePadding(480, 480, kernel_size=(3, 3), stride=(1, 1), groups=480, bias=False)
          (_bn1): BatchNorm2d(480, eps=0.001, momentum=0.010000000000000009, affine=True, track_running_stats=True)
          (_se_reduce): Conv2dStaticSamePadding(
            480, 20, kernel_size=(1, 1), stride=(1, 1)
            (static_padding): Identity()
          )
          (_se_expand): Conv2dStaticSamePadding(
            20, 480, kernel_size=(1, 1), stride=(1, 1)
            (static_padding): Identity()
          )
          (_project_conv): Conv2dDynamicSamePadding(480, 80, kernel_size=(1, 1), stride=(1, 1), bias=False)
          (_bn2): BatchNorm2d(80, eps=0.001, momentum=0.010000000000000009, affine=True, track_running_stats=True)
          (_swish): MemoryEfficientSwish()
        )
        (7): MBConvBlock(
          (_expand_conv): Conv2dDynamicSamePadding(80, 480, kernel_size=(1, 1), stride=(1, 1), bias=False)
          (_bn0): BatchNorm2d(480, eps=0.001, momentum=0.010000000000000009, affine=True, track_running_stats=True)
          (_depthwise_conv): Conv2dDynamicSamePadding(480, 480, kernel_size=(3, 3), stride=(1, 1), groups=480, bias=False)
          (_bn1): BatchNorm2d(480, eps=0.001, momentum=0.010000000000000009, affine=True, track_running_stats=True)
          (_se_reduce): Conv2dStaticSamePadding(
            480, 20, kernel_size=(1, 1), stride=(1, 1)
            (static_padding): Identity()
          )
          (_se_expand): Conv2dStaticSamePadding(
            20, 480, kernel_size=(1, 1), stride=(1, 1)
            (static_padding): Identity()
          )
          (_project_conv): Conv2dDynamicSamePadding(480, 80, kernel_size=(1, 1), stride=(1, 1), bias=False)
          (_bn2): BatchNorm2d(80, eps=0.001, momentum=0.010000000000000009, affine=True, track_running_stats=True)
          (_swish): MemoryEfficientSwish()
        )
        (8): MBConvBlock(
          (_expand_conv): Conv2dDynamicSamePadding(80, 480, kernel_size=(1, 1), stride=(1, 1), bias=False)
          (_bn0): BatchNorm2d(480, eps=0.001, momentum=0.010000000000000009, affine=True, track_running_stats=True)
          (_depthwise_conv): Conv2dDynamicSamePadding(480, 480, kernel_size=(5, 5), stride=[1, 1], groups=480, bias=False)
          (_bn1): BatchNorm2d(480, eps=0.001, momentum=0.010000000000000009, affine=True, track_running_stats=True)
          (_se_reduce): Conv2dStaticSamePadding(
            480, 20, kernel_size=(1, 1), stride=(1, 1)
            (static_padding): Identity()
          )
          (_se_expand): Conv2dStaticSamePadding(
            20, 480, kernel_size=(1, 1), stride=(1, 1)
            (static_padding): Identity()
          )
          (_project_conv): Conv2dDynamicSamePadding(480, 112, kernel_size=(1, 1), stride=(1, 1), bias=False)
          (_bn2): BatchNorm2d(112, eps=0.001, momentum=0.010000000000000009, affine=True, track_running_stats=True)
          (_swish): MemoryEfficientSwish()
        )
        (9): MBConvBlock(
          (_expand_conv): Conv2dDynamicSamePadding(112, 672, kernel_size=(1, 1), stride=(1, 1), bias=False)
          (_bn0): BatchNorm2d(672, eps=0.001, momentum=0.010000000000000009, affine=True, track_running_stats=True)
          (_depthwise_conv): Conv2dDynamicSamePadding(672, 672, kernel_size=(5, 5), stride=(1, 1), groups=672, bias=False)
          (_bn1): BatchNorm2d(672, eps=0.001, momentum=0.010000000000000009, affine=True, track_running_stats=True)
          (_se_reduce): Conv2dStaticSamePadding(
            672, 28, kernel_size=(1, 1), stride=(1, 1)
            (static_padding): Identity()
          )
          (_se_expand): Conv2dStaticSamePadding(
            28, 672, kernel_size=(1, 1), stride=(1, 1)
            (static_padding): Identity()
          )
          (_project_conv): Conv2dDynamicSamePadding(672, 112, kernel_size=(1, 1), stride=(1, 1), bias=False)
          (_bn2): BatchNorm2d(112, eps=0.001, momentum=0.010000000000000009, affine=True, track_running_stats=True)
          (_swish): MemoryEfficientSwish()
        )
        (10): MBConvBlock(
          (_expand_conv): Conv2dDynamicSamePadding(112, 672, kernel_size=(1, 1), stride=(1, 1), bias=False)
          (_bn0): BatchNorm2d(672, eps=0.001, momentum=0.010000000000000009, affine=True, track_running_stats=True)
          (_depthwise_conv): Conv2dDynamicSamePadding(672, 672, kernel_size=(5, 5), stride=(1, 1), groups=672, bias=False)
          (_bn1): BatchNorm2d(672, eps=0.001, momentum=0.010000000000000009, affine=True, track_running_stats=True)
          (_se_reduce): Conv2dStaticSamePadding(
            672, 28, kernel_size=(1, 1), stride=(1, 1)
            (static_padding): Identity()
          )
          (_se_expand): Conv2dStaticSamePadding(
            28, 672, kernel_size=(1, 1), stride=(1, 1)
            (static_padding): Identity()
          )
          (_project_conv): Conv2dDynamicSamePadding(672, 112, kernel_size=(1, 1), stride=(1, 1), bias=False)
          (_bn2): BatchNorm2d(112, eps=0.001, momentum=0.010000000000000009, affine=True, track_running_stats=True)
          (_swish): MemoryEfficientSwish()
        )
        (11): MBConvBlock(
          (_expand_conv): Conv2dDynamicSamePadding(112, 672, kernel_size=(1, 1), stride=(1, 1), bias=False)
          (_bn0): BatchNorm2d(672, eps=0.001, momentum=0.010000000000000009, affine=True, track_running_stats=True)
          (_depthwise_conv): Conv2dDynamicSamePadding(672, 672, kernel_size=(5, 5), stride=[2, 2], groups=672, bias=False)
          (_bn1): BatchNorm2d(672, eps=0.001, momentum=0.010000000000000009, affine=True, track_running_stats=True)
          (_se_reduce): Conv2dStaticSamePadding(
            672, 28, kernel_size=(1, 1), stride=(1, 1)
            (static_padding): Identity()
          )
          (_se_expand): Conv2dStaticSamePadding(
            28, 672, kernel_size=(1, 1), stride=(1, 1)
            (static_padding): Identity()
          )
          (_project_conv): Conv2dDynamicSamePadding(672, 192, kernel_size=(1, 1), stride=(1, 1), bias=False)
          (_bn2): BatchNorm2d(192, eps=0.001, momentum=0.010000000000000009, affine=True, track_running_stats=True)
          (_swish): MemoryEfficientSwish()
        )
        (12): MBConvBlock(
          (_expand_conv): Conv2dDynamicSamePadding(192, 1152, kernel_size=(1, 1), stride=(1, 1), bias=False)
          (_bn0): BatchNorm2d(1152, eps=0.001, momentum=0.010000000000000009, affine=True, track_running_stats=True)
          (_depthwise_conv): Conv2dDynamicSamePadding(1152, 1152, kernel_size=(5, 5), stride=(1, 1), groups=1152, bias=False)
          (_bn1): BatchNorm2d(1152, eps=0.001, momentum=0.010000000000000009, affine=True, track_running_stats=True)
          (_se_reduce): Conv2dStaticSamePadding(
            1152, 48, kernel_size=(1, 1), stride=(1, 1)
            (static_padding): Identity()
          )
          (_se_expand): Conv2dStaticSamePadding(
            48, 1152, kernel_size=(1, 1), stride=(1, 1)
            (static_padding): Identity()
          )
          (_project_conv): Conv2dDynamicSamePadding(1152, 192, kernel_size=(1, 1), stride=(1, 1), bias=False)
          (_bn2): BatchNorm2d(192, eps=0.001, momentum=0.010000000000000009, affine=True, track_running_stats=True)
          (_swish): MemoryEfficientSwish()
        )
        (13): MBConvBlock(
          (_expand_conv): Conv2dDynamicSamePadding(192, 1152, kernel_size=(1, 1), stride=(1, 1), bias=False)
          (_bn0): BatchNorm2d(1152, eps=0.001, momentum=0.010000000000000009, affine=True, track_running_stats=True)
          (_depthwise_conv): Conv2dDynamicSamePadding(1152, 1152, kernel_size=(5, 5), stride=(1, 1), groups=1152, bias=False)
          (_bn1): BatchNorm2d(1152, eps=0.001, momentum=0.010000000000000009, affine=True, track_running_stats=True)
          (_se_reduce): Conv2dStaticSamePadding(
            1152, 48, kernel_size=(1, 1), stride=(1, 1)
            (static_padding): Identity()
          )
          (_se_expand): Conv2dStaticSamePadding(
            48, 1152, kernel_size=(1, 1), stride=(1, 1)
            (static_padding): Identity()
          )
          (_project_conv): Conv2dDynamicSamePadding(1152, 192, kernel_size=(1, 1), stride=(1, 1), bias=False)
          (_bn2): BatchNorm2d(192, eps=0.001, momentum=0.010000000000000009, affine=True, track_running_stats=True)
          (_swish): MemoryEfficientSwish()
        )
        (14): MBConvBlock(
          (_expand_conv): Conv2dDynamicSamePadding(192, 1152, kernel_size=(1, 1), stride=(1, 1), bias=False)
          (_bn0): BatchNorm2d(1152, eps=0.001, momentum=0.010000000000000009, affine=True, track_running_stats=True)
          (_depthwise_conv): Conv2dDynamicSamePadding(1152, 1152, kernel_size=(5, 5), stride=(1, 1), groups=1152, bias=False)
          (_bn1): BatchNorm2d(1152, eps=0.001, momentum=0.010000000000000009, affine=True, track_running_stats=True)
          (_se_reduce): Conv2dStaticSamePadding(
            1152, 48, kernel_size=(1, 1), stride=(1, 1)
            (static_padding): Identity()
          )
          (_se_expand): Conv2dStaticSamePadding(
            48, 1152, kernel_size=(1, 1), stride=(1, 1)
            (static_padding): Identity()
          )
          (_project_conv): Conv2dDynamicSamePadding(1152, 192, kernel_size=(1, 1), stride=(1, 1), bias=False)
          (_bn2): BatchNorm2d(192, eps=0.001, momentum=0.010000000000000009, affine=True, track_running_stats=True)
          (_swish): MemoryEfficientSwish()
        )
        (15): MBConvBlock(
          (_expand_conv): Conv2dDynamicSamePadding(192, 1152, kernel_size=(1, 1), stride=(1, 1), bias=False)
          (_bn0): BatchNorm2d(1152, eps=0.001, momentum=0.010000000000000009, affine=True, track_running_stats=True)
          (_depthwise_conv): Conv2dDynamicSamePadding(1152, 1152, kernel_size=(3, 3), stride=[1, 1], groups=1152, bias=False)
          (_bn1): BatchNorm2d(1152, eps=0.001, momentum=0.010000000000000009, affine=True, track_running_stats=True)
          (_se_reduce): Conv2dStaticSamePadding(
            1152, 48, kernel_size=(1, 1), stride=(1, 1)
            (static_padding): Identity()
          )
          (_se_expand): Conv2dStaticSamePadding(
            48, 1152, kernel_size=(1, 1), stride=(1, 1)
            (static_padding): Identity()
          )
          (_project_conv): Conv2dDynamicSamePadding(1152, 320, kernel_size=(1, 1), stride=(1, 1), bias=False)
          (_bn2): BatchNorm2d(320, eps=0.001, momentum=0.010000000000000009, affine=True, track_running_stats=True)
          (_swish): MemoryEfficientSwish()
        )
      )
      (_conv_head): Conv2dDynamicSamePadding(320, 1280, kernel_size=(1, 1), stride=(1, 1), bias=False)
      (_bn1): BatchNorm2d(1280, eps=0.001, momentum=0.010000000000000009, affine=True, track_running_stats=True)
      (_avg_pooling): AdaptiveMaxPool2d(output_size=1)
      (_swish): MemoryEfficientSwish()
    )
  )
  (classifier): Linear(in_features=1280, out_features=585, bias=True)
)
loading from checkpoint only weights : /nlsasfs/home/nltm-pilot/sandeshk/icassp/checkpoints/checkpoint_53_maxpool_pic.pth.tar
Model missing keys
['classifier.weight', 'classifier.bias']
Model unexpected keys
[]
done loading
Starting To Train
epoch :1 Train loss: 0.9323689937591553 Train accuracy: 0.7116951379763469 Valid loss: 1.080757737159729 Valid accuracy: 0.6764190609670637
epoch :2 Train loss: 0.2908114194869995 Train accuracy: 0.9015768725361366 Valid loss: 0.4232804775238037 Valid accuracy: 0.8586194814295726
epoch :3 Train loss: 0.2292640507221222 Train accuracy: 0.9222514235654841 Valid loss: 0.3913823962211609 Valid accuracy: 0.8756131744919411
epoch :4 Train loss: 0.18283043801784515 Train accuracy: 0.939772229522558 Valid loss: 0.3340102732181549 Valid accuracy: 0.8929572529782761
epoch :5 Train loss: 0.16995105147361755 Train accuracy: 0.9444590451160754 Valid loss: 0.3393358290195465 Valid accuracy: 0.8975122634898388
epoch :6 Train loss: 0.09472943097352982 Train accuracy: 0.9666228646517739 Valid loss: 0.24672886729240417 Valid accuracy: 0.9167834618079888
epoch :7 Train loss: 0.0796084851026535 Train accuracy: 0.9727989487516425 Valid loss: 0.25420016050338745 Valid accuracy: 0.9220392431674842
epoch :8 Train loss: 0.09284889698028564 Train accuracy: 0.9695575996495839 Valid loss: 0.25559768080711365 Valid accuracy: 0.9227400140154169
epoch :9 Train loss: 0.06958363205194473 Train accuracy: 0.9763907139728427 Valid loss: 0.23632049560546875 Valid accuracy: 0.9311492641906096
epoch :10 Train loss: 0.08506370335817337 Train accuracy: 0.9764783180026281 Valid loss: 0.2411506474018097 Valid accuracy: 0.9365802382620882
epoch :11 Train loss: 0.06983864307403564 Train accuracy: 0.9773981603153745 Valid loss: 0.2556900084018707 Valid accuracy: 0.9337771548703574
epoch :12 Train loss: 0.0523856095969677 Train accuracy: 0.9857205431449847 Valid loss: 0.20644134283065796 Valid accuracy: 0.9379817799579537
epoch :13 Train loss: 0.05832580849528313 Train accuracy: 0.9822601839684626 Valid loss: 0.23361088335514069 Valid accuracy: 0.9339523475823406
epoch :14 Train loss: 0.04785957932472229 Train accuracy: 0.9874288217257994 Valid loss: 0.19230173528194427 Valid accuracy: 0.9446391030133147
epoch :15 Train loss: 0.051655493676662445 Train accuracy: 0.9846254927726675 Valid loss: 0.23964923620224 Valid accuracy: 0.9325508058864751
epoch :16 Train loss: 0.04935725778341293 Train accuracy: 0.9875602277704775 Valid loss: 0.24645493924617767 Valid accuracy: 0.9358794674141556
epoch :17 Train loss: 0.03653477504849434 Train accuracy: 0.9903197547087166 Valid loss: 0.1890663206577301 Valid accuracy: 0.9509460406447092
epoch :18 Train loss: 0.029994381591677666 Train accuracy: 0.9909767849321068 Valid loss: 0.19139130413532257 Valid accuracy: 0.9451646811492642
epoch :19 Train loss: 0.030997630208730698 Train accuracy: 0.9910643889618922 Valid loss: 0.19472180306911469 Valid accuracy: 0.9476173791170287
epoch :20 Train loss: 0.04349676892161369 Train accuracy: 0.9867279894875164 Valid loss: 0.21541178226470947 Valid accuracy: 0.9428871758934828
epoch :21 Train loss: 0.03560963273048401 Train accuracy: 0.9916338151554972 Valid loss: 0.21216881275177002 Valid accuracy: 0.9479677645409951
epoch :22 Train loss: 0.06035740673542023 Train accuracy: 0.9822601839684626 Valid loss: 0.270624577999115 Valid accuracy: 0.9385073580939033
epoch :23 Train loss: 0.020463010296225548 Train accuracy: 0.9949189662724486 Valid loss: 0.18504133820533752 Valid accuracy: 0.95760336370007
epoch :24 Train loss: 0.057203229516744614 Train accuracy: 0.9877354358300482 Valid loss: 0.24882613122463226 Valid accuracy: 0.9483181499649614
epoch :25 Train loss: 0.027857311069965363 Train accuracy: 0.9923784494086728 Valid loss: 0.1795882284641266 Valid accuracy: 0.950770847932726
epoch :26 Train loss: 0.024032147601246834 Train accuracy: 0.9932106876916338 Valid loss: 0.16441528499126434 Valid accuracy: 0.9567274001401541
epoch :27 Train loss: 0.04508696496486664 Train accuracy: 0.9885676741130092 Valid loss: 0.21286655962467194 Valid accuracy: 0.9437631394533987
epoch :28 Train loss: 0.03875879570841789 Train accuracy: 0.991239597021463 Valid loss: 0.20266173779964447 Valid accuracy: 0.9491941135248774
epoch :29 Train loss: 0.03894508630037308 Train accuracy: 0.9927288655278143 Valid loss: 0.199733167886734 Valid accuracy: 0.9528731604765242
epoch :30 Train loss: 0.01482743676751852 Train accuracy: 0.9953131844064826 Valid loss: 0.15805189311504364 Valid accuracy: 0.9562018220042047
epoch :31 Train loss: 0.015447809360921383 Train accuracy: 0.9951379763469119 Valid loss: 0.16026107966899872 Valid accuracy: 0.956552207428171
epoch :32 Train loss: 0.020283855497837067 Train accuracy: 0.9948313622426631 Valid loss: 0.1656412035226822 Valid accuracy: 0.9581289418360196
epoch :33 Train loss: 0.016110243275761604 Train accuracy: 0.9955321944809461 Valid loss: 0.13819576799869537 Valid accuracy: 0.9637351086194814
epoch :34 Train loss: 0.0071941246278584 Train accuracy: 0.9979413053000438 Valid loss: 0.15104098618030548 Valid accuracy: 0.9667133847231956
epoch :35 Train loss: 0.05722949653863907 Train accuracy: 0.9886552781427945 Valid loss: 0.22481654584407806 Valid accuracy: 0.9467414155571128
epoch :36 Train loss: 0.018879547715187073 Train accuracy: 0.994437144108629 Valid loss: 0.1602960228919983 Valid accuracy: 0.9611072179397337
epoch :37 Train loss: 0.022122200578451157 Train accuracy: 0.9943495400788436 Valid loss: 0.16845466196537018 Valid accuracy: 0.9562018220042047
epoch :38 Train loss: 0.030587704852223396 Train accuracy: 0.99347349978099 Valid loss: 0.17088966071605682 Valid accuracy: 0.9581289418360196
epoch :39 Train loss: 0.011562992818653584 Train accuracy: 0.9964520367936925 Valid loss: 0.1510339379310608 Valid accuracy: 0.9605816398037842
epoch :40 Train loss: 0.031496282666921616 Train accuracy: 0.9939115199299168 Valid loss: 0.17130079865455627 Valid accuracy: 0.9616327960756833
epoch :41 Train loss: 0.014137309975922108 Train accuracy: 0.9962768287341218 Valid loss: 0.15015274286270142 Valid accuracy: 0.9609320252277506
epoch :42 Train loss: 0.023375554010272026 Train accuracy: 0.99526938239159 Valid loss: 0.17897656559944153 Valid accuracy: 0.9588297126839523
epoch :43 Train loss: 0.024392006918787956 Train accuracy: 0.9949627682873412 Valid loss: 0.17943865060806274 Valid accuracy: 0.9607568325157674
epoch :44 Train loss: 0.03964044898748398 Train accuracy: 0.9897065265002191 Valid loss: 0.21704410016536713 Valid accuracy: 0.9470918009810791
epoch :45 Train loss: 0.020287450402975082 Train accuracy: 0.9951379763469119 Valid loss: 0.17685671150684357 Valid accuracy: 0.9577785564120532
epoch :46 Train loss: 0.0117331612855196 Train accuracy: 0.9969776609724047 Valid loss: 0.1584865301847458 Valid accuracy: 0.9598808689558515
epoch :47 Train loss: 0.0056581092067062855 Train accuracy: 0.9986859395532195 Valid loss: 0.12828165292739868 Valid accuracy: 0.964260686755431
epoch :48 Train loss: 0.03109470196068287 Train accuracy: 0.99347349978099 Valid loss: 0.19385124742984772 Valid accuracy: 0.9590049053959355
epoch :49 Train loss: 0.01575210504233837 Train accuracy: 0.9955321944809461 Valid loss: 0.17917704582214355 Valid accuracy: 0.952697967764541
epoch :50 Train loss: 0.0024830205366015434 Train accuracy: 0.9993867717915024 Valid loss: 0.117487832903862 Valid accuracy: 0.9696916608269096
max train accuracy : 0.9993867717915024
max valid accuracy : 0.9696916608269096
